[2026-03-24T16:38:31.698+0000] {local_task_job_runner.py:120} INFO - ::group::Pre task execution logs
[2026-03-24T16:38:31.746+0000] {taskinstance.py:2073} INFO - Dependencies all met for dep_context=non-requeueable deps ti=<TaskInstance: etl_spark_pipeline.generate_data manual__2026-03-24T16:38:30.830933+00:00 [queued]>
[2026-03-24T16:38:31.753+0000] {taskinstance.py:2073} INFO - Dependencies all met for dep_context=requeueable deps ti=<TaskInstance: etl_spark_pipeline.generate_data manual__2026-03-24T16:38:30.830933+00:00 [queued]>
[2026-03-24T16:38:31.754+0000] {taskinstance.py:2303} INFO - Starting attempt 1 of 2
[2026-03-24T16:38:31.765+0000] {taskinstance.py:2327} INFO - Executing <Task(BashOperator): generate_data> on 2026-03-24 16:38:30.830933+00:00
[2026-03-24T16:38:31.773+0000] {standard_task_runner.py:90} INFO - Running: ['airflow', 'tasks', 'run', 'etl_spark_pipeline', 'generate_data', 'manual__2026-03-24T16:38:30.830933+00:00', '--job-id', '2', '--raw', '--subdir', 'DAGS_FOLDER/etl_spark_pipeline.py', '--cfg-path', '/tmp/tmpq0p44ify']
[2026-03-24T16:38:31.776+0000] {standard_task_runner.py:91} INFO - Job 2: Subtask generate_data
[2026-03-24T16:38:31.780+0000] {logging_mixin.py:188} WARNING - /home/airflow/.local/lib/python3.12/site-packages/airflow/task/task_runner/standard_task_runner.py:61 DeprecationWarning: This process (pid=303) is multi-threaded, use of fork() may lead to deadlocks in the child.
[2026-03-24T16:38:31.780+0000] {standard_task_runner.py:63} INFO - Started process 304 to run task
[2026-03-24T16:38:31.828+0000] {task_command.py:426} INFO - Running <TaskInstance: etl_spark_pipeline.generate_data manual__2026-03-24T16:38:30.830933+00:00 [running]> on host 5209f81c23a3
[2026-03-24T16:38:31.903+0000] {taskinstance.py:2644} INFO - Exporting env vars: AIRFLOW_CTX_DAG_OWNER='tori' AIRFLOW_CTX_DAG_ID='etl_spark_pipeline' AIRFLOW_CTX_TASK_ID='generate_data' AIRFLOW_CTX_EXECUTION_DATE='2026-03-24T16:38:30.830933+00:00' AIRFLOW_CTX_TRY_NUMBER='1' AIRFLOW_CTX_DAG_RUN_ID='manual__2026-03-24T16:38:30.830933+00:00'
[2026-03-24T16:38:31.904+0000] {taskinstance.py:430} INFO - ::endgroup::
[2026-03-24T16:38:31.940+0000] {subprocess.py:63} INFO - Tmp dir root location: /tmp
[2026-03-24T16:38:31.941+0000] {subprocess.py:75} INFO - Running command: ['/usr/bin/bash', '-c', 'python /opt/airflow/scripts/generate_data.py']
[2026-03-24T16:38:31.951+0000] {subprocess.py:86} INFO - Output:
[2026-03-24T16:40:39.203+0000] {subprocess.py:93} INFO - Starting data generation...
[2026-03-24T16:40:39.204+0000] {subprocess.py:93} INFO - Generating customers...
[2026-03-24T16:40:39.205+0000] {subprocess.py:93} INFO - Generated 100000 customer records in /opt/airflow/data/raw/customers.csv
[2026-03-24T16:40:39.205+0000] {subprocess.py:93} INFO - Generating suppliers...
[2026-03-24T16:40:39.206+0000] {subprocess.py:93} INFO - Generated 100000 supplier records in /opt/airflow/data/raw/suppliers.csv
[2026-03-24T16:40:39.206+0000] {subprocess.py:93} INFO - Generating products...
[2026-03-24T16:40:39.207+0000] {subprocess.py:93} INFO - Generated 100000 product records in /opt/airflow/data/raw/products.csv
[2026-03-24T16:40:39.208+0000] {subprocess.py:93} INFO - Generating daily sales...
[2026-03-24T16:40:39.208+0000] {subprocess.py:93} INFO - Generated 100000 daily sales records in /opt/airflow/data/raw/daily_sales.csv
[2026-03-24T16:40:39.208+0000] {subprocess.py:93} INFO - All datasets generated successfully.
[2026-03-24T16:40:39.217+0000] {subprocess.py:97} INFO - Command exited with return code 0
[2026-03-24T16:40:39.218+0000] {taskinstance.py:441} INFO - ::group::Post task execution logs
[2026-03-24T16:40:39.239+0000] {taskinstance.py:1205} INFO - Marking task as SUCCESS. dag_id=etl_spark_pipeline, task_id=generate_data, execution_date=20260324T163830, start_date=20260324T163831, end_date=20260324T164039
[2026-03-24T16:40:39.292+0000] {local_task_job_runner.py:240} INFO - Task exited with return code 0
[2026-03-24T16:40:39.308+0000] {taskinstance.py:3482} INFO - 1 downstream tasks scheduled from follow-on schedule check
[2026-03-24T16:40:39.310+0000] {local_task_job_runner.py:222} INFO - ::endgroup::
