[2026-03-24T16:49:30.900+0000] {local_task_job_runner.py:120} INFO - ::group::Pre task execution logs
[2026-03-24T16:49:30.931+0000] {taskinstance.py:2073} INFO - Dependencies all met for dep_context=non-requeueable deps ti=<TaskInstance: etl_spark_pipeline.spark_cleanse_products manual__2026-03-24T16:42:13.371802+00:00 [queued]>
[2026-03-24T16:49:30.940+0000] {taskinstance.py:2073} INFO - Dependencies all met for dep_context=requeueable deps ti=<TaskInstance: etl_spark_pipeline.spark_cleanse_products manual__2026-03-24T16:42:13.371802+00:00 [queued]>
[2026-03-24T16:49:30.940+0000] {taskinstance.py:2303} INFO - Starting attempt 2 of 2
[2026-03-24T16:49:30.954+0000] {taskinstance.py:2327} INFO - Executing <Task(BashOperator): spark_cleanse_products> on 2026-03-24 16:42:13.371802+00:00
[2026-03-24T16:49:30.962+0000] {standard_task_runner.py:90} INFO - Running: ['airflow', 'tasks', 'run', 'etl_spark_pipeline', 'spark_cleanse_products', 'manual__2026-03-24T16:42:13.371802+00:00', '--job-id', '17', '--raw', '--subdir', 'DAGS_FOLDER/etl_spark_pipeline.py', '--cfg-path', '/tmp/tmphzpqd2_a']
[2026-03-24T16:49:30.965+0000] {standard_task_runner.py:91} INFO - Job 17: Subtask spark_cleanse_products
[2026-03-24T16:49:30.967+0000] {logging_mixin.py:188} WARNING - /home/airflow/.local/lib/python3.12/site-packages/airflow/task/task_runner/standard_task_runner.py:61 DeprecationWarning: This process (pid=522) is multi-threaded, use of fork() may lead to deadlocks in the child.
[2026-03-24T16:49:30.968+0000] {standard_task_runner.py:63} INFO - Started process 526 to run task
[2026-03-24T16:49:31.030+0000] {task_command.py:426} INFO - Running <TaskInstance: etl_spark_pipeline.spark_cleanse_products manual__2026-03-24T16:42:13.371802+00:00 [running]> on host 5209f81c23a3
[2026-03-24T16:49:31.123+0000] {taskinstance.py:2644} INFO - Exporting env vars: AIRFLOW_CTX_DAG_OWNER='tori' AIRFLOW_CTX_DAG_ID='etl_spark_pipeline' AIRFLOW_CTX_TASK_ID='spark_cleanse_products' AIRFLOW_CTX_EXECUTION_DATE='2026-03-24T16:42:13.371802+00:00' AIRFLOW_CTX_TRY_NUMBER='2' AIRFLOW_CTX_DAG_RUN_ID='manual__2026-03-24T16:42:13.371802+00:00'
[2026-03-24T16:49:31.124+0000] {taskinstance.py:430} INFO - ::endgroup::
[2026-03-24T16:49:31.146+0000] {subprocess.py:63} INFO - Tmp dir root location: /tmp
[2026-03-24T16:49:31.147+0000] {subprocess.py:75} INFO - Running command: ['/usr/bin/bash', '-c', "\n        /bin/bash -c 'docker exec spark_master /opt/spark/bin/spark-submit         /opt/spark/jobs/spark_cleanse.py         products         /opt/spark/data/raw/products.csv         /opt/spark/data/cleaned/products'\n        "]
[2026-03-24T16:49:31.158+0000] {subprocess.py:86} INFO - Output:
[2026-03-24T16:49:31.181+0000] {subprocess.py:93} INFO - Cannot connect to the Docker daemon at unix:///var/run/docker.sock. Is the docker daemon running?
[2026-03-24T16:49:31.182+0000] {subprocess.py:97} INFO - Command exited with return code 1
[2026-03-24T16:49:31.184+0000] {taskinstance.py:441} INFO - ::group::Post task execution logs
[2026-03-24T16:49:31.193+0000] {taskinstance.py:2890} ERROR - Task failed with exception
Traceback (most recent call last):
  File "/home/airflow/.local/lib/python3.12/site-packages/airflow/models/taskinstance.py", line 465, in _execute_task
    result = _execute_callable(context=context, **execute_callable_kwargs)
             ^^^^^^^^^^^^^^^^^^^^^^^^^^^^^^^^^^^^^^^^^^^^^^^^^^^^^^^^^^^^^
  File "/home/airflow/.local/lib/python3.12/site-packages/airflow/models/taskinstance.py", line 432, in _execute_callable
    return execute_callable(context=context, **execute_callable_kwargs)
           ^^^^^^^^^^^^^^^^^^^^^^^^^^^^^^^^^^^^^^^^^^^^^^^^^^^^^^^^^^^^
  File "/home/airflow/.local/lib/python3.12/site-packages/airflow/models/baseoperator.py", line 400, in wrapper
    return func(self, *args, **kwargs)
           ^^^^^^^^^^^^^^^^^^^^^^^^^^^
  File "/home/airflow/.local/lib/python3.12/site-packages/airflow/operators/bash.py", line 243, in execute
    raise AirflowException(
airflow.exceptions.AirflowException: Bash command failed. The command returned a non-zero exit code 1.
[2026-03-24T16:49:31.198+0000] {taskinstance.py:1205} INFO - Marking task as FAILED. dag_id=etl_spark_pipeline, task_id=spark_cleanse_products, execution_date=20260324T164213, start_date=20260324T164930, end_date=20260324T164931
[2026-03-24T16:49:31.210+0000] {standard_task_runner.py:110} ERROR - Failed to execute job 17 for task spark_cleanse_products (Bash command failed. The command returned a non-zero exit code 1.; 526)
[2026-03-24T16:49:31.264+0000] {local_task_job_runner.py:240} INFO - Task exited with return code 1
[2026-03-24T16:49:31.299+0000] {taskinstance.py:3482} INFO - 0 downstream tasks scheduled from follow-on schedule check
[2026-03-24T16:49:31.301+0000] {local_task_job_runner.py:222} INFO - ::endgroup::
