[2026-03-24T19:02:49.956+0000] {local_task_job_runner.py:120} INFO - ::group::Pre task execution logs
[2026-03-24T19:02:49.985+0000] {taskinstance.py:2073} INFO - Dependencies all met for dep_context=non-requeueable deps ti=<TaskInstance: etl_spark_pipeline.spark_cleanse_customers manual__2026-03-24T19:00:28.634109+00:00 [queued]>
[2026-03-24T19:02:49.992+0000] {taskinstance.py:2073} INFO - Dependencies all met for dep_context=requeueable deps ti=<TaskInstance: etl_spark_pipeline.spark_cleanse_customers manual__2026-03-24T19:00:28.634109+00:00 [queued]>
[2026-03-24T19:02:49.992+0000] {taskinstance.py:2303} INFO - Starting attempt 1 of 2
[2026-03-24T19:02:50.001+0000] {taskinstance.py:2327} INFO - Executing <Task(BashOperator): spark_cleanse_customers> on 2026-03-24 19:00:28.634109+00:00
[2026-03-24T19:02:50.010+0000] {standard_task_runner.py:90} INFO - Running: ['airflow', 'tasks', 'run', 'etl_spark_pipeline', 'spark_cleanse_customers', 'manual__2026-03-24T19:00:28.634109+00:00', '--job-id', '33', '--raw', '--subdir', 'DAGS_FOLDER/etl_spark_pipeline.py', '--cfg-path', '/tmp/tmp597v72tm']
[2026-03-24T19:02:50.013+0000] {logging_mixin.py:188} WARNING - /home/airflow/.local/lib/python3.12/site-packages/airflow/task/task_runner/standard_task_runner.py:61 DeprecationWarning: This process (pid=515) is multi-threaded, use of fork() may lead to deadlocks in the child.
[2026-03-24T19:02:50.013+0000] {standard_task_runner.py:91} INFO - Job 33: Subtask spark_cleanse_customers
[2026-03-24T19:02:50.013+0000] {standard_task_runner.py:63} INFO - Started process 524 to run task
[2026-03-24T19:02:50.061+0000] {task_command.py:426} INFO - Running <TaskInstance: etl_spark_pipeline.spark_cleanse_customers manual__2026-03-24T19:00:28.634109+00:00 [running]> on host 2006b063b9a3
[2026-03-24T19:02:50.144+0000] {taskinstance.py:2644} INFO - Exporting env vars: AIRFLOW_CTX_DAG_OWNER='tori' AIRFLOW_CTX_DAG_ID='etl_spark_pipeline' AIRFLOW_CTX_TASK_ID='spark_cleanse_customers' AIRFLOW_CTX_EXECUTION_DATE='2026-03-24T19:00:28.634109+00:00' AIRFLOW_CTX_TRY_NUMBER='1' AIRFLOW_CTX_DAG_RUN_ID='manual__2026-03-24T19:00:28.634109+00:00'
[2026-03-24T19:02:50.146+0000] {taskinstance.py:430} INFO - ::endgroup::
[2026-03-24T19:02:50.158+0000] {subprocess.py:63} INFO - Tmp dir root location: /tmp
[2026-03-24T19:02:50.159+0000] {subprocess.py:75} INFO - Running command: ['/usr/bin/bash', '-c', 'docker exec spark_master /opt/spark/bin/spark-submit /opt/spark/jobs/spark_cleanse.py customers /opt/spark/data/raw/customers.csv /opt/spark/data/cleaned/customers']
[2026-03-24T19:02:50.169+0000] {subprocess.py:86} INFO - Output:
[2026-03-24T19:02:54.138+0000] {subprocess.py:93} INFO - Traceback (most recent call last):
[2026-03-24T19:02:54.141+0000] {subprocess.py:93} INFO -   File "/opt/spark/jobs/spark_cleanse.py", line 4, in <module>
[2026-03-24T19:02:54.143+0000] {subprocess.py:93} INFO -     from scripts.spark_utils import get_spark_session
[2026-03-24T19:02:54.147+0000] {subprocess.py:93} INFO - ModuleNotFoundError: No module named 'scripts'
[2026-03-24T19:02:54.220+0000] {subprocess.py:93} INFO - 26/03/24 19:02:54 INFO ShutdownHookManager: Shutdown hook called
[2026-03-24T19:02:54.256+0000] {subprocess.py:93} INFO - 26/03/24 19:02:54 INFO ShutdownHookManager: Deleting directory /tmp/spark-22b19d29-d1fd-4b33-b53e-6666bd0c05e9
[2026-03-24T19:02:54.340+0000] {subprocess.py:97} INFO - Command exited with return code 1
[2026-03-24T19:02:54.342+0000] {taskinstance.py:441} INFO - ::group::Post task execution logs
[2026-03-24T19:02:54.361+0000] {taskinstance.py:2890} ERROR - Task failed with exception
Traceback (most recent call last):
  File "/home/airflow/.local/lib/python3.12/site-packages/airflow/models/taskinstance.py", line 465, in _execute_task
    result = _execute_callable(context=context, **execute_callable_kwargs)
             ^^^^^^^^^^^^^^^^^^^^^^^^^^^^^^^^^^^^^^^^^^^^^^^^^^^^^^^^^^^^^
  File "/home/airflow/.local/lib/python3.12/site-packages/airflow/models/taskinstance.py", line 432, in _execute_callable
    return execute_callable(context=context, **execute_callable_kwargs)
           ^^^^^^^^^^^^^^^^^^^^^^^^^^^^^^^^^^^^^^^^^^^^^^^^^^^^^^^^^^^^
  File "/home/airflow/.local/lib/python3.12/site-packages/airflow/models/baseoperator.py", line 400, in wrapper
    return func(self, *args, **kwargs)
           ^^^^^^^^^^^^^^^^^^^^^^^^^^^
  File "/home/airflow/.local/lib/python3.12/site-packages/airflow/operators/bash.py", line 243, in execute
    raise AirflowException(
airflow.exceptions.AirflowException: Bash command failed. The command returned a non-zero exit code 1.
[2026-03-24T19:02:54.376+0000] {taskinstance.py:1205} INFO - Marking task as UP_FOR_RETRY. dag_id=etl_spark_pipeline, task_id=spark_cleanse_customers, execution_date=20260324T190028, start_date=20260324T190249, end_date=20260324T190254
[2026-03-24T19:02:54.400+0000] {standard_task_runner.py:110} ERROR - Failed to execute job 33 for task spark_cleanse_customers (Bash command failed. The command returned a non-zero exit code 1.; 524)
[2026-03-24T19:02:54.420+0000] {local_task_job_runner.py:240} INFO - Task exited with return code 1
[2026-03-24T19:02:54.460+0000] {taskinstance.py:3482} INFO - 0 downstream tasks scheduled from follow-on schedule check
[2026-03-24T19:02:54.462+0000] {local_task_job_runner.py:222} INFO - ::endgroup::
