[2026-03-24T19:00:29.702+0000] {local_task_job_runner.py:120} INFO - ::group::Pre task execution logs
[2026-03-24T19:00:29.737+0000] {taskinstance.py:2073} INFO - Dependencies all met for dep_context=non-requeueable deps ti=<TaskInstance: etl_spark_pipeline.generate_data manual__2026-03-24T19:00:28.634109+00:00 [queued]>
[2026-03-24T19:00:29.745+0000] {taskinstance.py:2073} INFO - Dependencies all met for dep_context=requeueable deps ti=<TaskInstance: etl_spark_pipeline.generate_data manual__2026-03-24T19:00:28.634109+00:00 [queued]>
[2026-03-24T19:00:29.746+0000] {taskinstance.py:2303} INFO - Starting attempt 1 of 2
[2026-03-24T19:00:29.756+0000] {taskinstance.py:2327} INFO - Executing <Task(BashOperator): generate_data> on 2026-03-24 19:00:28.634109+00:00
[2026-03-24T19:00:29.763+0000] {standard_task_runner.py:90} INFO - Running: ['airflow', 'tasks', 'run', 'etl_spark_pipeline', 'generate_data', 'manual__2026-03-24T19:00:28.634109+00:00', '--job-id', '29', '--raw', '--subdir', 'DAGS_FOLDER/etl_spark_pipeline.py', '--cfg-path', '/tmp/tmpzlmqdfxt']
[2026-03-24T19:00:29.766+0000] {logging_mixin.py:188} WARNING - /home/airflow/.local/lib/python3.12/site-packages/airflow/task/task_runner/standard_task_runner.py:61 DeprecationWarning: This process (pid=481) is multi-threaded, use of fork() may lead to deadlocks in the child.
[2026-03-24T19:00:29.766+0000] {standard_task_runner.py:91} INFO - Job 29: Subtask generate_data
[2026-03-24T19:00:29.767+0000] {standard_task_runner.py:63} INFO - Started process 482 to run task
[2026-03-24T19:00:29.821+0000] {task_command.py:426} INFO - Running <TaskInstance: etl_spark_pipeline.generate_data manual__2026-03-24T19:00:28.634109+00:00 [running]> on host 2006b063b9a3
[2026-03-24T19:00:29.902+0000] {taskinstance.py:2644} INFO - Exporting env vars: AIRFLOW_CTX_DAG_OWNER='tori' AIRFLOW_CTX_DAG_ID='etl_spark_pipeline' AIRFLOW_CTX_TASK_ID='generate_data' AIRFLOW_CTX_EXECUTION_DATE='2026-03-24T19:00:28.634109+00:00' AIRFLOW_CTX_TRY_NUMBER='1' AIRFLOW_CTX_DAG_RUN_ID='manual__2026-03-24T19:00:28.634109+00:00'
[2026-03-24T19:00:29.903+0000] {taskinstance.py:430} INFO - ::endgroup::
[2026-03-24T19:00:29.919+0000] {subprocess.py:63} INFO - Tmp dir root location: /tmp
[2026-03-24T19:00:29.920+0000] {subprocess.py:75} INFO - Running command: ['/usr/bin/bash', '-c', 'python /opt/airflow/scripts/generate_data.py']
[2026-03-24T19:00:29.929+0000] {subprocess.py:86} INFO - Output:
[2026-03-24T19:02:48.461+0000] {subprocess.py:93} INFO - Starting data generation...
[2026-03-24T19:02:48.462+0000] {subprocess.py:93} INFO - Generating customers...
[2026-03-24T19:02:48.462+0000] {subprocess.py:93} INFO - Generated 100000 customer records in /opt/airflow/data/raw/customers.csv
[2026-03-24T19:02:48.463+0000] {subprocess.py:93} INFO - Generating suppliers...
[2026-03-24T19:02:48.463+0000] {subprocess.py:93} INFO - Generated 100000 supplier records in /opt/airflow/data/raw/suppliers.csv
[2026-03-24T19:02:48.464+0000] {subprocess.py:93} INFO - Generating products...
[2026-03-24T19:02:48.464+0000] {subprocess.py:93} INFO - Generated 100000 product records in /opt/airflow/data/raw/products.csv
[2026-03-24T19:02:48.464+0000] {subprocess.py:93} INFO - Generating daily sales...
[2026-03-24T19:02:48.464+0000] {subprocess.py:93} INFO - Generated 100000 daily sales records in /opt/airflow/data/raw/daily_sales.csv
[2026-03-24T19:02:48.465+0000] {subprocess.py:93} INFO - All datasets generated successfully.
[2026-03-24T19:02:48.478+0000] {subprocess.py:97} INFO - Command exited with return code 0
[2026-03-24T19:02:48.479+0000] {taskinstance.py:441} INFO - ::group::Post task execution logs
[2026-03-24T19:02:48.500+0000] {taskinstance.py:1205} INFO - Marking task as SUCCESS. dag_id=etl_spark_pipeline, task_id=generate_data, execution_date=20260324T190028, start_date=20260324T190029, end_date=20260324T190248
[2026-03-24T19:02:48.535+0000] {local_task_job_runner.py:240} INFO - Task exited with return code 0
[2026-03-24T19:02:48.555+0000] {taskinstance.py:3482} INFO - 1 downstream tasks scheduled from follow-on schedule check
[2026-03-24T19:02:48.557+0000] {local_task_job_runner.py:222} INFO - ::endgroup::
