[2026-03-24T19:07:54.833+0000] {local_task_job_runner.py:120} INFO - ::group::Pre task execution logs
[2026-03-24T19:07:54.863+0000] {taskinstance.py:2073} INFO - Dependencies all met for dep_context=non-requeueable deps ti=<TaskInstance: etl_spark_pipeline.spark_cleanse_products manual__2026-03-24T19:00:28.634109+00:00 [queued]>
[2026-03-24T19:07:54.870+0000] {taskinstance.py:2073} INFO - Dependencies all met for dep_context=requeueable deps ti=<TaskInstance: etl_spark_pipeline.spark_cleanse_products manual__2026-03-24T19:00:28.634109+00:00 [queued]>
[2026-03-24T19:07:54.871+0000] {taskinstance.py:2303} INFO - Starting attempt 2 of 2
[2026-03-24T19:07:54.882+0000] {taskinstance.py:2327} INFO - Executing <Task(BashOperator): spark_cleanse_products> on 2026-03-24 19:00:28.634109+00:00
[2026-03-24T19:07:54.897+0000] {standard_task_runner.py:90} INFO - Running: ['airflow', 'tasks', 'run', 'etl_spark_pipeline', 'spark_cleanse_products', 'manual__2026-03-24T19:00:28.634109+00:00', '--job-id', '44', '--raw', '--subdir', 'DAGS_FOLDER/etl_spark_pipeline.py', '--cfg-path', '/tmp/tmpc0dw2v5x']
[2026-03-24T19:07:54.900+0000] {standard_task_runner.py:91} INFO - Job 44: Subtask spark_cleanse_products
[2026-03-24T19:07:54.900+0000] {logging_mixin.py:188} WARNING - /home/airflow/.local/lib/python3.12/site-packages/airflow/task/task_runner/standard_task_runner.py:61 DeprecationWarning: This process (pid=647) is multi-threaded, use of fork() may lead to deadlocks in the child.
[2026-03-24T19:07:54.901+0000] {standard_task_runner.py:63} INFO - Started process 654 to run task
[2026-03-24T19:07:54.950+0000] {task_command.py:426} INFO - Running <TaskInstance: etl_spark_pipeline.spark_cleanse_products manual__2026-03-24T19:00:28.634109+00:00 [running]> on host 2006b063b9a3
[2026-03-24T19:07:55.024+0000] {taskinstance.py:2644} INFO - Exporting env vars: AIRFLOW_CTX_DAG_OWNER='tori' AIRFLOW_CTX_DAG_ID='etl_spark_pipeline' AIRFLOW_CTX_TASK_ID='spark_cleanse_products' AIRFLOW_CTX_EXECUTION_DATE='2026-03-24T19:00:28.634109+00:00' AIRFLOW_CTX_TRY_NUMBER='2' AIRFLOW_CTX_DAG_RUN_ID='manual__2026-03-24T19:00:28.634109+00:00'
[2026-03-24T19:07:55.024+0000] {taskinstance.py:430} INFO - ::endgroup::
[2026-03-24T19:07:55.037+0000] {subprocess.py:63} INFO - Tmp dir root location: /tmp
[2026-03-24T19:07:55.039+0000] {subprocess.py:75} INFO - Running command: ['/usr/bin/bash', '-c', 'docker exec spark_master /opt/spark/bin/spark-submit /opt/spark/jobs/spark_cleanse.py products /opt/spark/data/raw/products.csv /opt/spark/data/cleaned/products']
[2026-03-24T19:07:55.047+0000] {subprocess.py:86} INFO - Output:
[2026-03-24T19:07:58.217+0000] {subprocess.py:93} INFO - Traceback (most recent call last):
[2026-03-24T19:07:58.218+0000] {subprocess.py:93} INFO -   File "/opt/spark/jobs/spark_cleanse.py", line 4, in <module>
[2026-03-24T19:07:58.219+0000] {subprocess.py:93} INFO -     from scripts.spark_utils import get_spark_session
[2026-03-24T19:07:58.220+0000] {subprocess.py:93} INFO - ModuleNotFoundError: No module named 'scripts'
[2026-03-24T19:07:58.271+0000] {subprocess.py:93} INFO - 26/03/24 19:07:58 INFO ShutdownHookManager: Shutdown hook called
[2026-03-24T19:07:58.284+0000] {subprocess.py:93} INFO - 26/03/24 19:07:58 INFO ShutdownHookManager: Deleting directory /tmp/spark-96bf2709-bcd7-44e8-b90d-bd8001ea4267
[2026-03-24T19:07:58.333+0000] {subprocess.py:97} INFO - Command exited with return code 1
[2026-03-24T19:07:58.334+0000] {taskinstance.py:441} INFO - ::group::Post task execution logs
[2026-03-24T19:07:58.348+0000] {taskinstance.py:2890} ERROR - Task failed with exception
Traceback (most recent call last):
  File "/home/airflow/.local/lib/python3.12/site-packages/airflow/models/taskinstance.py", line 465, in _execute_task
    result = _execute_callable(context=context, **execute_callable_kwargs)
             ^^^^^^^^^^^^^^^^^^^^^^^^^^^^^^^^^^^^^^^^^^^^^^^^^^^^^^^^^^^^^
  File "/home/airflow/.local/lib/python3.12/site-packages/airflow/models/taskinstance.py", line 432, in _execute_callable
    return execute_callable(context=context, **execute_callable_kwargs)
           ^^^^^^^^^^^^^^^^^^^^^^^^^^^^^^^^^^^^^^^^^^^^^^^^^^^^^^^^^^^^
  File "/home/airflow/.local/lib/python3.12/site-packages/airflow/models/baseoperator.py", line 400, in wrapper
    return func(self, *args, **kwargs)
           ^^^^^^^^^^^^^^^^^^^^^^^^^^^
  File "/home/airflow/.local/lib/python3.12/site-packages/airflow/operators/bash.py", line 243, in execute
    raise AirflowException(
airflow.exceptions.AirflowException: Bash command failed. The command returned a non-zero exit code 1.
[2026-03-24T19:07:58.359+0000] {taskinstance.py:1205} INFO - Marking task as FAILED. dag_id=etl_spark_pipeline, task_id=spark_cleanse_products, execution_date=20260324T190028, start_date=20260324T190754, end_date=20260324T190758
[2026-03-24T19:07:58.376+0000] {standard_task_runner.py:110} ERROR - Failed to execute job 44 for task spark_cleanse_products (Bash command failed. The command returned a non-zero exit code 1.; 654)
[2026-03-24T19:07:58.424+0000] {local_task_job_runner.py:240} INFO - Task exited with return code 1
[2026-03-24T19:07:58.445+0000] {taskinstance.py:3482} INFO - 0 downstream tasks scheduled from follow-on schedule check
[2026-03-24T19:07:58.449+0000] {local_task_job_runner.py:222} INFO - ::endgroup::
