[2026-03-25T16:17:48.106+0000] {local_task_job_runner.py:120} INFO - ::group::Pre task execution logs
[2026-03-25T16:17:48.132+0000] {taskinstance.py:2073} INFO - Dependencies all met for dep_context=non-requeueable deps ti=<TaskInstance: etl_spark_pipeline.spark_cleanse_products manual__2026-03-25T16:15:40.703165+00:00 [queued]>
[2026-03-25T16:17:48.140+0000] {taskinstance.py:2073} INFO - Dependencies all met for dep_context=requeueable deps ti=<TaskInstance: etl_spark_pipeline.spark_cleanse_products manual__2026-03-25T16:15:40.703165+00:00 [queued]>
[2026-03-25T16:17:48.140+0000] {taskinstance.py:2303} INFO - Starting attempt 1 of 2
[2026-03-25T16:17:48.151+0000] {taskinstance.py:2327} INFO - Executing <Task(BashOperator): spark_cleanse_products> on 2026-03-25 16:15:40.703165+00:00
[2026-03-25T16:17:48.159+0000] {standard_task_runner.py:90} INFO - Running: ['airflow', 'tasks', 'run', 'etl_spark_pipeline', 'spark_cleanse_products', 'manual__2026-03-25T16:15:40.703165+00:00', '--job-id', '60', '--raw', '--subdir', 'DAGS_FOLDER/etl_spark_pipeline.py', '--cfg-path', '/tmp/tmp2m_ku9y5']
[2026-03-25T16:17:48.162+0000] {logging_mixin.py:188} WARNING - /home/airflow/.local/lib/python3.12/site-packages/airflow/task/task_runner/standard_task_runner.py:61 DeprecationWarning: This process (pid=295) is multi-threaded, use of fork() may lead to deadlocks in the child.
[2026-03-25T16:17:48.163+0000] {standard_task_runner.py:91} INFO - Job 60: Subtask spark_cleanse_products
[2026-03-25T16:17:48.163+0000] {standard_task_runner.py:63} INFO - Started process 299 to run task
[2026-03-25T16:17:48.217+0000] {task_command.py:426} INFO - Running <TaskInstance: etl_spark_pipeline.spark_cleanse_products manual__2026-03-25T16:15:40.703165+00:00 [running]> on host 6c4ceadaff0b
[2026-03-25T16:17:48.293+0000] {taskinstance.py:2644} INFO - Exporting env vars: AIRFLOW_CTX_DAG_OWNER='tori' AIRFLOW_CTX_DAG_ID='etl_spark_pipeline' AIRFLOW_CTX_TASK_ID='spark_cleanse_products' AIRFLOW_CTX_EXECUTION_DATE='2026-03-25T16:15:40.703165+00:00' AIRFLOW_CTX_TRY_NUMBER='1' AIRFLOW_CTX_DAG_RUN_ID='manual__2026-03-25T16:15:40.703165+00:00'
[2026-03-25T16:17:48.294+0000] {taskinstance.py:430} INFO - ::endgroup::
[2026-03-25T16:17:48.306+0000] {subprocess.py:63} INFO - Tmp dir root location: /tmp
[2026-03-25T16:17:48.308+0000] {subprocess.py:75} INFO - Running command: ['/usr/bin/bash', '-c', 'docker exec spark_master /opt/spark/bin/spark-submit /opt/spark/jobs/spark_cleanse.py products /opt/spark/data/raw/products.csv /opt/spark/data/cleaned/products']
[2026-03-25T16:17:48.316+0000] {subprocess.py:86} INFO - Output:
[2026-03-25T16:17:50.740+0000] {subprocess.py:93} INFO - 26/03/25 16:17:50 INFO SparkContext: Running Spark version 3.5.7
[2026-03-25T16:17:50.742+0000] {subprocess.py:93} INFO - 26/03/25 16:17:50 INFO SparkContext: OS info Linux, 6.6.87.2-microsoft-standard-WSL2, amd64
[2026-03-25T16:17:50.747+0000] {subprocess.py:93} INFO - 26/03/25 16:17:50 INFO SparkContext: Java version 17.0.18
[2026-03-25T16:17:50.789+0000] {subprocess.py:93} INFO - 26/03/25 16:17:50 WARN NativeCodeLoader: Unable to load native-hadoop library for your platform... using builtin-java classes where applicable
[2026-03-25T16:17:50.869+0000] {subprocess.py:93} INFO - 26/03/25 16:17:50 INFO ResourceUtils: ==============================================================
[2026-03-25T16:17:50.870+0000] {subprocess.py:93} INFO - 26/03/25 16:17:50 INFO ResourceUtils: No custom resources configured for spark.driver.
[2026-03-25T16:17:50.871+0000] {subprocess.py:93} INFO - 26/03/25 16:17:50 INFO ResourceUtils: ==============================================================
[2026-03-25T16:17:50.871+0000] {subprocess.py:93} INFO - 26/03/25 16:17:50 INFO SparkContext: Submitted application: clean_products
[2026-03-25T16:17:50.894+0000] {subprocess.py:93} INFO - 26/03/25 16:17:50 INFO ResourceProfile: Default ResourceProfile created, executor resources: Map(memory -> name: memory, amount: 1024, script: , vendor: , offHeap -> name: offHeap, amount: 0, script: , vendor: ), task resources: Map(cpus -> name: cpus, amount: 1.0)
[2026-03-25T16:17:50.900+0000] {subprocess.py:93} INFO - 26/03/25 16:17:50 INFO ResourceProfile: Limiting resource is cpu
[2026-03-25T16:17:50.902+0000] {subprocess.py:93} INFO - 26/03/25 16:17:50 INFO ResourceProfileManager: Added ResourceProfile id: 0
[2026-03-25T16:17:50.955+0000] {subprocess.py:93} INFO - 26/03/25 16:17:50 INFO SecurityManager: Changing view acls to: spark
[2026-03-25T16:17:50.956+0000] {subprocess.py:93} INFO - 26/03/25 16:17:50 INFO SecurityManager: Changing modify acls to: spark
[2026-03-25T16:17:50.957+0000] {subprocess.py:93} INFO - 26/03/25 16:17:50 INFO SecurityManager: Changing view acls groups to:
[2026-03-25T16:17:50.957+0000] {subprocess.py:93} INFO - 26/03/25 16:17:50 INFO SecurityManager: Changing modify acls groups to:
[2026-03-25T16:17:50.958+0000] {subprocess.py:93} INFO - 26/03/25 16:17:50 INFO SecurityManager: SecurityManager: authentication disabled; ui acls disabled; users with view permissions: spark; groups with view permissions: EMPTY; users with modify permissions: spark; groups with modify permissions: EMPTY
[2026-03-25T16:17:51.197+0000] {subprocess.py:93} INFO - 26/03/25 16:17:51 INFO Utils: Successfully started service 'sparkDriver' on port 40015.
[2026-03-25T16:17:51.230+0000] {subprocess.py:93} INFO - 26/03/25 16:17:51 INFO SparkEnv: Registering MapOutputTracker
[2026-03-25T16:17:51.274+0000] {subprocess.py:93} INFO - 26/03/25 16:17:51 INFO SparkEnv: Registering BlockManagerMaster
[2026-03-25T16:17:51.295+0000] {subprocess.py:93} INFO - 26/03/25 16:17:51 INFO BlockManagerMasterEndpoint: Using org.apache.spark.storage.DefaultTopologyMapper for getting topology information
[2026-03-25T16:17:51.296+0000] {subprocess.py:93} INFO - 26/03/25 16:17:51 INFO BlockManagerMasterEndpoint: BlockManagerMasterEndpoint up
[2026-03-25T16:17:51.300+0000] {subprocess.py:93} INFO - 26/03/25 16:17:51 INFO SparkEnv: Registering BlockManagerMasterHeartbeat
[2026-03-25T16:17:51.329+0000] {subprocess.py:93} INFO - 26/03/25 16:17:51 INFO DiskBlockManager: Created local directory at /tmp/blockmgr-25e43e3b-fcbd-4c9e-bc69-385a3b62c86e
[2026-03-25T16:17:51.344+0000] {subprocess.py:93} INFO - 26/03/25 16:17:51 INFO MemoryStore: MemoryStore started with capacity 434.4 MiB
[2026-03-25T16:17:51.363+0000] {subprocess.py:93} INFO - 26/03/25 16:17:51 INFO SparkEnv: Registering OutputCommitCoordinator
[2026-03-25T16:17:51.495+0000] {subprocess.py:93} INFO - 26/03/25 16:17:51 INFO JettyUtils: Start Jetty 0.0.0.0:4040 for SparkUI
[2026-03-25T16:17:51.561+0000] {subprocess.py:93} INFO - 26/03/25 16:17:51 WARN Utils: Service 'SparkUI' could not bind on port 4040. Attempting port 4041.
[2026-03-25T16:17:51.562+0000] {subprocess.py:93} INFO - 26/03/25 16:17:51 WARN Utils: Service 'SparkUI' could not bind on port 4041. Attempting port 4042.
[2026-03-25T16:17:51.563+0000] {subprocess.py:93} INFO - 26/03/25 16:17:51 WARN Utils: Service 'SparkUI' could not bind on port 4042. Attempting port 4043.
[2026-03-25T16:17:51.574+0000] {subprocess.py:93} INFO - 26/03/25 16:17:51 INFO Utils: Successfully started service 'SparkUI' on port 4043.
[2026-03-25T16:17:51.716+0000] {subprocess.py:93} INFO - 26/03/25 16:17:51 INFO StandaloneAppClient$ClientEndpoint: Connecting to master spark://spark-master:7077...
[2026-03-25T16:17:51.768+0000] {subprocess.py:93} INFO - 26/03/25 16:17:51 INFO TransportClientFactory: Successfully created connection to spark-master/172.18.0.3:7077 after 27 ms (0 ms spent in bootstraps)
[2026-03-25T16:17:51.998+0000] {subprocess.py:93} INFO - 26/03/25 16:17:51 INFO StandaloneSchedulerBackend: Connected to Spark cluster with app ID app-20260325161751-0000
[2026-03-25T16:17:52.005+0000] {subprocess.py:93} INFO - 26/03/25 16:17:52 INFO Utils: Successfully started service 'org.apache.spark.network.netty.NettyBlockTransferService' on port 34595.
[2026-03-25T16:17:52.006+0000] {subprocess.py:93} INFO - 26/03/25 16:17:52 INFO NettyBlockTransferService: Server created on 58f7d80760c1:34595
[2026-03-25T16:17:52.006+0000] {subprocess.py:93} INFO - 26/03/25 16:17:52 INFO BlockManager: Using org.apache.spark.storage.RandomBlockReplicationPolicy for block replication policy
[2026-03-25T16:17:52.013+0000] {subprocess.py:93} INFO - 26/03/25 16:17:52 INFO BlockManagerMaster: Registering BlockManager BlockManagerId(driver, 58f7d80760c1, 34595, None)
[2026-03-25T16:17:52.015+0000] {subprocess.py:93} INFO - 26/03/25 16:17:52 INFO StandaloneAppClient$ClientEndpoint: Executor added: app-20260325161751-0000/0 on worker-20260325160858-172.18.0.4-46259 (172.18.0.4:46259) with 16 core(s)
[2026-03-25T16:17:52.018+0000] {subprocess.py:93} INFO - 26/03/25 16:17:52 INFO BlockManagerMasterEndpoint: Registering block manager 58f7d80760c1:34595 with 434.4 MiB RAM, BlockManagerId(driver, 58f7d80760c1, 34595, None)
[2026-03-25T16:17:52.019+0000] {subprocess.py:93} INFO - 26/03/25 16:17:52 INFO StandaloneSchedulerBackend: Granted executor ID app-20260325161751-0000/0 on hostPort 172.18.0.4:46259 with 16 core(s), 1024.0 MiB RAM
[2026-03-25T16:17:52.020+0000] {subprocess.py:93} INFO - 26/03/25 16:17:52 INFO BlockManagerMaster: Registered BlockManager BlockManagerId(driver, 58f7d80760c1, 34595, None)
[2026-03-25T16:17:52.022+0000] {subprocess.py:93} INFO - 26/03/25 16:17:52 INFO BlockManager: Initialized BlockManager: BlockManagerId(driver, 58f7d80760c1, 34595, None)
[2026-03-25T16:17:52.231+0000] {subprocess.py:93} INFO - 26/03/25 16:17:52 INFO StandaloneSchedulerBackend: SchedulerBackend is ready for scheduling beginning after reached minRegisteredResourcesRatio: 0.0
[2026-03-25T16:17:52.536+0000] {subprocess.py:93} INFO - 26/03/25 16:17:52 INFO SharedState: Setting hive.metastore.warehouse.dir ('null') to the value of spark.sql.warehouse.dir.
[2026-03-25T16:17:52.548+0000] {subprocess.py:93} INFO - 26/03/25 16:17:52 INFO SharedState: Warehouse path is 'file:/opt/spark/work-dir/spark-warehouse'.
[2026-03-25T16:17:52.604+0000] {subprocess.py:93} INFO - 26/03/25 16:17:52 INFO StandaloneAppClient$ClientEndpoint: Executor updated: app-20260325161751-0000/0 is now RUNNING
[2026-03-25T16:17:53.506+0000] {subprocess.py:93} INFO - 26/03/25 16:17:53 INFO InMemoryFileIndex: It took 59 ms to list leaf files for 1 paths.
[2026-03-25T16:17:53.589+0000] {subprocess.py:93} INFO - 26/03/25 16:17:53 INFO InMemoryFileIndex: It took 7 ms to list leaf files for 1 paths.
[2026-03-25T16:17:55.166+0000] {subprocess.py:93} INFO - 26/03/25 16:17:55 INFO StandaloneSchedulerBackend$StandaloneDriverEndpoint: Registered executor NettyRpcEndpointRef(spark-client://Executor) (172.18.0.4:50024) with ID 0,  ResourceProfileId 0
[2026-03-25T16:17:55.238+0000] {subprocess.py:93} INFO - 26/03/25 16:17:55 INFO BlockManagerMasterEndpoint: Registering block manager 172.18.0.4:42547 with 434.4 MiB RAM, BlockManagerId(0, 172.18.0.4, 42547, None)
[2026-03-25T16:17:55.797+0000] {subprocess.py:93} INFO - 26/03/25 16:17:55 INFO FileSourceStrategy: Pushed Filters:
[2026-03-25T16:17:55.799+0000] {subprocess.py:93} INFO - 26/03/25 16:17:55 INFO FileSourceStrategy: Post-Scan Filters: (length(trim(value#0, None)) > 0)
[2026-03-25T16:17:56.249+0000] {subprocess.py:93} INFO - 26/03/25 16:17:56 INFO CodeGenerator: Code generated in 147.648978 ms
[2026-03-25T16:17:56.298+0000] {subprocess.py:93} INFO - 26/03/25 16:17:56 INFO MemoryStore: Block broadcast_0 stored as values in memory (estimated size 199.8 KiB, free 434.2 MiB)
[2026-03-25T16:17:56.349+0000] {subprocess.py:93} INFO - 26/03/25 16:17:56 INFO MemoryStore: Block broadcast_0_piece0 stored as bytes in memory (estimated size 34.4 KiB, free 434.2 MiB)
[2026-03-25T16:17:56.354+0000] {subprocess.py:93} INFO - 26/03/25 16:17:56 INFO BlockManagerInfo: Added broadcast_0_piece0 in memory on 58f7d80760c1:34595 (size: 34.4 KiB, free: 434.4 MiB)
[2026-03-25T16:17:56.357+0000] {subprocess.py:93} INFO - 26/03/25 16:17:56 INFO SparkContext: Created broadcast 0 from csv at NativeMethodAccessorImpl.java:0
[2026-03-25T16:17:56.366+0000] {subprocess.py:93} INFO - 26/03/25 16:17:56 INFO FileSourceScanExec: Planning scan with bin packing, max size: 4194304 bytes, open cost is considered as scanning 4194304 bytes.
[2026-03-25T16:17:56.453+0000] {subprocess.py:93} INFO - 26/03/25 16:17:56 INFO SparkContext: Starting job: csv at NativeMethodAccessorImpl.java:0
[2026-03-25T16:17:56.467+0000] {subprocess.py:93} INFO - 26/03/25 16:17:56 INFO DAGScheduler: Got job 0 (csv at NativeMethodAccessorImpl.java:0) with 1 output partitions
[2026-03-25T16:17:56.468+0000] {subprocess.py:93} INFO - 26/03/25 16:17:56 INFO DAGScheduler: Final stage: ResultStage 0 (csv at NativeMethodAccessorImpl.java:0)
[2026-03-25T16:17:56.468+0000] {subprocess.py:93} INFO - 26/03/25 16:17:56 INFO DAGScheduler: Parents of final stage: List()
[2026-03-25T16:17:56.470+0000] {subprocess.py:93} INFO - 26/03/25 16:17:56 INFO DAGScheduler: Missing parents: List()
[2026-03-25T16:17:56.473+0000] {subprocess.py:93} INFO - 26/03/25 16:17:56 INFO DAGScheduler: Submitting ResultStage 0 (MapPartitionsRDD[3] at csv at NativeMethodAccessorImpl.java:0), which has no missing parents
[2026-03-25T16:17:56.528+0000] {subprocess.py:93} INFO - 26/03/25 16:17:56 INFO MemoryStore: Block broadcast_1 stored as values in memory (estimated size 13.5 KiB, free 434.2 MiB)
[2026-03-25T16:17:56.535+0000] {subprocess.py:93} INFO - 26/03/25 16:17:56 INFO MemoryStore: Block broadcast_1_piece0 stored as bytes in memory (estimated size 6.4 KiB, free 434.2 MiB)
[2026-03-25T16:17:56.536+0000] {subprocess.py:93} INFO - 26/03/25 16:17:56 INFO BlockManagerInfo: Added broadcast_1_piece0 in memory on 58f7d80760c1:34595 (size: 6.4 KiB, free: 434.4 MiB)
[2026-03-25T16:17:56.536+0000] {subprocess.py:93} INFO - 26/03/25 16:17:56 INFO SparkContext: Created broadcast 1 from broadcast at DAGScheduler.scala:1611
[2026-03-25T16:17:56.552+0000] {subprocess.py:93} INFO - 26/03/25 16:17:56 INFO DAGScheduler: Submitting 1 missing tasks from ResultStage 0 (MapPartitionsRDD[3] at csv at NativeMethodAccessorImpl.java:0) (first 15 tasks are for partitions Vector(0))
[2026-03-25T16:17:56.553+0000] {subprocess.py:93} INFO - 26/03/25 16:17:56 INFO TaskSchedulerImpl: Adding task set 0.0 with 1 tasks resource profile 0
[2026-03-25T16:17:56.576+0000] {subprocess.py:93} INFO - 26/03/25 16:17:56 INFO TaskSetManager: Starting task 0.0 in stage 0.0 (TID 0) (172.18.0.4, executor 0, partition 0, PROCESS_LOCAL, 9605 bytes)
[2026-03-25T16:17:56.754+0000] {subprocess.py:93} INFO - 26/03/25 16:17:56 INFO BlockManagerInfo: Added broadcast_1_piece0 in memory on 172.18.0.4:42547 (size: 6.4 KiB, free: 434.4 MiB)
[2026-03-25T16:17:57.189+0000] {subprocess.py:93} INFO - 26/03/25 16:17:57 INFO BlockManagerInfo: Added broadcast_0_piece0 in memory on 172.18.0.4:42547 (size: 34.4 KiB, free: 434.4 MiB)
[2026-03-25T16:17:57.325+0000] {subprocess.py:93} INFO - 26/03/25 16:17:57 INFO TaskSetManager: Finished task 0.0 in stage 0.0 (TID 0) in 756 ms on 172.18.0.4 (executor 0) (1/1)
[2026-03-25T16:17:57.326+0000] {subprocess.py:93} INFO - 26/03/25 16:17:57 INFO TaskSchedulerImpl: Removed TaskSet 0.0, whose tasks have all completed, from pool
[2026-03-25T16:17:57.329+0000] {subprocess.py:93} INFO - 26/03/25 16:17:57 INFO DAGScheduler: ResultStage 0 (csv at NativeMethodAccessorImpl.java:0) finished in 0.845 s
[2026-03-25T16:17:57.331+0000] {subprocess.py:93} INFO - 26/03/25 16:17:57 INFO DAGScheduler: Job 0 is finished. Cancelling potential speculative or zombie tasks for this job
[2026-03-25T16:17:57.331+0000] {subprocess.py:93} INFO - 26/03/25 16:17:57 INFO TaskSchedulerImpl: Killing all running tasks in stage 0: Stage finished
[2026-03-25T16:17:57.332+0000] {subprocess.py:93} INFO - 26/03/25 16:17:57 INFO DAGScheduler: Job 0 finished: csv at NativeMethodAccessorImpl.java:0, took 0.878705 s
[2026-03-25T16:17:57.350+0000] {subprocess.py:93} INFO - 26/03/25 16:17:57 INFO CodeGenerator: Code generated in 8.639442 ms
[2026-03-25T16:17:57.386+0000] {subprocess.py:93} INFO - 26/03/25 16:17:57 INFO BlockManagerInfo: Removed broadcast_1_piece0 on 58f7d80760c1:34595 in memory (size: 6.4 KiB, free: 434.4 MiB)
[2026-03-25T16:17:57.392+0000] {subprocess.py:93} INFO - 26/03/25 16:17:57 INFO FileSourceStrategy: Pushed Filters:
[2026-03-25T16:17:57.393+0000] {subprocess.py:93} INFO - 26/03/25 16:17:57 INFO FileSourceStrategy: Post-Scan Filters:
[2026-03-25T16:17:57.393+0000] {subprocess.py:93} INFO - 26/03/25 16:17:57 INFO BlockManagerInfo: Removed broadcast_1_piece0 on 172.18.0.4:42547 in memory (size: 6.4 KiB, free: 434.4 MiB)
[2026-03-25T16:17:57.397+0000] {subprocess.py:93} INFO - 26/03/25 16:17:57 INFO MemoryStore: Block broadcast_2 stored as values in memory (estimated size 199.8 KiB, free 434.0 MiB)
[2026-03-25T16:17:57.407+0000] {subprocess.py:93} INFO - 26/03/25 16:17:57 INFO MemoryStore: Block broadcast_2_piece0 stored as bytes in memory (estimated size 34.4 KiB, free 433.9 MiB)
[2026-03-25T16:17:57.408+0000] {subprocess.py:93} INFO - 26/03/25 16:17:57 INFO BlockManagerInfo: Added broadcast_2_piece0 in memory on 58f7d80760c1:34595 (size: 34.4 KiB, free: 434.3 MiB)
[2026-03-25T16:17:57.409+0000] {subprocess.py:93} INFO - 26/03/25 16:17:57 INFO SparkContext: Created broadcast 2 from csv at NativeMethodAccessorImpl.java:0
[2026-03-25T16:17:57.410+0000] {subprocess.py:93} INFO - 26/03/25 16:17:57 INFO FileSourceScanExec: Planning scan with bin packing, max size: 4194304 bytes, open cost is considered as scanning 4194304 bytes.
[2026-03-25T16:17:57.459+0000] {subprocess.py:93} INFO - 26/03/25 16:17:57 INFO SparkContext: Starting job: csv at NativeMethodAccessorImpl.java:0
[2026-03-25T16:17:57.460+0000] {subprocess.py:93} INFO - 26/03/25 16:17:57 INFO DAGScheduler: Got job 1 (csv at NativeMethodAccessorImpl.java:0) with 3 output partitions
[2026-03-25T16:17:57.461+0000] {subprocess.py:93} INFO - 26/03/25 16:17:57 INFO DAGScheduler: Final stage: ResultStage 1 (csv at NativeMethodAccessorImpl.java:0)
[2026-03-25T16:17:57.461+0000] {subprocess.py:93} INFO - 26/03/25 16:17:57 INFO DAGScheduler: Parents of final stage: List()
[2026-03-25T16:17:57.461+0000] {subprocess.py:93} INFO - 26/03/25 16:17:57 INFO DAGScheduler: Missing parents: List()
[2026-03-25T16:17:57.462+0000] {subprocess.py:93} INFO - 26/03/25 16:17:57 INFO DAGScheduler: Submitting ResultStage 1 (MapPartitionsRDD[9] at csv at NativeMethodAccessorImpl.java:0), which has no missing parents
[2026-03-25T16:17:57.472+0000] {subprocess.py:93} INFO - 26/03/25 16:17:57 INFO MemoryStore: Block broadcast_3 stored as values in memory (estimated size 27.8 KiB, free 433.9 MiB)
[2026-03-25T16:17:57.478+0000] {subprocess.py:93} INFO - 26/03/25 16:17:57 INFO MemoryStore: Block broadcast_3_piece0 stored as bytes in memory (estimated size 12.8 KiB, free 433.9 MiB)
[2026-03-25T16:17:57.478+0000] {subprocess.py:93} INFO - 26/03/25 16:17:57 INFO BlockManagerInfo: Added broadcast_3_piece0 in memory on 58f7d80760c1:34595 (size: 12.8 KiB, free: 434.3 MiB)
[2026-03-25T16:17:57.479+0000] {subprocess.py:93} INFO - 26/03/25 16:17:57 INFO SparkContext: Created broadcast 3 from broadcast at DAGScheduler.scala:1611
[2026-03-25T16:17:57.479+0000] {subprocess.py:93} INFO - 26/03/25 16:17:57 INFO DAGScheduler: Submitting 3 missing tasks from ResultStage 1 (MapPartitionsRDD[9] at csv at NativeMethodAccessorImpl.java:0) (first 15 tasks are for partitions Vector(0, 1, 2))
[2026-03-25T16:17:57.479+0000] {subprocess.py:93} INFO - 26/03/25 16:17:57 INFO TaskSchedulerImpl: Adding task set 1.0 with 3 tasks resource profile 0
[2026-03-25T16:17:57.480+0000] {subprocess.py:93} INFO - 26/03/25 16:17:57 INFO TaskSetManager: Starting task 0.0 in stage 1.0 (TID 1) (172.18.0.4, executor 0, partition 0, PROCESS_LOCAL, 9605 bytes)
[2026-03-25T16:17:57.481+0000] {subprocess.py:93} INFO - 26/03/25 16:17:57 INFO TaskSetManager: Starting task 1.0 in stage 1.0 (TID 2) (172.18.0.4, executor 0, partition 1, PROCESS_LOCAL, 9605 bytes)
[2026-03-25T16:17:57.481+0000] {subprocess.py:93} INFO - 26/03/25 16:17:57 INFO TaskSetManager: Starting task 2.0 in stage 1.0 (TID 3) (172.18.0.4, executor 0, partition 2, PROCESS_LOCAL, 9605 bytes)
[2026-03-25T16:17:57.502+0000] {subprocess.py:93} INFO - 26/03/25 16:17:57 INFO BlockManagerInfo: Added broadcast_3_piece0 in memory on 172.18.0.4:42547 (size: 12.8 KiB, free: 434.4 MiB)
[2026-03-25T16:17:58.326+0000] {subprocess.py:93} INFO - 26/03/25 16:17:58 INFO BlockManagerInfo: Added broadcast_2_piece0 in memory on 172.18.0.4:42547 (size: 34.4 KiB, free: 434.3 MiB)
[2026-03-25T16:17:58.646+0000] {subprocess.py:93} INFO - 26/03/25 16:17:58 INFO TaskSetManager: Finished task 2.0 in stage 1.0 (TID 3) in 1165 ms on 172.18.0.4 (executor 0) (1/3)
[2026-03-25T16:17:58.831+0000] {subprocess.py:93} INFO - 26/03/25 16:17:58 INFO TaskSetManager: Finished task 1.0 in stage 1.0 (TID 2) in 1350 ms on 172.18.0.4 (executor 0) (2/3)
[2026-03-25T16:17:58.832+0000] {subprocess.py:93} INFO - 26/03/25 16:17:58 INFO TaskSetManager: Finished task 0.0 in stage 1.0 (TID 1) in 1351 ms on 172.18.0.4 (executor 0) (3/3)
[2026-03-25T16:17:58.833+0000] {subprocess.py:93} INFO - 26/03/25 16:17:58 INFO TaskSchedulerImpl: Removed TaskSet 1.0, whose tasks have all completed, from pool
[2026-03-25T16:17:58.833+0000] {subprocess.py:93} INFO - 26/03/25 16:17:58 INFO DAGScheduler: ResultStage 1 (csv at NativeMethodAccessorImpl.java:0) finished in 1.370 s
[2026-03-25T16:17:58.834+0000] {subprocess.py:93} INFO - 26/03/25 16:17:58 INFO DAGScheduler: Job 1 is finished. Cancelling potential speculative or zombie tasks for this job
[2026-03-25T16:17:58.834+0000] {subprocess.py:93} INFO - 26/03/25 16:17:58 INFO TaskSchedulerImpl: Killing all running tasks in stage 1: Stage finished
[2026-03-25T16:17:58.834+0000] {subprocess.py:93} INFO - 26/03/25 16:17:58 INFO DAGScheduler: Job 1 finished: csv at NativeMethodAccessorImpl.java:0, took 1.374999 s
[2026-03-25T16:17:59.029+0000] {subprocess.py:93} INFO - 26/03/25 16:17:59 INFO FileSourceStrategy: Pushed Filters: IsNotNull(price),IsNotNull(cost),IsNotNull(stock_quantity),IsNotNull(product_id),GreaterThan(price,0.0),GreaterThan(cost,0.0),GreaterThanOrEqual(stock_quantity,0)
[2026-03-25T16:17:59.029+0000] {subprocess.py:93} INFO - 26/03/25 16:17:59 INFO FileSourceStrategy: Post-Scan Filters: isnotnull(price#20),isnotnull(cost#21),isnotnull(stock_quantity#24),isnotnull(product_id#17),(price#20 > 0.0),(cost#21 > 0.0),(stock_quantity#24 >= 0)
[2026-03-25T16:17:59.193+0000] {subprocess.py:93} INFO - 26/03/25 16:17:59 INFO CodeGenerator: Code generated in 64.320973 ms
[2026-03-25T16:17:59.196+0000] {subprocess.py:93} INFO - 26/03/25 16:17:59 INFO MemoryStore: Block broadcast_4 stored as values in memory (estimated size 199.6 KiB, free 433.7 MiB)
[2026-03-25T16:17:59.205+0000] {subprocess.py:93} INFO - 26/03/25 16:17:59 INFO BlockManagerInfo: Removed broadcast_3_piece0 on 58f7d80760c1:34595 in memory (size: 12.8 KiB, free: 434.3 MiB)
[2026-03-25T16:17:59.209+0000] {subprocess.py:93} INFO - 26/03/25 16:17:59 INFO MemoryStore: Block broadcast_4_piece0 stored as bytes in memory (estimated size 34.3 KiB, free 433.7 MiB)
[2026-03-25T16:17:59.214+0000] {subprocess.py:93} INFO - 26/03/25 16:17:59 INFO BlockManagerInfo: Removed broadcast_3_piece0 on 172.18.0.4:42547 in memory (size: 12.8 KiB, free: 434.3 MiB)
[2026-03-25T16:17:59.215+0000] {subprocess.py:93} INFO - 26/03/25 16:17:59 INFO BlockManagerInfo: Added broadcast_4_piece0 in memory on 58f7d80760c1:34595 (size: 34.3 KiB, free: 434.3 MiB)
[2026-03-25T16:17:59.215+0000] {subprocess.py:93} INFO - 26/03/25 16:17:59 INFO SparkContext: Created broadcast 4 from parquet at NativeMethodAccessorImpl.java:0
[2026-03-25T16:17:59.216+0000] {subprocess.py:93} INFO - 26/03/25 16:17:59 INFO FileSourceScanExec: Planning scan with bin packing, max size: 4194304 bytes, open cost is considered as scanning 4194304 bytes.
[2026-03-25T16:17:59.266+0000] {subprocess.py:93} INFO - 26/03/25 16:17:59 INFO DAGScheduler: Registering RDD 13 (parquet at NativeMethodAccessorImpl.java:0) as input to shuffle 0
[2026-03-25T16:17:59.270+0000] {subprocess.py:93} INFO - 26/03/25 16:17:59 INFO DAGScheduler: Got map stage job 2 (parquet at NativeMethodAccessorImpl.java:0) with 3 output partitions
[2026-03-25T16:17:59.271+0000] {subprocess.py:93} INFO - 26/03/25 16:17:59 INFO DAGScheduler: Final stage: ShuffleMapStage 2 (parquet at NativeMethodAccessorImpl.java:0)
[2026-03-25T16:17:59.271+0000] {subprocess.py:93} INFO - 26/03/25 16:17:59 INFO DAGScheduler: Parents of final stage: List()
[2026-03-25T16:17:59.272+0000] {subprocess.py:93} INFO - 26/03/25 16:17:59 INFO DAGScheduler: Missing parents: List()
[2026-03-25T16:17:59.276+0000] {subprocess.py:93} INFO - 26/03/25 16:17:59 INFO DAGScheduler: Submitting ShuffleMapStage 2 (MapPartitionsRDD[13] at parquet at NativeMethodAccessorImpl.java:0), which has no missing parents
[2026-03-25T16:17:59.287+0000] {subprocess.py:93} INFO - 26/03/25 16:17:59 INFO MemoryStore: Block broadcast_5 stored as values in memory (estimated size 54.0 KiB, free 433.7 MiB)
[2026-03-25T16:17:59.289+0000] {subprocess.py:93} INFO - 26/03/25 16:17:59 INFO MemoryStore: Block broadcast_5_piece0 stored as bytes in memory (estimated size 22.6 KiB, free 433.6 MiB)
[2026-03-25T16:17:59.290+0000] {subprocess.py:93} INFO - 26/03/25 16:17:59 INFO BlockManagerInfo: Added broadcast_5_piece0 in memory on 58f7d80760c1:34595 (size: 22.6 KiB, free: 434.3 MiB)
[2026-03-25T16:17:59.291+0000] {subprocess.py:93} INFO - 26/03/25 16:17:59 INFO SparkContext: Created broadcast 5 from broadcast at DAGScheduler.scala:1611
[2026-03-25T16:17:59.294+0000] {subprocess.py:93} INFO - 26/03/25 16:17:59 INFO DAGScheduler: Submitting 3 missing tasks from ShuffleMapStage 2 (MapPartitionsRDD[13] at parquet at NativeMethodAccessorImpl.java:0) (first 15 tasks are for partitions Vector(0, 1, 2))
[2026-03-25T16:17:59.295+0000] {subprocess.py:93} INFO - 26/03/25 16:17:59 INFO TaskSchedulerImpl: Adding task set 2.0 with 3 tasks resource profile 0
[2026-03-25T16:17:59.298+0000] {subprocess.py:93} INFO - 26/03/25 16:17:59 INFO TaskSetManager: Starting task 0.0 in stage 2.0 (TID 4) (172.18.0.4, executor 0, partition 0, PROCESS_LOCAL, 9594 bytes)
[2026-03-25T16:17:59.299+0000] {subprocess.py:93} INFO - 26/03/25 16:17:59 INFO TaskSetManager: Starting task 1.0 in stage 2.0 (TID 5) (172.18.0.4, executor 0, partition 1, PROCESS_LOCAL, 9594 bytes)
[2026-03-25T16:17:59.300+0000] {subprocess.py:93} INFO - 26/03/25 16:17:59 INFO TaskSetManager: Starting task 2.0 in stage 2.0 (TID 6) (172.18.0.4, executor 0, partition 2, PROCESS_LOCAL, 9594 bytes)
[2026-03-25T16:17:59.320+0000] {subprocess.py:93} INFO - 26/03/25 16:17:59 INFO BlockManagerInfo: Added broadcast_5_piece0 in memory on 172.18.0.4:42547 (size: 22.6 KiB, free: 434.3 MiB)
[2026-03-25T16:17:59.569+0000] {subprocess.py:93} INFO - 26/03/25 16:17:59 INFO BlockManagerInfo: Added broadcast_4_piece0 in memory on 172.18.0.4:42547 (size: 34.3 KiB, free: 434.3 MiB)
[2026-03-25T16:17:59.981+0000] {subprocess.py:93} INFO - 26/03/25 16:17:59 INFO TaskSetManager: Finished task 2.0 in stage 2.0 (TID 6) in 681 ms on 172.18.0.4 (executor 0) (1/3)
[2026-03-25T16:18:00.156+0000] {subprocess.py:93} INFO - 26/03/25 16:18:00 INFO TaskSetManager: Finished task 0.0 in stage 2.0 (TID 4) in 859 ms on 172.18.0.4 (executor 0) (2/3)
[2026-03-25T16:18:00.157+0000] {subprocess.py:93} INFO - 26/03/25 16:18:00 INFO TaskSetManager: Finished task 1.0 in stage 2.0 (TID 5) in 858 ms on 172.18.0.4 (executor 0) (3/3)
[2026-03-25T16:18:00.157+0000] {subprocess.py:93} INFO - 26/03/25 16:18:00 INFO TaskSchedulerImpl: Removed TaskSet 2.0, whose tasks have all completed, from pool
[2026-03-25T16:18:00.157+0000] {subprocess.py:93} INFO - 26/03/25 16:18:00 INFO DAGScheduler: ShuffleMapStage 2 (parquet at NativeMethodAccessorImpl.java:0) finished in 0.881 s
[2026-03-25T16:18:00.158+0000] {subprocess.py:93} INFO - 26/03/25 16:18:00 INFO DAGScheduler: looking for newly runnable stages
[2026-03-25T16:18:00.158+0000] {subprocess.py:93} INFO - 26/03/25 16:18:00 INFO DAGScheduler: running: Set()
[2026-03-25T16:18:00.159+0000] {subprocess.py:93} INFO - 26/03/25 16:18:00 INFO DAGScheduler: waiting: Set()
[2026-03-25T16:18:00.159+0000] {subprocess.py:93} INFO - 26/03/25 16:18:00 INFO DAGScheduler: failed: Set()
[2026-03-25T16:18:00.176+0000] {subprocess.py:93} INFO - 26/03/25 16:18:00 INFO ShufflePartitionsUtil: For shuffle(0), advisory target size: 67108864, actual target size 1048576, minimum partition size: 1048576
[2026-03-25T16:18:00.278+0000] {subprocess.py:93} INFO - 26/03/25 16:18:00 INFO ParquetUtils: Using default output committer for Parquet: org.apache.parquet.hadoop.ParquetOutputCommitter
[2026-03-25T16:18:00.304+0000] {subprocess.py:93} INFO - 26/03/25 16:18:00 INFO FileOutputCommitter: File Output Committer Algorithm version is 1
[2026-03-25T16:18:00.305+0000] {subprocess.py:93} INFO - 26/03/25 16:18:00 INFO FileOutputCommitter: FileOutputCommitter skip cleanup _temporary folders under output directory:false, ignore cleanup failures: false
[2026-03-25T16:18:00.306+0000] {subprocess.py:93} INFO - 26/03/25 16:18:00 INFO SQLHadoopMapReduceCommitProtocol: Using user defined output committer class org.apache.parquet.hadoop.ParquetOutputCommitter
[2026-03-25T16:18:00.306+0000] {subprocess.py:93} INFO - 26/03/25 16:18:00 INFO FileOutputCommitter: File Output Committer Algorithm version is 1
[2026-03-25T16:18:00.306+0000] {subprocess.py:93} INFO - 26/03/25 16:18:00 INFO FileOutputCommitter: FileOutputCommitter skip cleanup _temporary folders under output directory:false, ignore cleanup failures: false
[2026-03-25T16:18:00.307+0000] {subprocess.py:93} INFO - 26/03/25 16:18:00 INFO SQLHadoopMapReduceCommitProtocol: Using output committer class org.apache.parquet.hadoop.ParquetOutputCommitter
[2026-03-25T16:18:00.387+0000] {subprocess.py:93} INFO - 26/03/25 16:18:00 INFO CodeGenerator: Code generated in 37.085808 ms
[2026-03-25T16:18:00.419+0000] {subprocess.py:93} INFO - 26/03/25 16:18:00 INFO SparkContext: Starting job: parquet at NativeMethodAccessorImpl.java:0
[2026-03-25T16:18:00.420+0000] {subprocess.py:93} INFO - 26/03/25 16:18:00 INFO DAGScheduler: Got job 3 (parquet at NativeMethodAccessorImpl.java:0) with 4 output partitions
[2026-03-25T16:18:00.420+0000] {subprocess.py:93} INFO - 26/03/25 16:18:00 INFO DAGScheduler: Final stage: ResultStage 4 (parquet at NativeMethodAccessorImpl.java:0)
[2026-03-25T16:18:00.421+0000] {subprocess.py:93} INFO - 26/03/25 16:18:00 INFO DAGScheduler: Parents of final stage: List(ShuffleMapStage 3)
[2026-03-25T16:18:00.421+0000] {subprocess.py:93} INFO - 26/03/25 16:18:00 INFO DAGScheduler: Missing parents: List()
[2026-03-25T16:18:00.421+0000] {subprocess.py:93} INFO - 26/03/25 16:18:00 INFO DAGScheduler: Submitting ResultStage 4 (MapPartitionsRDD[16] at parquet at NativeMethodAccessorImpl.java:0), which has no missing parents
[2026-03-25T16:18:00.453+0000] {subprocess.py:93} INFO - 26/03/25 16:18:00 INFO MemoryStore: Block broadcast_6 stored as values in memory (estimated size 266.6 KiB, free 433.4 MiB)
[2026-03-25T16:18:00.456+0000] {subprocess.py:93} INFO - 26/03/25 16:18:00 INFO MemoryStore: Block broadcast_6_piece0 stored as bytes in memory (estimated size 97.3 KiB, free 433.3 MiB)
[2026-03-25T16:18:00.457+0000] {subprocess.py:93} INFO - 26/03/25 16:18:00 INFO BlockManagerInfo: Added broadcast_6_piece0 in memory on 58f7d80760c1:34595 (size: 97.3 KiB, free: 434.2 MiB)
[2026-03-25T16:18:00.457+0000] {subprocess.py:93} INFO - 26/03/25 16:18:00 INFO SparkContext: Created broadcast 6 from broadcast at DAGScheduler.scala:1611
[2026-03-25T16:18:00.458+0000] {subprocess.py:93} INFO - 26/03/25 16:18:00 INFO DAGScheduler: Submitting 4 missing tasks from ResultStage 4 (MapPartitionsRDD[16] at parquet at NativeMethodAccessorImpl.java:0) (first 15 tasks are for partitions Vector(0, 1, 2, 3))
[2026-03-25T16:18:00.458+0000] {subprocess.py:93} INFO - 26/03/25 16:18:00 INFO TaskSchedulerImpl: Adding task set 4.0 with 4 tasks resource profile 0
[2026-03-25T16:18:00.462+0000] {subprocess.py:93} INFO - 26/03/25 16:18:00 INFO TaskSetManager: Starting task 0.0 in stage 4.0 (TID 7) (172.18.0.4, executor 0, partition 0, NODE_LOCAL, 9003 bytes)
[2026-03-25T16:18:00.463+0000] {subprocess.py:93} INFO - 26/03/25 16:18:00 INFO TaskSetManager: Starting task 1.0 in stage 4.0 (TID 8) (172.18.0.4, executor 0, partition 1, NODE_LOCAL, 9003 bytes)
[2026-03-25T16:18:00.463+0000] {subprocess.py:93} INFO - 26/03/25 16:18:00 INFO TaskSetManager: Starting task 2.0 in stage 4.0 (TID 9) (172.18.0.4, executor 0, partition 2, NODE_LOCAL, 9003 bytes)
[2026-03-25T16:18:00.463+0000] {subprocess.py:93} INFO - 26/03/25 16:18:00 INFO TaskSetManager: Starting task 3.0 in stage 4.0 (TID 10) (172.18.0.4, executor 0, partition 3, NODE_LOCAL, 9003 bytes)
[2026-03-25T16:18:00.480+0000] {subprocess.py:93} INFO - 26/03/25 16:18:00 INFO BlockManagerInfo: Added broadcast_6_piece0 in memory on 172.18.0.4:42547 (size: 97.3 KiB, free: 434.2 MiB)
[2026-03-25T16:18:00.580+0000] {subprocess.py:93} INFO - 26/03/25 16:18:00 INFO MapOutputTrackerMasterEndpoint: Asked to send map output locations for shuffle 0 to 172.18.0.4:50024
[2026-03-25T16:18:02.032+0000] {subprocess.py:93} INFO - 26/03/25 16:18:02 INFO TaskSetManager: Finished task 2.0 in stage 4.0 (TID 9) in 1569 ms on 172.18.0.4 (executor 0) (1/4)
[2026-03-25T16:18:02.033+0000] {subprocess.py:93} INFO - 26/03/25 16:18:02 INFO TaskSetManager: Finished task 0.0 in stage 4.0 (TID 7) in 1571 ms on 172.18.0.4 (executor 0) (2/4)
[2026-03-25T16:18:02.034+0000] {subprocess.py:93} INFO - 26/03/25 16:18:02 INFO TaskSetManager: Finished task 1.0 in stage 4.0 (TID 8) in 1570 ms on 172.18.0.4 (executor 0) (3/4)
[2026-03-25T16:18:02.035+0000] {subprocess.py:93} INFO - 26/03/25 16:18:02 INFO TaskSetManager: Finished task 3.0 in stage 4.0 (TID 10) in 1570 ms on 172.18.0.4 (executor 0) (4/4)
[2026-03-25T16:18:02.035+0000] {subprocess.py:93} INFO - 26/03/25 16:18:02 INFO TaskSchedulerImpl: Removed TaskSet 4.0, whose tasks have all completed, from pool
[2026-03-25T16:18:02.036+0000] {subprocess.py:93} INFO - 26/03/25 16:18:02 INFO DAGScheduler: ResultStage 4 (parquet at NativeMethodAccessorImpl.java:0) finished in 1.608 s
[2026-03-25T16:18:02.037+0000] {subprocess.py:93} INFO - 26/03/25 16:18:02 INFO DAGScheduler: Job 3 is finished. Cancelling potential speculative or zombie tasks for this job
[2026-03-25T16:18:02.037+0000] {subprocess.py:93} INFO - 26/03/25 16:18:02 INFO TaskSchedulerImpl: Killing all running tasks in stage 4: Stage finished
[2026-03-25T16:18:02.038+0000] {subprocess.py:93} INFO - 26/03/25 16:18:02 INFO DAGScheduler: Job 3 finished: parquet at NativeMethodAccessorImpl.java:0, took 1.618971 s
[2026-03-25T16:18:02.038+0000] {subprocess.py:93} INFO - 26/03/25 16:18:02 INFO FileFormatWriter: Start to commit write Job 6142ffd0-9c57-4afe-bc79-d943969df1aa.
[2026-03-25T16:18:02.361+0000] {subprocess.py:93} INFO - 26/03/25 16:18:02 INFO FileFormatWriter: Write Job 6142ffd0-9c57-4afe-bc79-d943969df1aa committed. Elapsed time: 320 ms.
[2026-03-25T16:18:02.362+0000] {subprocess.py:93} INFO - 26/03/25 16:18:02 INFO FileFormatWriter: Finished processing stats for write job 6142ffd0-9c57-4afe-bc79-d943969df1aa.
[2026-03-25T16:18:02.365+0000] {subprocess.py:93} INFO - Cleaned products written to /opt/spark/data/cleaned/products
[2026-03-25T16:18:02.365+0000] {subprocess.py:93} INFO - 26/03/25 16:18:02 INFO SparkContext: SparkContext is stopping with exitCode 0.
[2026-03-25T16:18:02.373+0000] {subprocess.py:93} INFO - 26/03/25 16:18:02 INFO SparkUI: Stopped Spark web UI at http://58f7d80760c1:4043
[2026-03-25T16:18:02.375+0000] {subprocess.py:93} INFO - 26/03/25 16:18:02 INFO StandaloneSchedulerBackend: Shutting down all executors
[2026-03-25T16:18:02.375+0000] {subprocess.py:93} INFO - 26/03/25 16:18:02 INFO StandaloneSchedulerBackend$StandaloneDriverEndpoint: Asking each executor to shut down
[2026-03-25T16:18:02.385+0000] {subprocess.py:93} INFO - 26/03/25 16:18:02 INFO MapOutputTrackerMasterEndpoint: MapOutputTrackerMasterEndpoint stopped!
[2026-03-25T16:18:02.399+0000] {subprocess.py:93} INFO - 26/03/25 16:18:02 INFO MemoryStore: MemoryStore cleared
[2026-03-25T16:18:02.399+0000] {subprocess.py:93} INFO - 26/03/25 16:18:02 INFO BlockManager: BlockManager stopped
[2026-03-25T16:18:02.402+0000] {subprocess.py:93} INFO - 26/03/25 16:18:02 INFO BlockManagerMaster: BlockManagerMaster stopped
[2026-03-25T16:18:02.403+0000] {subprocess.py:93} INFO - 26/03/25 16:18:02 INFO OutputCommitCoordinator$OutputCommitCoordinatorEndpoint: OutputCommitCoordinator stopped!
[2026-03-25T16:18:02.413+0000] {subprocess.py:93} INFO - 26/03/25 16:18:02 INFO SparkContext: Successfully stopped SparkContext
[2026-03-25T16:18:02.794+0000] {subprocess.py:93} INFO - 26/03/25 16:18:02 INFO ShutdownHookManager: Shutdown hook called
[2026-03-25T16:18:02.798+0000] {subprocess.py:93} INFO - 26/03/25 16:18:02 INFO ShutdownHookManager: Deleting directory /tmp/spark-a8281ae6-bed2-4c96-9423-d400eb7657a7
[2026-03-25T16:18:02.799+0000] {subprocess.py:93} INFO - 26/03/25 16:18:02 INFO ShutdownHookManager: Deleting directory /tmp/spark-8845692a-3b3b-464e-afdb-cef37c778de7
[2026-03-25T16:18:02.799+0000] {subprocess.py:93} INFO - 26/03/25 16:18:02 INFO ShutdownHookManager: Deleting directory /tmp/spark-8845692a-3b3b-464e-afdb-cef37c778de7/pyspark-568e8105-4055-46f8-a542-8bffe7ec336f
[2026-03-25T16:18:02.846+0000] {subprocess.py:97} INFO - Command exited with return code 0
[2026-03-25T16:18:02.847+0000] {taskinstance.py:441} INFO - ::group::Post task execution logs
[2026-03-25T16:18:02.865+0000] {taskinstance.py:1205} INFO - Marking task as SUCCESS. dag_id=etl_spark_pipeline, task_id=spark_cleanse_products, execution_date=20260325T161540, start_date=20260325T161748, end_date=20260325T161802
[2026-03-25T16:18:02.918+0000] {local_task_job_runner.py:240} INFO - Task exited with return code 0
[2026-03-25T16:18:02.937+0000] {taskinstance.py:3482} INFO - 0 downstream tasks scheduled from follow-on schedule check
[2026-03-25T16:18:02.938+0000] {local_task_job_runner.py:222} INFO - ::endgroup::
