[2026-03-24T18:37:00.956+0000] {local_task_job_runner.py:120} INFO - ::group::Pre task execution logs
[2026-03-24T18:37:00.990+0000] {taskinstance.py:2073} INFO - Dependencies all met for dep_context=non-requeueable deps ti=<TaskInstance: etl_spark_pipeline.generate_data manual__2026-03-24T18:37:00.253430+00:00 [queued]>
[2026-03-24T18:37:00.998+0000] {taskinstance.py:2073} INFO - Dependencies all met for dep_context=requeueable deps ti=<TaskInstance: etl_spark_pipeline.generate_data manual__2026-03-24T18:37:00.253430+00:00 [queued]>
[2026-03-24T18:37:00.998+0000] {taskinstance.py:2303} INFO - Starting attempt 1 of 2
[2026-03-24T18:37:01.009+0000] {taskinstance.py:2327} INFO - Executing <Task(BashOperator): generate_data> on 2026-03-24 18:37:00.253430+00:00
[2026-03-24T18:37:01.019+0000] {logging_mixin.py:188} WARNING - /home/airflow/.local/lib/python3.12/site-packages/airflow/task/task_runner/standard_task_runner.py:61 DeprecationWarning: This process (pid=245) is multi-threaded, use of fork() may lead to deadlocks in the child.
[2026-03-24T18:37:01.017+0000] {standard_task_runner.py:90} INFO - Running: ['airflow', 'tasks', 'run', 'etl_spark_pipeline', 'generate_data', 'manual__2026-03-24T18:37:00.253430+00:00', '--job-id', '27', '--raw', '--subdir', 'DAGS_FOLDER/etl_spark_pipeline.py', '--cfg-path', '/tmp/tmpewl9fegi']
[2026-03-24T18:37:01.020+0000] {standard_task_runner.py:63} INFO - Started process 246 to run task
[2026-03-24T18:37:01.020+0000] {standard_task_runner.py:91} INFO - Job 27: Subtask generate_data
[2026-03-24T18:37:01.070+0000] {task_command.py:426} INFO - Running <TaskInstance: etl_spark_pipeline.generate_data manual__2026-03-24T18:37:00.253430+00:00 [running]> on host 2006b063b9a3
[2026-03-24T18:37:01.157+0000] {taskinstance.py:2644} INFO - Exporting env vars: AIRFLOW_CTX_DAG_OWNER='tori' AIRFLOW_CTX_DAG_ID='etl_spark_pipeline' AIRFLOW_CTX_TASK_ID='generate_data' AIRFLOW_CTX_EXECUTION_DATE='2026-03-24T18:37:00.253430+00:00' AIRFLOW_CTX_TRY_NUMBER='1' AIRFLOW_CTX_DAG_RUN_ID='manual__2026-03-24T18:37:00.253430+00:00'
[2026-03-24T18:37:01.159+0000] {taskinstance.py:430} INFO - ::endgroup::
[2026-03-24T18:37:01.195+0000] {subprocess.py:63} INFO - Tmp dir root location: /tmp
[2026-03-24T18:37:01.197+0000] {subprocess.py:75} INFO - Running command: ['/usr/bin/bash', '-c', 'python /opt/airflow/scripts/generate_data.py']
[2026-03-24T18:37:01.206+0000] {subprocess.py:86} INFO - Output:
[2026-03-24T18:37:01.239+0000] {subprocess.py:93} INFO - python: can't open file '/opt/airflow/scripts/generate_data.py': [Errno 2] No such file or directory
[2026-03-24T18:37:01.241+0000] {subprocess.py:97} INFO - Command exited with return code 2
[2026-03-24T18:37:01.242+0000] {taskinstance.py:441} INFO - ::group::Post task execution logs
[2026-03-24T18:37:01.250+0000] {taskinstance.py:2890} ERROR - Task failed with exception
Traceback (most recent call last):
  File "/home/airflow/.local/lib/python3.12/site-packages/airflow/models/taskinstance.py", line 465, in _execute_task
    result = _execute_callable(context=context, **execute_callable_kwargs)
             ^^^^^^^^^^^^^^^^^^^^^^^^^^^^^^^^^^^^^^^^^^^^^^^^^^^^^^^^^^^^^
  File "/home/airflow/.local/lib/python3.12/site-packages/airflow/models/taskinstance.py", line 432, in _execute_callable
    return execute_callable(context=context, **execute_callable_kwargs)
           ^^^^^^^^^^^^^^^^^^^^^^^^^^^^^^^^^^^^^^^^^^^^^^^^^^^^^^^^^^^^
  File "/home/airflow/.local/lib/python3.12/site-packages/airflow/models/baseoperator.py", line 400, in wrapper
    return func(self, *args, **kwargs)
           ^^^^^^^^^^^^^^^^^^^^^^^^^^^
  File "/home/airflow/.local/lib/python3.12/site-packages/airflow/operators/bash.py", line 243, in execute
    raise AirflowException(
airflow.exceptions.AirflowException: Bash command failed. The command returned a non-zero exit code 2.
[2026-03-24T18:37:01.255+0000] {taskinstance.py:1205} INFO - Marking task as UP_FOR_RETRY. dag_id=etl_spark_pipeline, task_id=generate_data, execution_date=20260324T183700, start_date=20260324T183700, end_date=20260324T183701
[2026-03-24T18:37:01.267+0000] {standard_task_runner.py:110} ERROR - Failed to execute job 27 for task generate_data (Bash command failed. The command returned a non-zero exit code 2.; 246)
[2026-03-24T18:37:01.274+0000] {local_task_job_runner.py:240} INFO - Task exited with return code 1
[2026-03-24T18:37:01.293+0000] {taskinstance.py:3482} INFO - 0 downstream tasks scheduled from follow-on schedule check
[2026-03-24T18:37:01.295+0000] {local_task_job_runner.py:222} INFO - ::endgroup::
