[2026-03-25T16:17:48.106+0000] {local_task_job_runner.py:120} INFO - ::group::Pre task execution logs
[2026-03-25T16:17:48.133+0000] {taskinstance.py:2073} INFO - Dependencies all met for dep_context=non-requeueable deps ti=<TaskInstance: etl_spark_pipeline.spark_cleanse_daily_sales manual__2026-03-25T16:15:40.703165+00:00 [queued]>
[2026-03-25T16:17:48.140+0000] {taskinstance.py:2073} INFO - Dependencies all met for dep_context=requeueable deps ti=<TaskInstance: etl_spark_pipeline.spark_cleanse_daily_sales manual__2026-03-25T16:15:40.703165+00:00 [queued]>
[2026-03-25T16:17:48.141+0000] {taskinstance.py:2303} INFO - Starting attempt 1 of 2
[2026-03-25T16:17:48.151+0000] {taskinstance.py:2327} INFO - Executing <Task(BashOperator): spark_cleanse_daily_sales> on 2026-03-25 16:15:40.703165+00:00
[2026-03-25T16:17:48.162+0000] {logging_mixin.py:188} WARNING - /home/airflow/.local/lib/python3.12/site-packages/airflow/task/task_runner/standard_task_runner.py:61 DeprecationWarning: This process (pid=296) is multi-threaded, use of fork() may lead to deadlocks in the child.
[2026-03-25T16:17:48.164+0000] {standard_task_runner.py:63} INFO - Started process 300 to run task
[2026-03-25T16:17:48.163+0000] {standard_task_runner.py:90} INFO - Running: ['airflow', 'tasks', 'run', 'etl_spark_pipeline', 'spark_cleanse_daily_sales', 'manual__2026-03-25T16:15:40.703165+00:00', '--job-id', '61', '--raw', '--subdir', 'DAGS_FOLDER/etl_spark_pipeline.py', '--cfg-path', '/tmp/tmpks51pvi9']
[2026-03-25T16:17:48.165+0000] {standard_task_runner.py:91} INFO - Job 61: Subtask spark_cleanse_daily_sales
[2026-03-25T16:17:48.217+0000] {task_command.py:426} INFO - Running <TaskInstance: etl_spark_pipeline.spark_cleanse_daily_sales manual__2026-03-25T16:15:40.703165+00:00 [running]> on host 6c4ceadaff0b
[2026-03-25T16:17:48.292+0000] {taskinstance.py:2644} INFO - Exporting env vars: AIRFLOW_CTX_DAG_OWNER='tori' AIRFLOW_CTX_DAG_ID='etl_spark_pipeline' AIRFLOW_CTX_TASK_ID='spark_cleanse_daily_sales' AIRFLOW_CTX_EXECUTION_DATE='2026-03-25T16:15:40.703165+00:00' AIRFLOW_CTX_TRY_NUMBER='1' AIRFLOW_CTX_DAG_RUN_ID='manual__2026-03-25T16:15:40.703165+00:00'
[2026-03-25T16:17:48.293+0000] {taskinstance.py:430} INFO - ::endgroup::
[2026-03-25T16:17:48.305+0000] {subprocess.py:63} INFO - Tmp dir root location: /tmp
[2026-03-25T16:17:48.307+0000] {subprocess.py:75} INFO - Running command: ['/usr/bin/bash', '-c', 'docker exec spark_master /opt/spark/bin/spark-submit /opt/spark/jobs/spark_cleanse.py daily_sales /opt/spark/data/raw/daily_sales.csv /opt/spark/data/cleaned/daily_sales']
[2026-03-25T16:17:48.317+0000] {subprocess.py:86} INFO - Output:
[2026-03-25T16:17:50.740+0000] {subprocess.py:93} INFO - 26/03/25 16:17:50 INFO SparkContext: Running Spark version 3.5.7
[2026-03-25T16:17:50.742+0000] {subprocess.py:93} INFO - 26/03/25 16:17:50 INFO SparkContext: OS info Linux, 6.6.87.2-microsoft-standard-WSL2, amd64
[2026-03-25T16:17:50.747+0000] {subprocess.py:93} INFO - 26/03/25 16:17:50 INFO SparkContext: Java version 17.0.18
[2026-03-25T16:17:50.791+0000] {subprocess.py:93} INFO - 26/03/25 16:17:50 WARN NativeCodeLoader: Unable to load native-hadoop library for your platform... using builtin-java classes where applicable
[2026-03-25T16:17:50.871+0000] {subprocess.py:93} INFO - 26/03/25 16:17:50 INFO ResourceUtils: ==============================================================
[2026-03-25T16:17:50.872+0000] {subprocess.py:93} INFO - 26/03/25 16:17:50 INFO ResourceUtils: No custom resources configured for spark.driver.
[2026-03-25T16:17:50.872+0000] {subprocess.py:93} INFO - 26/03/25 16:17:50 INFO ResourceUtils: ==============================================================
[2026-03-25T16:17:50.873+0000] {subprocess.py:93} INFO - 26/03/25 16:17:50 INFO SparkContext: Submitted application: clean_daily_sales
[2026-03-25T16:17:50.894+0000] {subprocess.py:93} INFO - 26/03/25 16:17:50 INFO ResourceProfile: Default ResourceProfile created, executor resources: Map(memory -> name: memory, amount: 1024, script: , vendor: , offHeap -> name: offHeap, amount: 0, script: , vendor: ), task resources: Map(cpus -> name: cpus, amount: 1.0)
[2026-03-25T16:17:50.901+0000] {subprocess.py:93} INFO - 26/03/25 16:17:50 INFO ResourceProfile: Limiting resource is cpu
[2026-03-25T16:17:50.902+0000] {subprocess.py:93} INFO - 26/03/25 16:17:50 INFO ResourceProfileManager: Added ResourceProfile id: 0
[2026-03-25T16:17:50.955+0000] {subprocess.py:93} INFO - 26/03/25 16:17:50 INFO SecurityManager: Changing view acls to: spark
[2026-03-25T16:17:50.956+0000] {subprocess.py:93} INFO - 26/03/25 16:17:50 INFO SecurityManager: Changing modify acls to: spark
[2026-03-25T16:17:50.957+0000] {subprocess.py:93} INFO - 26/03/25 16:17:50 INFO SecurityManager: Changing view acls groups to:
[2026-03-25T16:17:50.957+0000] {subprocess.py:93} INFO - 26/03/25 16:17:50 INFO SecurityManager: Changing modify acls groups to:
[2026-03-25T16:17:50.958+0000] {subprocess.py:93} INFO - 26/03/25 16:17:50 INFO SecurityManager: SecurityManager: authentication disabled; ui acls disabled; users with view permissions: spark; groups with view permissions: EMPTY; users with modify permissions: spark; groups with modify permissions: EMPTY
[2026-03-25T16:17:51.200+0000] {subprocess.py:93} INFO - 26/03/25 16:17:51 INFO Utils: Successfully started service 'sparkDriver' on port 34713.
[2026-03-25T16:17:51.230+0000] {subprocess.py:93} INFO - 26/03/25 16:17:51 INFO SparkEnv: Registering MapOutputTracker
[2026-03-25T16:17:51.273+0000] {subprocess.py:93} INFO - 26/03/25 16:17:51 INFO SparkEnv: Registering BlockManagerMaster
[2026-03-25T16:17:51.293+0000] {subprocess.py:93} INFO - 26/03/25 16:17:51 INFO BlockManagerMasterEndpoint: Using org.apache.spark.storage.DefaultTopologyMapper for getting topology information
[2026-03-25T16:17:51.295+0000] {subprocess.py:93} INFO - 26/03/25 16:17:51 INFO BlockManagerMasterEndpoint: BlockManagerMasterEndpoint up
[2026-03-25T16:17:51.300+0000] {subprocess.py:93} INFO - 26/03/25 16:17:51 INFO SparkEnv: Registering BlockManagerMasterHeartbeat
[2026-03-25T16:17:51.329+0000] {subprocess.py:93} INFO - 26/03/25 16:17:51 INFO DiskBlockManager: Created local directory at /tmp/blockmgr-afe93cd3-0dcd-41c9-bee8-3a9d09f44744
[2026-03-25T16:17:51.344+0000] {subprocess.py:93} INFO - 26/03/25 16:17:51 INFO MemoryStore: MemoryStore started with capacity 434.4 MiB
[2026-03-25T16:17:51.361+0000] {subprocess.py:93} INFO - 26/03/25 16:17:51 INFO SparkEnv: Registering OutputCommitCoordinator
[2026-03-25T16:17:51.504+0000] {subprocess.py:93} INFO - 26/03/25 16:17:51 INFO JettyUtils: Start Jetty 0.0.0.0:4040 for SparkUI
[2026-03-25T16:17:51.561+0000] {subprocess.py:93} INFO - 26/03/25 16:17:51 WARN Utils: Service 'SparkUI' could not bind on port 4040. Attempting port 4041.
[2026-03-25T16:17:51.562+0000] {subprocess.py:93} INFO - 26/03/25 16:17:51 WARN Utils: Service 'SparkUI' could not bind on port 4041. Attempting port 4042.
[2026-03-25T16:17:51.573+0000] {subprocess.py:93} INFO - 26/03/25 16:17:51 INFO Utils: Successfully started service 'SparkUI' on port 4042.
[2026-03-25T16:17:51.712+0000] {subprocess.py:93} INFO - 26/03/25 16:17:51 INFO StandaloneAppClient$ClientEndpoint: Connecting to master spark://spark-master:7077...
[2026-03-25T16:17:51.768+0000] {subprocess.py:93} INFO - 26/03/25 16:17:51 INFO TransportClientFactory: Successfully created connection to spark-master/172.18.0.3:7077 after 28 ms (0 ms spent in bootstraps)
[2026-03-25T16:17:52.019+0000] {subprocess.py:93} INFO - 26/03/25 16:17:52 INFO StandaloneSchedulerBackend: Connected to Spark cluster with app ID app-20260325161752-0001
[2026-03-25T16:17:52.028+0000] {subprocess.py:93} INFO - 26/03/25 16:17:52 INFO Utils: Successfully started service 'org.apache.spark.network.netty.NettyBlockTransferService' on port 45729.
[2026-03-25T16:17:52.028+0000] {subprocess.py:93} INFO - 26/03/25 16:17:52 INFO NettyBlockTransferService: Server created on 58f7d80760c1:45729
[2026-03-25T16:17:52.030+0000] {subprocess.py:93} INFO - 26/03/25 16:17:52 INFO BlockManager: Using org.apache.spark.storage.RandomBlockReplicationPolicy for block replication policy
[2026-03-25T16:17:52.039+0000] {subprocess.py:93} INFO - 26/03/25 16:17:52 INFO BlockManagerMaster: Registering BlockManager BlockManagerId(driver, 58f7d80760c1, 45729, None)
[2026-03-25T16:17:52.042+0000] {subprocess.py:93} INFO - 26/03/25 16:17:52 INFO BlockManagerMasterEndpoint: Registering block manager 58f7d80760c1:45729 with 434.4 MiB RAM, BlockManagerId(driver, 58f7d80760c1, 45729, None)
[2026-03-25T16:17:52.044+0000] {subprocess.py:93} INFO - 26/03/25 16:17:52 INFO BlockManagerMaster: Registered BlockManager BlockManagerId(driver, 58f7d80760c1, 45729, None)
[2026-03-25T16:17:52.046+0000] {subprocess.py:93} INFO - 26/03/25 16:17:52 INFO BlockManager: Initialized BlockManager: BlockManagerId(driver, 58f7d80760c1, 45729, None)
[2026-03-25T16:17:52.234+0000] {subprocess.py:93} INFO - 26/03/25 16:17:52 INFO StandaloneSchedulerBackend: SchedulerBackend is ready for scheduling beginning after reached minRegisteredResourcesRatio: 0.0
[2026-03-25T16:17:52.535+0000] {subprocess.py:93} INFO - 26/03/25 16:17:52 INFO SharedState: Setting hive.metastore.warehouse.dir ('null') to the value of spark.sql.warehouse.dir.
[2026-03-25T16:17:52.548+0000] {subprocess.py:93} INFO - 26/03/25 16:17:52 INFO SharedState: Warehouse path is 'file:/opt/spark/work-dir/spark-warehouse'.
[2026-03-25T16:17:53.506+0000] {subprocess.py:93} INFO - 26/03/25 16:17:53 INFO InMemoryFileIndex: It took 60 ms to list leaf files for 1 paths.
[2026-03-25T16:17:53.589+0000] {subprocess.py:93} INFO - 26/03/25 16:17:53 INFO InMemoryFileIndex: It took 8 ms to list leaf files for 1 paths.
[2026-03-25T16:17:55.964+0000] {subprocess.py:93} INFO - 26/03/25 16:17:55 INFO FileSourceStrategy: Pushed Filters:
[2026-03-25T16:17:55.968+0000] {subprocess.py:93} INFO - 26/03/25 16:17:55 INFO FileSourceStrategy: Post-Scan Filters: (length(trim(value#0, None)) > 0)
[2026-03-25T16:17:56.484+0000] {subprocess.py:93} INFO - 26/03/25 16:17:56 INFO CodeGenerator: Code generated in 139.367474 ms
[2026-03-25T16:17:56.529+0000] {subprocess.py:93} INFO - 26/03/25 16:17:56 INFO MemoryStore: Block broadcast_0 stored as values in memory (estimated size 199.9 KiB, free 434.2 MiB)
[2026-03-25T16:17:56.582+0000] {subprocess.py:93} INFO - 26/03/25 16:17:56 INFO MemoryStore: Block broadcast_0_piece0 stored as bytes in memory (estimated size 34.4 KiB, free 434.2 MiB)
[2026-03-25T16:17:56.585+0000] {subprocess.py:93} INFO - 26/03/25 16:17:56 INFO BlockManagerInfo: Added broadcast_0_piece0 in memory on 58f7d80760c1:45729 (size: 34.4 KiB, free: 434.4 MiB)
[2026-03-25T16:17:56.589+0000] {subprocess.py:93} INFO - 26/03/25 16:17:56 INFO SparkContext: Created broadcast 0 from csv at NativeMethodAccessorImpl.java:0
[2026-03-25T16:17:56.606+0000] {subprocess.py:93} INFO - 26/03/25 16:17:56 INFO FileSourceScanExec: Planning scan with bin packing, max size: 5517458 bytes, open cost is considered as scanning 4194304 bytes.
[2026-03-25T16:17:56.668+0000] {subprocess.py:93} INFO - 26/03/25 16:17:56 INFO SparkContext: Starting job: csv at NativeMethodAccessorImpl.java:0
[2026-03-25T16:17:56.680+0000] {subprocess.py:93} INFO - 26/03/25 16:17:56 INFO DAGScheduler: Got job 0 (csv at NativeMethodAccessorImpl.java:0) with 1 output partitions
[2026-03-25T16:17:56.680+0000] {subprocess.py:93} INFO - 26/03/25 16:17:56 INFO DAGScheduler: Final stage: ResultStage 0 (csv at NativeMethodAccessorImpl.java:0)
[2026-03-25T16:17:56.682+0000] {subprocess.py:93} INFO - 26/03/25 16:17:56 INFO DAGScheduler: Parents of final stage: List()
[2026-03-25T16:17:56.682+0000] {subprocess.py:93} INFO - 26/03/25 16:17:56 INFO DAGScheduler: Missing parents: List()
[2026-03-25T16:17:56.685+0000] {subprocess.py:93} INFO - 26/03/25 16:17:56 INFO DAGScheduler: Submitting ResultStage 0 (MapPartitionsRDD[3] at csv at NativeMethodAccessorImpl.java:0), which has no missing parents
[2026-03-25T16:17:56.734+0000] {subprocess.py:93} INFO - 26/03/25 16:17:56 INFO MemoryStore: Block broadcast_1 stored as values in memory (estimated size 13.5 KiB, free 434.2 MiB)
[2026-03-25T16:17:56.736+0000] {subprocess.py:93} INFO - 26/03/25 16:17:56 INFO MemoryStore: Block broadcast_1_piece0 stored as bytes in memory (estimated size 6.4 KiB, free 434.2 MiB)
[2026-03-25T16:17:56.737+0000] {subprocess.py:93} INFO - 26/03/25 16:17:56 INFO BlockManagerInfo: Added broadcast_1_piece0 in memory on 58f7d80760c1:45729 (size: 6.4 KiB, free: 434.4 MiB)
[2026-03-25T16:17:56.737+0000] {subprocess.py:93} INFO - 26/03/25 16:17:56 INFO SparkContext: Created broadcast 1 from broadcast at DAGScheduler.scala:1611
[2026-03-25T16:17:56.749+0000] {subprocess.py:93} INFO - 26/03/25 16:17:56 INFO DAGScheduler: Submitting 1 missing tasks from ResultStage 0 (MapPartitionsRDD[3] at csv at NativeMethodAccessorImpl.java:0) (first 15 tasks are for partitions Vector(0))
[2026-03-25T16:17:56.750+0000] {subprocess.py:93} INFO - 26/03/25 16:17:56 INFO TaskSchedulerImpl: Adding task set 0.0 with 1 tasks resource profile 0
[2026-03-25T16:18:02.409+0000] {subprocess.py:93} INFO - 26/03/25 16:18:02 INFO StandaloneAppClient$ClientEndpoint: Executor added: app-20260325161752-0001/0 on worker-20260325160858-172.18.0.4-46259 (172.18.0.4:46259) with 16 core(s)
[2026-03-25T16:18:02.410+0000] {subprocess.py:93} INFO - 26/03/25 16:18:02 INFO StandaloneSchedulerBackend: Granted executor ID app-20260325161752-0001/0 on hostPort 172.18.0.4:46259 with 16 core(s), 1024.0 MiB RAM
[2026-03-25T16:18:02.445+0000] {subprocess.py:93} INFO - 26/03/25 16:18:02 INFO StandaloneAppClient$ClientEndpoint: Executor updated: app-20260325161752-0001/0 is now RUNNING
[2026-03-25T16:18:03.916+0000] {subprocess.py:93} INFO - 26/03/25 16:18:03 INFO StandaloneSchedulerBackend$StandaloneDriverEndpoint: Registered executor NettyRpcEndpointRef(spark-client://Executor) (172.18.0.4:47768) with ID 0,  ResourceProfileId 0
[2026-03-25T16:18:03.968+0000] {subprocess.py:93} INFO - 26/03/25 16:18:03 INFO BlockManagerMasterEndpoint: Registering block manager 172.18.0.4:37941 with 434.4 MiB RAM, BlockManagerId(0, 172.18.0.4, 37941, None)
[2026-03-25T16:18:04.009+0000] {subprocess.py:93} INFO - 26/03/25 16:18:04 INFO TaskSetManager: Starting task 0.0 in stage 0.0 (TID 0) (172.18.0.4, executor 0, partition 0, PROCESS_LOCAL, 9608 bytes)
[2026-03-25T16:18:04.168+0000] {subprocess.py:93} INFO - 26/03/25 16:18:04 INFO BlockManagerInfo: Added broadcast_1_piece0 in memory on 172.18.0.4:37941 (size: 6.4 KiB, free: 434.4 MiB)
[2026-03-25T16:18:04.623+0000] {subprocess.py:93} INFO - 26/03/25 16:18:04 INFO BlockManagerInfo: Added broadcast_0_piece0 in memory on 172.18.0.4:37941 (size: 34.4 KiB, free: 434.4 MiB)
[2026-03-25T16:18:04.751+0000] {subprocess.py:93} INFO - 26/03/25 16:18:04 INFO TaskSetManager: Finished task 0.0 in stage 0.0 (TID 0) in 749 ms on 172.18.0.4 (executor 0) (1/1)
[2026-03-25T16:18:04.752+0000] {subprocess.py:93} INFO - 26/03/25 16:18:04 INFO TaskSchedulerImpl: Removed TaskSet 0.0, whose tasks have all completed, from pool
[2026-03-25T16:18:04.755+0000] {subprocess.py:93} INFO - 26/03/25 16:18:04 INFO DAGScheduler: ResultStage 0 (csv at NativeMethodAccessorImpl.java:0) finished in 8.063 s
[2026-03-25T16:18:04.757+0000] {subprocess.py:93} INFO - 26/03/25 16:18:04 INFO DAGScheduler: Job 0 is finished. Cancelling potential speculative or zombie tasks for this job
[2026-03-25T16:18:04.757+0000] {subprocess.py:93} INFO - 26/03/25 16:18:04 INFO TaskSchedulerImpl: Killing all running tasks in stage 0: Stage finished
[2026-03-25T16:18:04.758+0000] {subprocess.py:93} INFO - 26/03/25 16:18:04 INFO DAGScheduler: Job 0 finished: csv at NativeMethodAccessorImpl.java:0, took 8.090405 s
[2026-03-25T16:18:04.776+0000] {subprocess.py:93} INFO - 26/03/25 16:18:04 INFO CodeGenerator: Code generated in 8.577191 ms
[2026-03-25T16:18:04.808+0000] {subprocess.py:93} INFO - 26/03/25 16:18:04 INFO FileSourceStrategy: Pushed Filters:
[2026-03-25T16:18:04.809+0000] {subprocess.py:93} INFO - 26/03/25 16:18:04 INFO FileSourceStrategy: Post-Scan Filters:
[2026-03-25T16:18:04.814+0000] {subprocess.py:93} INFO - 26/03/25 16:18:04 INFO MemoryStore: Block broadcast_2 stored as values in memory (estimated size 199.9 KiB, free 434.0 MiB)
[2026-03-25T16:18:04.822+0000] {subprocess.py:93} INFO - 26/03/25 16:18:04 INFO MemoryStore: Block broadcast_2_piece0 stored as bytes in memory (estimated size 34.4 KiB, free 433.9 MiB)
[2026-03-25T16:18:04.826+0000] {subprocess.py:93} INFO - 26/03/25 16:18:04 INFO BlockManagerInfo: Added broadcast_2_piece0 in memory on 58f7d80760c1:45729 (size: 34.4 KiB, free: 434.3 MiB)
[2026-03-25T16:18:04.826+0000] {subprocess.py:93} INFO - 26/03/25 16:18:04 INFO SparkContext: Created broadcast 2 from csv at NativeMethodAccessorImpl.java:0
[2026-03-25T16:18:04.827+0000] {subprocess.py:93} INFO - 26/03/25 16:18:04 INFO FileSourceScanExec: Planning scan with bin packing, max size: 4194304 bytes, open cost is considered as scanning 4194304 bytes.
[2026-03-25T16:18:04.872+0000] {subprocess.py:93} INFO - 26/03/25 16:18:04 INFO SparkContext: Starting job: csv at NativeMethodAccessorImpl.java:0
[2026-03-25T16:18:04.873+0000] {subprocess.py:93} INFO - 26/03/25 16:18:04 INFO DAGScheduler: Got job 1 (csv at NativeMethodAccessorImpl.java:0) with 2 output partitions
[2026-03-25T16:18:04.873+0000] {subprocess.py:93} INFO - 26/03/25 16:18:04 INFO DAGScheduler: Final stage: ResultStage 1 (csv at NativeMethodAccessorImpl.java:0)
[2026-03-25T16:18:04.874+0000] {subprocess.py:93} INFO - 26/03/25 16:18:04 INFO DAGScheduler: Parents of final stage: List()
[2026-03-25T16:18:04.874+0000] {subprocess.py:93} INFO - 26/03/25 16:18:04 INFO DAGScheduler: Missing parents: List()
[2026-03-25T16:18:04.875+0000] {subprocess.py:93} INFO - 26/03/25 16:18:04 INFO DAGScheduler: Submitting ResultStage 1 (MapPartitionsRDD[9] at csv at NativeMethodAccessorImpl.java:0), which has no missing parents
[2026-03-25T16:18:04.888+0000] {subprocess.py:93} INFO - 26/03/25 16:18:04 INFO MemoryStore: Block broadcast_3 stored as values in memory (estimated size 27.8 KiB, free 433.9 MiB)
[2026-03-25T16:18:04.889+0000] {subprocess.py:93} INFO - 26/03/25 16:18:04 INFO MemoryStore: Block broadcast_3_piece0 stored as bytes in memory (estimated size 12.8 KiB, free 433.9 MiB)
[2026-03-25T16:18:04.889+0000] {subprocess.py:93} INFO - 26/03/25 16:18:04 INFO BlockManagerInfo: Added broadcast_3_piece0 in memory on 58f7d80760c1:45729 (size: 12.8 KiB, free: 434.3 MiB)
[2026-03-25T16:18:04.890+0000] {subprocess.py:93} INFO - 26/03/25 16:18:04 INFO SparkContext: Created broadcast 3 from broadcast at DAGScheduler.scala:1611
[2026-03-25T16:18:04.891+0000] {subprocess.py:93} INFO - 26/03/25 16:18:04 INFO DAGScheduler: Submitting 2 missing tasks from ResultStage 1 (MapPartitionsRDD[9] at csv at NativeMethodAccessorImpl.java:0) (first 15 tasks are for partitions Vector(0, 1))
[2026-03-25T16:18:04.891+0000] {subprocess.py:93} INFO - 26/03/25 16:18:04 INFO TaskSchedulerImpl: Adding task set 1.0 with 2 tasks resource profile 0
[2026-03-25T16:18:04.892+0000] {subprocess.py:93} INFO - 26/03/25 16:18:04 INFO TaskSetManager: Starting task 0.0 in stage 1.0 (TID 1) (172.18.0.4, executor 0, partition 0, PROCESS_LOCAL, 9608 bytes)
[2026-03-25T16:18:04.893+0000] {subprocess.py:93} INFO - 26/03/25 16:18:04 INFO TaskSetManager: Starting task 1.0 in stage 1.0 (TID 2) (172.18.0.4, executor 0, partition 1, PROCESS_LOCAL, 9608 bytes)
[2026-03-25T16:18:04.916+0000] {subprocess.py:93} INFO - 26/03/25 16:18:04 INFO BlockManagerInfo: Added broadcast_3_piece0 in memory on 172.18.0.4:37941 (size: 12.8 KiB, free: 434.3 MiB)
[2026-03-25T16:18:05.726+0000] {subprocess.py:93} INFO - 26/03/25 16:18:05 INFO BlockManagerInfo: Added broadcast_2_piece0 in memory on 172.18.0.4:37941 (size: 34.4 KiB, free: 434.3 MiB)
[2026-03-25T16:18:06.018+0000] {subprocess.py:93} INFO - 26/03/25 16:18:06 INFO TaskSetManager: Finished task 1.0 in stage 1.0 (TID 2) in 1125 ms on 172.18.0.4 (executor 0) (1/2)
[2026-03-25T16:18:06.065+0000] {subprocess.py:93} INFO - 26/03/25 16:18:06 INFO TaskSetManager: Finished task 0.0 in stage 1.0 (TID 1) in 1172 ms on 172.18.0.4 (executor 0) (2/2)
[2026-03-25T16:18:06.065+0000] {subprocess.py:93} INFO - 26/03/25 16:18:06 INFO TaskSchedulerImpl: Removed TaskSet 1.0, whose tasks have all completed, from pool
[2026-03-25T16:18:06.066+0000] {subprocess.py:93} INFO - 26/03/25 16:18:06 INFO DAGScheduler: ResultStage 1 (csv at NativeMethodAccessorImpl.java:0) finished in 1.190 s
[2026-03-25T16:18:06.067+0000] {subprocess.py:93} INFO - 26/03/25 16:18:06 INFO DAGScheduler: Job 1 is finished. Cancelling potential speculative or zombie tasks for this job
[2026-03-25T16:18:06.067+0000] {subprocess.py:93} INFO - 26/03/25 16:18:06 INFO TaskSchedulerImpl: Killing all running tasks in stage 1: Stage finished
[2026-03-25T16:18:06.067+0000] {subprocess.py:93} INFO - 26/03/25 16:18:06 INFO DAGScheduler: Job 1 finished: csv at NativeMethodAccessorImpl.java:0, took 1.195383 s
[2026-03-25T16:18:06.278+0000] {subprocess.py:93} INFO - 26/03/25 16:18:06 INFO FileSourceStrategy: Pushed Filters: IsNotNull(quantity),IsNotNull(discount_pct),IsNotNull(sale_id),IsNotNull(customer_id),IsNotNull(product_id),GreaterThan(quantity,0),GreaterThanOrEqual(discount_pct,0),LessThanOrEqual(discount_pct,100)
[2026-03-25T16:18:06.279+0000] {subprocess.py:93} INFO - 26/03/25 16:18:06 INFO FileSourceStrategy: Post-Scan Filters: isnotnull(quantity#21),isnotnull(discount_pct#24),isnotnull(sale_id#17),isnotnull(customer_id#19),isnotnull(product_id#20),(quantity#21 > 0),(discount_pct#24 >= 0),(discount_pct#24 <= 100)
[2026-03-25T16:18:06.448+0000] {subprocess.py:93} INFO - 26/03/25 16:18:06 INFO CodeGenerator: Code generated in 77.300827 ms
[2026-03-25T16:18:06.451+0000] {subprocess.py:93} INFO - 26/03/25 16:18:06 INFO MemoryStore: Block broadcast_4 stored as values in memory (estimated size 199.6 KiB, free 433.7 MiB)
[2026-03-25T16:18:06.458+0000] {subprocess.py:93} INFO - 26/03/25 16:18:06 INFO MemoryStore: Block broadcast_4_piece0 stored as bytes in memory (estimated size 34.3 KiB, free 433.7 MiB)
[2026-03-25T16:18:06.459+0000] {subprocess.py:93} INFO - 26/03/25 16:18:06 INFO BlockManagerInfo: Added broadcast_4_piece0 in memory on 58f7d80760c1:45729 (size: 34.3 KiB, free: 434.3 MiB)
[2026-03-25T16:18:06.460+0000] {subprocess.py:93} INFO - 26/03/25 16:18:06 INFO SparkContext: Created broadcast 4 from parquet at NativeMethodAccessorImpl.java:0
[2026-03-25T16:18:06.465+0000] {subprocess.py:93} INFO - 26/03/25 16:18:06 INFO FileSourceScanExec: Planning scan with bin packing, max size: 4194304 bytes, open cost is considered as scanning 4194304 bytes.
[2026-03-25T16:18:06.499+0000] {subprocess.py:93} INFO - 26/03/25 16:18:06 INFO BlockManagerInfo: Removed broadcast_3_piece0 on 58f7d80760c1:45729 in memory (size: 12.8 KiB, free: 434.3 MiB)
[2026-03-25T16:18:06.505+0000] {subprocess.py:93} INFO - 26/03/25 16:18:06 INFO BlockManagerInfo: Removed broadcast_3_piece0 on 172.18.0.4:37941 in memory (size: 12.8 KiB, free: 434.3 MiB)
[2026-03-25T16:18:06.510+0000] {subprocess.py:93} INFO - 26/03/25 16:18:06 INFO DAGScheduler: Registering RDD 13 (parquet at NativeMethodAccessorImpl.java:0) as input to shuffle 0
[2026-03-25T16:18:06.512+0000] {subprocess.py:93} INFO - 26/03/25 16:18:06 INFO BlockManagerInfo: Removed broadcast_1_piece0 on 58f7d80760c1:45729 in memory (size: 6.4 KiB, free: 434.3 MiB)
[2026-03-25T16:18:06.513+0000] {subprocess.py:93} INFO - 26/03/25 16:18:06 INFO DAGScheduler: Got map stage job 2 (parquet at NativeMethodAccessorImpl.java:0) with 2 output partitions
[2026-03-25T16:18:06.513+0000] {subprocess.py:93} INFO - 26/03/25 16:18:06 INFO DAGScheduler: Final stage: ShuffleMapStage 2 (parquet at NativeMethodAccessorImpl.java:0)
[2026-03-25T16:18:06.514+0000] {subprocess.py:93} INFO - 26/03/25 16:18:06 INFO DAGScheduler: Parents of final stage: List()
[2026-03-25T16:18:06.515+0000] {subprocess.py:93} INFO - 26/03/25 16:18:06 INFO DAGScheduler: Missing parents: List()
[2026-03-25T16:18:06.516+0000] {subprocess.py:93} INFO - 26/03/25 16:18:06 INFO BlockManagerInfo: Removed broadcast_1_piece0 on 172.18.0.4:37941 in memory (size: 6.4 KiB, free: 434.3 MiB)
[2026-03-25T16:18:06.517+0000] {subprocess.py:93} INFO - 26/03/25 16:18:06 INFO DAGScheduler: Submitting ShuffleMapStage 2 (MapPartitionsRDD[13] at parquet at NativeMethodAccessorImpl.java:0), which has no missing parents
[2026-03-25T16:18:06.530+0000] {subprocess.py:93} INFO - 26/03/25 16:18:06 INFO MemoryStore: Block broadcast_5 stored as values in memory (estimated size 55.0 KiB, free 433.7 MiB)
[2026-03-25T16:18:06.532+0000] {subprocess.py:93} INFO - 26/03/25 16:18:06 INFO MemoryStore: Block broadcast_5_piece0 stored as bytes in memory (estimated size 22.9 KiB, free 433.6 MiB)
[2026-03-25T16:18:06.533+0000] {subprocess.py:93} INFO - 26/03/25 16:18:06 INFO BlockManagerInfo: Added broadcast_5_piece0 in memory on 58f7d80760c1:45729 (size: 22.9 KiB, free: 434.3 MiB)
[2026-03-25T16:18:06.534+0000] {subprocess.py:93} INFO - 26/03/25 16:18:06 INFO SparkContext: Created broadcast 5 from broadcast at DAGScheduler.scala:1611
[2026-03-25T16:18:06.536+0000] {subprocess.py:93} INFO - 26/03/25 16:18:06 INFO DAGScheduler: Submitting 2 missing tasks from ShuffleMapStage 2 (MapPartitionsRDD[13] at parquet at NativeMethodAccessorImpl.java:0) (first 15 tasks are for partitions Vector(0, 1))
[2026-03-25T16:18:06.536+0000] {subprocess.py:93} INFO - 26/03/25 16:18:06 INFO TaskSchedulerImpl: Adding task set 2.0 with 2 tasks resource profile 0
[2026-03-25T16:18:06.538+0000] {subprocess.py:93} INFO - 26/03/25 16:18:06 INFO TaskSetManager: Starting task 0.0 in stage 2.0 (TID 3) (172.18.0.4, executor 0, partition 0, PROCESS_LOCAL, 9597 bytes)
[2026-03-25T16:18:06.539+0000] {subprocess.py:93} INFO - 26/03/25 16:18:06 INFO TaskSetManager: Starting task 1.0 in stage 2.0 (TID 4) (172.18.0.4, executor 0, partition 1, PROCESS_LOCAL, 9597 bytes)
[2026-03-25T16:18:06.558+0000] {subprocess.py:93} INFO - 26/03/25 16:18:06 INFO BlockManagerInfo: Added broadcast_5_piece0 in memory on 172.18.0.4:37941 (size: 22.9 KiB, free: 434.3 MiB)
[2026-03-25T16:18:06.849+0000] {subprocess.py:93} INFO - 26/03/25 16:18:06 INFO BlockManagerInfo: Added broadcast_4_piece0 in memory on 172.18.0.4:37941 (size: 34.3 KiB, free: 434.3 MiB)
[2026-03-25T16:18:07.287+0000] {subprocess.py:93} INFO - 26/03/25 16:18:07 INFO TaskSetManager: Finished task 1.0 in stage 2.0 (TID 4) in 748 ms on 172.18.0.4 (executor 0) (1/2)
[2026-03-25T16:18:07.325+0000] {subprocess.py:93} INFO - 26/03/25 16:18:07 INFO TaskSetManager: Finished task 0.0 in stage 2.0 (TID 3) in 787 ms on 172.18.0.4 (executor 0) (2/2)
[2026-03-25T16:18:07.325+0000] {subprocess.py:93} INFO - 26/03/25 16:18:07 INFO TaskSchedulerImpl: Removed TaskSet 2.0, whose tasks have all completed, from pool
[2026-03-25T16:18:07.326+0000] {subprocess.py:93} INFO - 26/03/25 16:18:07 INFO DAGScheduler: ShuffleMapStage 2 (parquet at NativeMethodAccessorImpl.java:0) finished in 0.807 s
[2026-03-25T16:18:07.326+0000] {subprocess.py:93} INFO - 26/03/25 16:18:07 INFO DAGScheduler: looking for newly runnable stages
[2026-03-25T16:18:07.327+0000] {subprocess.py:93} INFO - 26/03/25 16:18:07 INFO DAGScheduler: running: Set()
[2026-03-25T16:18:07.327+0000] {subprocess.py:93} INFO - 26/03/25 16:18:07 INFO DAGScheduler: waiting: Set()
[2026-03-25T16:18:07.327+0000] {subprocess.py:93} INFO - 26/03/25 16:18:07 INFO DAGScheduler: failed: Set()
[2026-03-25T16:18:07.346+0000] {subprocess.py:93} INFO - 26/03/25 16:18:07 INFO ShufflePartitionsUtil: For shuffle(0), advisory target size: 67108864, actual target size 1048576, minimum partition size: 1048576
[2026-03-25T16:18:07.440+0000] {subprocess.py:93} INFO - 26/03/25 16:18:07 INFO ParquetUtils: Using default output committer for Parquet: org.apache.parquet.hadoop.ParquetOutputCommitter
[2026-03-25T16:18:07.459+0000] {subprocess.py:93} INFO - 26/03/25 16:18:07 INFO FileOutputCommitter: File Output Committer Algorithm version is 1
[2026-03-25T16:18:07.459+0000] {subprocess.py:93} INFO - 26/03/25 16:18:07 INFO FileOutputCommitter: FileOutputCommitter skip cleanup _temporary folders under output directory:false, ignore cleanup failures: false
[2026-03-25T16:18:07.460+0000] {subprocess.py:93} INFO - 26/03/25 16:18:07 INFO SQLHadoopMapReduceCommitProtocol: Using user defined output committer class org.apache.parquet.hadoop.ParquetOutputCommitter
[2026-03-25T16:18:07.460+0000] {subprocess.py:93} INFO - 26/03/25 16:18:07 INFO FileOutputCommitter: File Output Committer Algorithm version is 1
[2026-03-25T16:18:07.461+0000] {subprocess.py:93} INFO - 26/03/25 16:18:07 INFO FileOutputCommitter: FileOutputCommitter skip cleanup _temporary folders under output directory:false, ignore cleanup failures: false
[2026-03-25T16:18:07.461+0000] {subprocess.py:93} INFO - 26/03/25 16:18:07 INFO SQLHadoopMapReduceCommitProtocol: Using output committer class org.apache.parquet.hadoop.ParquetOutputCommitter
[2026-03-25T16:18:07.545+0000] {subprocess.py:93} INFO - 26/03/25 16:18:07 INFO CodeGenerator: Code generated in 40.537847 ms
[2026-03-25T16:18:07.570+0000] {subprocess.py:93} INFO - 26/03/25 16:18:07 INFO SparkContext: Starting job: parquet at NativeMethodAccessorImpl.java:0
[2026-03-25T16:18:07.572+0000] {subprocess.py:93} INFO - 26/03/25 16:18:07 INFO DAGScheduler: Got job 3 (parquet at NativeMethodAccessorImpl.java:0) with 4 output partitions
[2026-03-25T16:18:07.572+0000] {subprocess.py:93} INFO - 26/03/25 16:18:07 INFO DAGScheduler: Final stage: ResultStage 4 (parquet at NativeMethodAccessorImpl.java:0)
[2026-03-25T16:18:07.573+0000] {subprocess.py:93} INFO - 26/03/25 16:18:07 INFO DAGScheduler: Parents of final stage: List(ShuffleMapStage 3)
[2026-03-25T16:18:07.573+0000] {subprocess.py:93} INFO - 26/03/25 16:18:07 INFO DAGScheduler: Missing parents: List()
[2026-03-25T16:18:07.573+0000] {subprocess.py:93} INFO - 26/03/25 16:18:07 INFO DAGScheduler: Submitting ResultStage 4 (MapPartitionsRDD[16] at parquet at NativeMethodAccessorImpl.java:0), which has no missing parents
[2026-03-25T16:18:07.596+0000] {subprocess.py:93} INFO - 26/03/25 16:18:07 INFO MemoryStore: Block broadcast_6 stored as values in memory (estimated size 268.6 KiB, free 433.4 MiB)
[2026-03-25T16:18:07.598+0000] {subprocess.py:93} INFO - 26/03/25 16:18:07 INFO MemoryStore: Block broadcast_6_piece0 stored as bytes in memory (estimated size 97.7 KiB, free 433.3 MiB)
[2026-03-25T16:18:07.599+0000] {subprocess.py:93} INFO - 26/03/25 16:18:07 INFO BlockManagerInfo: Added broadcast_6_piece0 in memory on 58f7d80760c1:45729 (size: 97.7 KiB, free: 434.2 MiB)
[2026-03-25T16:18:07.600+0000] {subprocess.py:93} INFO - 26/03/25 16:18:07 INFO SparkContext: Created broadcast 6 from broadcast at DAGScheduler.scala:1611
[2026-03-25T16:18:07.600+0000] {subprocess.py:93} INFO - 26/03/25 16:18:07 INFO DAGScheduler: Submitting 4 missing tasks from ResultStage 4 (MapPartitionsRDD[16] at parquet at NativeMethodAccessorImpl.java:0) (first 15 tasks are for partitions Vector(0, 1, 2, 3))
[2026-03-25T16:18:07.601+0000] {subprocess.py:93} INFO - 26/03/25 16:18:07 INFO TaskSchedulerImpl: Adding task set 4.0 with 4 tasks resource profile 0
[2026-03-25T16:18:07.604+0000] {subprocess.py:93} INFO - 26/03/25 16:18:07 INFO TaskSetManager: Starting task 0.0 in stage 4.0 (TID 5) (172.18.0.4, executor 0, partition 0, NODE_LOCAL, 9003 bytes)
[2026-03-25T16:18:07.605+0000] {subprocess.py:93} INFO - 26/03/25 16:18:07 INFO TaskSetManager: Starting task 1.0 in stage 4.0 (TID 6) (172.18.0.4, executor 0, partition 1, NODE_LOCAL, 9003 bytes)
[2026-03-25T16:18:07.605+0000] {subprocess.py:93} INFO - 26/03/25 16:18:07 INFO TaskSetManager: Starting task 2.0 in stage 4.0 (TID 7) (172.18.0.4, executor 0, partition 2, NODE_LOCAL, 9003 bytes)
[2026-03-25T16:18:07.606+0000] {subprocess.py:93} INFO - 26/03/25 16:18:07 INFO TaskSetManager: Starting task 3.0 in stage 4.0 (TID 8) (172.18.0.4, executor 0, partition 3, NODE_LOCAL, 9003 bytes)
[2026-03-25T16:18:07.624+0000] {subprocess.py:93} INFO - 26/03/25 16:18:07 INFO BlockManagerInfo: Added broadcast_6_piece0 in memory on 172.18.0.4:37941 (size: 97.7 KiB, free: 434.2 MiB)
[2026-03-25T16:18:07.719+0000] {subprocess.py:93} INFO - 26/03/25 16:18:07 INFO MapOutputTrackerMasterEndpoint: Asked to send map output locations for shuffle 0 to 172.18.0.4:47768
[2026-03-25T16:18:08.866+0000] {subprocess.py:93} INFO - 26/03/25 16:18:08 INFO TaskSetManager: Finished task 2.0 in stage 4.0 (TID 7) in 1261 ms on 172.18.0.4 (executor 0) (1/4)
[2026-03-25T16:18:08.867+0000] {subprocess.py:93} INFO - 26/03/25 16:18:08 INFO TaskSetManager: Finished task 1.0 in stage 4.0 (TID 6) in 1262 ms on 172.18.0.4 (executor 0) (2/4)
[2026-03-25T16:18:08.867+0000] {subprocess.py:93} INFO - 26/03/25 16:18:08 INFO TaskSetManager: Finished task 0.0 in stage 4.0 (TID 5) in 1263 ms on 172.18.0.4 (executor 0) (3/4)
[2026-03-25T16:18:08.867+0000] {subprocess.py:93} INFO - 26/03/25 16:18:08 INFO TaskSetManager: Finished task 3.0 in stage 4.0 (TID 8) in 1261 ms on 172.18.0.4 (executor 0) (4/4)
[2026-03-25T16:18:08.868+0000] {subprocess.py:93} INFO - 26/03/25 16:18:08 INFO TaskSchedulerImpl: Removed TaskSet 4.0, whose tasks have all completed, from pool
[2026-03-25T16:18:08.870+0000] {subprocess.py:93} INFO - 26/03/25 16:18:08 INFO DAGScheduler: ResultStage 4 (parquet at NativeMethodAccessorImpl.java:0) finished in 1.292 s
[2026-03-25T16:18:08.870+0000] {subprocess.py:93} INFO - 26/03/25 16:18:08 INFO DAGScheduler: Job 3 is finished. Cancelling potential speculative or zombie tasks for this job
[2026-03-25T16:18:08.871+0000] {subprocess.py:93} INFO - 26/03/25 16:18:08 INFO TaskSchedulerImpl: Killing all running tasks in stage 4: Stage finished
[2026-03-25T16:18:08.871+0000] {subprocess.py:93} INFO - 26/03/25 16:18:08 INFO DAGScheduler: Job 3 finished: parquet at NativeMethodAccessorImpl.java:0, took 1.300648 s
[2026-03-25T16:18:08.873+0000] {subprocess.py:93} INFO - 26/03/25 16:18:08 INFO FileFormatWriter: Start to commit write Job 8149064f-26b2-4b15-bf70-f4276dd9afa4.
[2026-03-25T16:18:09.205+0000] {subprocess.py:93} INFO - 26/03/25 16:18:09 INFO FileFormatWriter: Write Job 8149064f-26b2-4b15-bf70-f4276dd9afa4 committed. Elapsed time: 331 ms.
[2026-03-25T16:18:09.207+0000] {subprocess.py:93} INFO - 26/03/25 16:18:09 INFO FileFormatWriter: Finished processing stats for write job 8149064f-26b2-4b15-bf70-f4276dd9afa4.
[2026-03-25T16:18:09.210+0000] {subprocess.py:93} INFO - Cleaned daily sales written to /opt/spark/data/cleaned/daily_sales
[2026-03-25T16:18:09.210+0000] {subprocess.py:93} INFO - 26/03/25 16:18:09 INFO SparkContext: SparkContext is stopping with exitCode 0.
[2026-03-25T16:18:09.218+0000] {subprocess.py:93} INFO - 26/03/25 16:18:09 INFO SparkUI: Stopped Spark web UI at http://58f7d80760c1:4042
[2026-03-25T16:18:09.220+0000] {subprocess.py:93} INFO - 26/03/25 16:18:09 INFO StandaloneSchedulerBackend: Shutting down all executors
[2026-03-25T16:18:09.221+0000] {subprocess.py:93} INFO - 26/03/25 16:18:09 INFO StandaloneSchedulerBackend$StandaloneDriverEndpoint: Asking each executor to shut down
[2026-03-25T16:18:09.233+0000] {subprocess.py:93} INFO - 26/03/25 16:18:09 INFO MapOutputTrackerMasterEndpoint: MapOutputTrackerMasterEndpoint stopped!
[2026-03-25T16:18:09.247+0000] {subprocess.py:93} INFO - 26/03/25 16:18:09 INFO MemoryStore: MemoryStore cleared
[2026-03-25T16:18:09.248+0000] {subprocess.py:93} INFO - 26/03/25 16:18:09 INFO BlockManager: BlockManager stopped
[2026-03-25T16:18:09.251+0000] {subprocess.py:93} INFO - 26/03/25 16:18:09 INFO BlockManagerMaster: BlockManagerMaster stopped
[2026-03-25T16:18:09.252+0000] {subprocess.py:93} INFO - 26/03/25 16:18:09 INFO OutputCommitCoordinator$OutputCommitCoordinatorEndpoint: OutputCommitCoordinator stopped!
[2026-03-25T16:18:09.262+0000] {subprocess.py:93} INFO - 26/03/25 16:18:09 INFO SparkContext: Successfully stopped SparkContext
[2026-03-25T16:18:09.309+0000] {subprocess.py:93} INFO - 26/03/25 16:18:09 INFO ShutdownHookManager: Shutdown hook called
[2026-03-25T16:18:09.310+0000] {subprocess.py:93} INFO - 26/03/25 16:18:09 INFO ShutdownHookManager: Deleting directory /tmp/spark-3843f69d-729d-4250-b74c-4f5321192c37/pyspark-ee0f3ce4-eb9b-496c-8e2a-cf505dc08da3
[2026-03-25T16:18:09.313+0000] {subprocess.py:93} INFO - 26/03/25 16:18:09 INFO ShutdownHookManager: Deleting directory /tmp/spark-58fd2326-39c7-4eac-90d7-926aca459eed
[2026-03-25T16:18:09.315+0000] {subprocess.py:93} INFO - 26/03/25 16:18:09 INFO ShutdownHookManager: Deleting directory /tmp/spark-3843f69d-729d-4250-b74c-4f5321192c37
[2026-03-25T16:18:09.377+0000] {subprocess.py:97} INFO - Command exited with return code 0
[2026-03-25T16:18:09.378+0000] {taskinstance.py:441} INFO - ::group::Post task execution logs
[2026-03-25T16:18:09.398+0000] {taskinstance.py:1205} INFO - Marking task as SUCCESS. dag_id=etl_spark_pipeline, task_id=spark_cleanse_daily_sales, execution_date=20260325T161540, start_date=20260325T161748, end_date=20260325T161809
[2026-03-25T16:18:09.448+0000] {local_task_job_runner.py:240} INFO - Task exited with return code 0
[2026-03-25T16:18:09.465+0000] {taskinstance.py:3482} INFO - 0 downstream tasks scheduled from follow-on schedule check
[2026-03-25T16:18:09.466+0000] {local_task_job_runner.py:222} INFO - ::endgroup::
