[2026-03-24T19:19:10.743+0000] {local_task_job_runner.py:120} INFO - ::group::Pre task execution logs
[2026-03-24T19:19:10.771+0000] {taskinstance.py:2073} INFO - Dependencies all met for dep_context=non-requeueable deps ti=<TaskInstance: etl_spark_pipeline.spark_cleanse_daily_sales manual__2026-03-24T19:16:50.803684+00:00 [queued]>
[2026-03-24T19:19:10.778+0000] {taskinstance.py:2073} INFO - Dependencies all met for dep_context=requeueable deps ti=<TaskInstance: etl_spark_pipeline.spark_cleanse_daily_sales manual__2026-03-24T19:16:50.803684+00:00 [queued]>
[2026-03-24T19:19:10.779+0000] {taskinstance.py:2303} INFO - Starting attempt 1 of 2
[2026-03-24T19:19:10.790+0000] {taskinstance.py:2327} INFO - Executing <Task(BashOperator): spark_cleanse_daily_sales> on 2026-03-24 19:16:50.803684+00:00
[2026-03-24T19:19:10.801+0000] {logging_mixin.py:188} WARNING - /home/airflow/.local/lib/python3.12/site-packages/airflow/task/task_runner/standard_task_runner.py:61 DeprecationWarning: This process (pid=844) is multi-threaded, use of fork() may lead to deadlocks in the child.
[2026-03-24T19:19:10.801+0000] {standard_task_runner.py:90} INFO - Running: ['airflow', 'tasks', 'run', 'etl_spark_pipeline', 'spark_cleanse_daily_sales', 'manual__2026-03-24T19:16:50.803684+00:00', '--job-id', '54', '--raw', '--subdir', 'DAGS_FOLDER/etl_spark_pipeline.py', '--cfg-path', '/tmp/tmpdqfz5zmz']
[2026-03-24T19:19:10.803+0000] {standard_task_runner.py:63} INFO - Started process 848 to run task
[2026-03-24T19:19:10.803+0000] {standard_task_runner.py:91} INFO - Job 54: Subtask spark_cleanse_daily_sales
[2026-03-24T19:19:10.855+0000] {task_command.py:426} INFO - Running <TaskInstance: etl_spark_pipeline.spark_cleanse_daily_sales manual__2026-03-24T19:16:50.803684+00:00 [running]> on host 2006b063b9a3
[2026-03-24T19:19:10.931+0000] {taskinstance.py:2644} INFO - Exporting env vars: AIRFLOW_CTX_DAG_OWNER='tori' AIRFLOW_CTX_DAG_ID='etl_spark_pipeline' AIRFLOW_CTX_TASK_ID='spark_cleanse_daily_sales' AIRFLOW_CTX_EXECUTION_DATE='2026-03-24T19:16:50.803684+00:00' AIRFLOW_CTX_TRY_NUMBER='1' AIRFLOW_CTX_DAG_RUN_ID='manual__2026-03-24T19:16:50.803684+00:00'
[2026-03-24T19:19:10.933+0000] {taskinstance.py:430} INFO - ::endgroup::
[2026-03-24T19:19:10.945+0000] {subprocess.py:63} INFO - Tmp dir root location: /tmp
[2026-03-24T19:19:10.946+0000] {subprocess.py:75} INFO - Running command: ['/usr/bin/bash', '-c', 'docker exec spark_master /opt/spark/bin/spark-submit /opt/spark/jobs/spark_cleanse.py daily_sales /opt/spark/data/raw/daily_sales.csv /opt/spark/data/cleaned/daily_sales']
[2026-03-24T19:19:10.959+0000] {subprocess.py:86} INFO - Output:
[2026-03-24T19:19:13.289+0000] {subprocess.py:93} INFO - 26/03/24 19:19:13 INFO SparkContext: Running Spark version 3.5.7
[2026-03-24T19:19:13.292+0000] {subprocess.py:93} INFO - 26/03/24 19:19:13 INFO SparkContext: OS info Linux, 6.6.87.2-microsoft-standard-WSL2, amd64
[2026-03-24T19:19:13.293+0000] {subprocess.py:93} INFO - 26/03/24 19:19:13 INFO SparkContext: Java version 17.0.18
[2026-03-24T19:19:13.366+0000] {subprocess.py:93} INFO - 26/03/24 19:19:13 WARN NativeCodeLoader: Unable to load native-hadoop library for your platform... using builtin-java classes where applicable
[2026-03-24T19:19:13.478+0000] {subprocess.py:93} INFO - 26/03/24 19:19:13 INFO ResourceUtils: ==============================================================
[2026-03-24T19:19:13.480+0000] {subprocess.py:93} INFO - 26/03/24 19:19:13 INFO ResourceUtils: No custom resources configured for spark.driver.
[2026-03-24T19:19:13.480+0000] {subprocess.py:93} INFO - 26/03/24 19:19:13 INFO ResourceUtils: ==============================================================
[2026-03-24T19:19:13.481+0000] {subprocess.py:93} INFO - 26/03/24 19:19:13 INFO SparkContext: Submitted application: clean_daily_sales
[2026-03-24T19:19:13.502+0000] {subprocess.py:93} INFO - 26/03/24 19:19:13 INFO ResourceProfile: Default ResourceProfile created, executor resources: Map(memory -> name: memory, amount: 1024, script: , vendor: , offHeap -> name: offHeap, amount: 0, script: , vendor: ), task resources: Map(cpus -> name: cpus, amount: 1.0)
[2026-03-24T19:19:13.510+0000] {subprocess.py:93} INFO - 26/03/24 19:19:13 INFO ResourceProfile: Limiting resource is cpu
[2026-03-24T19:19:13.511+0000] {subprocess.py:93} INFO - 26/03/24 19:19:13 INFO ResourceProfileManager: Added ResourceProfile id: 0
[2026-03-24T19:19:13.562+0000] {subprocess.py:93} INFO - 26/03/24 19:19:13 INFO SecurityManager: Changing view acls to: spark
[2026-03-24T19:19:13.563+0000] {subprocess.py:93} INFO - 26/03/24 19:19:13 INFO SecurityManager: Changing modify acls to: spark
[2026-03-24T19:19:13.564+0000] {subprocess.py:93} INFO - 26/03/24 19:19:13 INFO SecurityManager: Changing view acls groups to:
[2026-03-24T19:19:13.565+0000] {subprocess.py:93} INFO - 26/03/24 19:19:13 INFO SecurityManager: Changing modify acls groups to:
[2026-03-24T19:19:13.565+0000] {subprocess.py:93} INFO - 26/03/24 19:19:13 INFO SecurityManager: SecurityManager: authentication disabled; ui acls disabled; users with view permissions: spark; groups with view permissions: EMPTY; users with modify permissions: spark; groups with modify permissions: EMPTY
[2026-03-24T19:19:13.833+0000] {subprocess.py:93} INFO - 26/03/24 19:19:13 INFO Utils: Successfully started service 'sparkDriver' on port 34729.
[2026-03-24T19:19:13.862+0000] {subprocess.py:93} INFO - 26/03/24 19:19:13 INFO SparkEnv: Registering MapOutputTracker
[2026-03-24T19:19:13.907+0000] {subprocess.py:93} INFO - 26/03/24 19:19:13 INFO SparkEnv: Registering BlockManagerMaster
[2026-03-24T19:19:13.942+0000] {subprocess.py:93} INFO - 26/03/24 19:19:13 INFO BlockManagerMasterEndpoint: Using org.apache.spark.storage.DefaultTopologyMapper for getting topology information
[2026-03-24T19:19:13.946+0000] {subprocess.py:93} INFO - 26/03/24 19:19:13 INFO BlockManagerMasterEndpoint: BlockManagerMasterEndpoint up
[2026-03-24T19:19:13.949+0000] {subprocess.py:93} INFO - 26/03/24 19:19:13 INFO SparkEnv: Registering BlockManagerMasterHeartbeat
[2026-03-24T19:19:13.989+0000] {subprocess.py:93} INFO - 26/03/24 19:19:13 INFO DiskBlockManager: Created local directory at /tmp/blockmgr-1da710b7-d4b0-4111-a28d-55d33010cab9
[2026-03-24T19:19:14.011+0000] {subprocess.py:93} INFO - 26/03/24 19:19:14 INFO MemoryStore: MemoryStore started with capacity 434.4 MiB
[2026-03-24T19:19:14.036+0000] {subprocess.py:93} INFO - 26/03/24 19:19:14 INFO SparkEnv: Registering OutputCommitCoordinator
[2026-03-24T19:19:14.165+0000] {subprocess.py:93} INFO - 26/03/24 19:19:14 INFO JettyUtils: Start Jetty 0.0.0.0:4040 for SparkUI
[2026-03-24T19:19:14.229+0000] {subprocess.py:93} INFO - 26/03/24 19:19:14 WARN Utils: Service 'SparkUI' could not bind on port 4040. Attempting port 4041.
[2026-03-24T19:19:14.240+0000] {subprocess.py:93} INFO - 26/03/24 19:19:14 INFO Utils: Successfully started service 'SparkUI' on port 4041.
[2026-03-24T19:19:14.391+0000] {subprocess.py:93} INFO - 26/03/24 19:19:14 INFO StandaloneAppClient$ClientEndpoint: Connecting to master spark://spark-master:7077...
[2026-03-24T19:19:14.436+0000] {subprocess.py:93} INFO - 26/03/24 19:19:14 INFO TransportClientFactory: Successfully created connection to spark-master/172.18.0.3:7077 after 23 ms (0 ms spent in bootstraps)
[2026-03-24T19:19:14.539+0000] {subprocess.py:93} INFO - 26/03/24 19:19:14 INFO StandaloneSchedulerBackend: Connected to Spark cluster with app ID app-20260324191914-0002
[2026-03-24T19:19:14.551+0000] {subprocess.py:93} INFO - 26/03/24 19:19:14 INFO Utils: Successfully started service 'org.apache.spark.network.netty.NettyBlockTransferService' on port 43145.
[2026-03-24T19:19:14.552+0000] {subprocess.py:93} INFO - 26/03/24 19:19:14 INFO NettyBlockTransferService: Server created on 51deb5757cc7:43145
[2026-03-24T19:19:14.554+0000] {subprocess.py:93} INFO - 26/03/24 19:19:14 INFO BlockManager: Using org.apache.spark.storage.RandomBlockReplicationPolicy for block replication policy
[2026-03-24T19:19:14.563+0000] {subprocess.py:93} INFO - 26/03/24 19:19:14 INFO BlockManagerMaster: Registering BlockManager BlockManagerId(driver, 51deb5757cc7, 43145, None)
[2026-03-24T19:19:14.567+0000] {subprocess.py:93} INFO - 26/03/24 19:19:14 INFO BlockManagerMasterEndpoint: Registering block manager 51deb5757cc7:43145 with 434.4 MiB RAM, BlockManagerId(driver, 51deb5757cc7, 43145, None)
[2026-03-24T19:19:14.570+0000] {subprocess.py:93} INFO - 26/03/24 19:19:14 INFO BlockManagerMaster: Registered BlockManager BlockManagerId(driver, 51deb5757cc7, 43145, None)
[2026-03-24T19:19:14.571+0000] {subprocess.py:93} INFO - 26/03/24 19:19:14 INFO BlockManager: Initialized BlockManager: BlockManagerId(driver, 51deb5757cc7, 43145, None)
[2026-03-24T19:19:14.796+0000] {subprocess.py:93} INFO - 26/03/24 19:19:14 INFO StandaloneSchedulerBackend: SchedulerBackend is ready for scheduling beginning after reached minRegisteredResourcesRatio: 0.0
[2026-03-24T19:19:15.092+0000] {subprocess.py:93} INFO - 26/03/24 19:19:15 INFO SharedState: Setting hive.metastore.warehouse.dir ('null') to the value of spark.sql.warehouse.dir.
[2026-03-24T19:19:15.109+0000] {subprocess.py:93} INFO - 26/03/24 19:19:15 INFO SharedState: Warehouse path is 'file:/opt/spark/work-dir/spark-warehouse'.
[2026-03-24T19:19:16.211+0000] {subprocess.py:93} INFO - 26/03/24 19:19:16 INFO InMemoryFileIndex: It took 113 ms to list leaf files for 1 paths.
[2026-03-24T19:19:16.294+0000] {subprocess.py:93} INFO - 26/03/24 19:19:16 INFO InMemoryFileIndex: It took 9 ms to list leaf files for 1 paths.
[2026-03-24T19:19:18.494+0000] {subprocess.py:93} INFO - 26/03/24 19:19:18 INFO FileSourceStrategy: Pushed Filters:
[2026-03-24T19:19:18.496+0000] {subprocess.py:93} INFO - 26/03/24 19:19:18 INFO FileSourceStrategy: Post-Scan Filters: (length(trim(value#0, None)) > 0)
[2026-03-24T19:19:18.954+0000] {subprocess.py:93} INFO - 26/03/24 19:19:18 INFO CodeGenerator: Code generated in 158.213696 ms
[2026-03-24T19:19:19.006+0000] {subprocess.py:93} INFO - 26/03/24 19:19:19 INFO MemoryStore: Block broadcast_0 stored as values in memory (estimated size 199.9 KiB, free 434.2 MiB)
[2026-03-24T19:19:19.064+0000] {subprocess.py:93} INFO - 26/03/24 19:19:19 INFO MemoryStore: Block broadcast_0_piece0 stored as bytes in memory (estimated size 34.4 KiB, free 434.2 MiB)
[2026-03-24T19:19:19.067+0000] {subprocess.py:93} INFO - 26/03/24 19:19:19 INFO BlockManagerInfo: Added broadcast_0_piece0 in memory on 51deb5757cc7:43145 (size: 34.4 KiB, free: 434.4 MiB)
[2026-03-24T19:19:19.072+0000] {subprocess.py:93} INFO - 26/03/24 19:19:19 INFO SparkContext: Created broadcast 0 from csv at NativeMethodAccessorImpl.java:0
[2026-03-24T19:19:19.088+0000] {subprocess.py:93} INFO - 26/03/24 19:19:19 INFO FileSourceScanExec: Planning scan with bin packing, max size: 5517146 bytes, open cost is considered as scanning 4194304 bytes.
[2026-03-24T19:19:19.178+0000] {subprocess.py:93} INFO - 26/03/24 19:19:19 INFO SparkContext: Starting job: csv at NativeMethodAccessorImpl.java:0
[2026-03-24T19:19:19.197+0000] {subprocess.py:93} INFO - 26/03/24 19:19:19 INFO DAGScheduler: Got job 0 (csv at NativeMethodAccessorImpl.java:0) with 1 output partitions
[2026-03-24T19:19:19.198+0000] {subprocess.py:93} INFO - 26/03/24 19:19:19 INFO DAGScheduler: Final stage: ResultStage 0 (csv at NativeMethodAccessorImpl.java:0)
[2026-03-24T19:19:19.198+0000] {subprocess.py:93} INFO - 26/03/24 19:19:19 INFO DAGScheduler: Parents of final stage: List()
[2026-03-24T19:19:19.199+0000] {subprocess.py:93} INFO - 26/03/24 19:19:19 INFO DAGScheduler: Missing parents: List()
[2026-03-24T19:19:19.203+0000] {subprocess.py:93} INFO - 26/03/24 19:19:19 INFO DAGScheduler: Submitting ResultStage 0 (MapPartitionsRDD[3] at csv at NativeMethodAccessorImpl.java:0), which has no missing parents
[2026-03-24T19:19:19.262+0000] {subprocess.py:93} INFO - 26/03/24 19:19:19 INFO MemoryStore: Block broadcast_1 stored as values in memory (estimated size 13.5 KiB, free 434.2 MiB)
[2026-03-24T19:19:19.266+0000] {subprocess.py:93} INFO - 26/03/24 19:19:19 INFO MemoryStore: Block broadcast_1_piece0 stored as bytes in memory (estimated size 6.4 KiB, free 434.2 MiB)
[2026-03-24T19:19:19.266+0000] {subprocess.py:93} INFO - 26/03/24 19:19:19 INFO BlockManagerInfo: Added broadcast_1_piece0 in memory on 51deb5757cc7:43145 (size: 6.4 KiB, free: 434.4 MiB)
[2026-03-24T19:19:19.267+0000] {subprocess.py:93} INFO - 26/03/24 19:19:19 INFO SparkContext: Created broadcast 1 from broadcast at DAGScheduler.scala:1611
[2026-03-24T19:19:19.280+0000] {subprocess.py:93} INFO - 26/03/24 19:19:19 INFO DAGScheduler: Submitting 1 missing tasks from ResultStage 0 (MapPartitionsRDD[3] at csv at NativeMethodAccessorImpl.java:0) (first 15 tasks are for partitions Vector(0))
[2026-03-24T19:19:19.280+0000] {subprocess.py:93} INFO - 26/03/24 19:19:19 INFO TaskSchedulerImpl: Adding task set 0.0 with 1 tasks resource profile 0
[2026-03-24T19:19:25.140+0000] {subprocess.py:93} INFO - 26/03/24 19:19:25 INFO StandaloneAppClient$ClientEndpoint: Executor added: app-20260324191914-0002/0 on worker-20260324175841-172.18.0.5-37619 (172.18.0.5:37619) with 16 core(s)
[2026-03-24T19:19:25.142+0000] {subprocess.py:93} INFO - 26/03/24 19:19:25 INFO StandaloneSchedulerBackend: Granted executor ID app-20260324191914-0002/0 on hostPort 172.18.0.5:37619 with 16 core(s), 1024.0 MiB RAM
[2026-03-24T19:19:25.181+0000] {subprocess.py:93} INFO - 26/03/24 19:19:25 INFO StandaloneAppClient$ClientEndpoint: Executor updated: app-20260324191914-0002/0 is now RUNNING
[2026-03-24T19:19:26.724+0000] {subprocess.py:93} INFO - 26/03/24 19:19:26 INFO StandaloneSchedulerBackend$StandaloneDriverEndpoint: Registered executor NettyRpcEndpointRef(spark-client://Executor) (172.18.0.5:43232) with ID 0,  ResourceProfileId 0
[2026-03-24T19:19:26.780+0000] {subprocess.py:93} INFO - 26/03/24 19:19:26 INFO BlockManagerMasterEndpoint: Registering block manager 172.18.0.5:36803 with 434.4 MiB RAM, BlockManagerId(0, 172.18.0.5, 36803, None)
[2026-03-24T19:19:26.820+0000] {subprocess.py:93} INFO - 26/03/24 19:19:26 INFO TaskSetManager: Starting task 0.0 in stage 0.0 (TID 0) (172.18.0.5, executor 0, partition 0, PROCESS_LOCAL, 9608 bytes)
[2026-03-24T19:19:26.989+0000] {subprocess.py:93} INFO - 26/03/24 19:19:26 INFO BlockManagerInfo: Added broadcast_1_piece0 in memory on 172.18.0.5:36803 (size: 6.4 KiB, free: 434.4 MiB)
[2026-03-24T19:19:27.476+0000] {subprocess.py:93} INFO - 26/03/24 19:19:27 INFO BlockManagerInfo: Added broadcast_0_piece0 in memory on 172.18.0.5:36803 (size: 34.4 KiB, free: 434.4 MiB)
[2026-03-24T19:19:27.618+0000] {subprocess.py:93} INFO - 26/03/24 19:19:27 INFO TaskSetManager: Finished task 0.0 in stage 0.0 (TID 0) in 805 ms on 172.18.0.5 (executor 0) (1/1)
[2026-03-24T19:19:27.619+0000] {subprocess.py:93} INFO - 26/03/24 19:19:27 INFO TaskSchedulerImpl: Removed TaskSet 0.0, whose tasks have all completed, from pool
[2026-03-24T19:19:27.622+0000] {subprocess.py:93} INFO - 26/03/24 19:19:27 INFO DAGScheduler: ResultStage 0 (csv at NativeMethodAccessorImpl.java:0) finished in 8.408 s
[2026-03-24T19:19:27.624+0000] {subprocess.py:93} INFO - 26/03/24 19:19:27 INFO DAGScheduler: Job 0 is finished. Cancelling potential speculative or zombie tasks for this job
[2026-03-24T19:19:27.624+0000] {subprocess.py:93} INFO - 26/03/24 19:19:27 INFO TaskSchedulerImpl: Killing all running tasks in stage 0: Stage finished
[2026-03-24T19:19:27.625+0000] {subprocess.py:93} INFO - 26/03/24 19:19:27 INFO DAGScheduler: Job 0 finished: csv at NativeMethodAccessorImpl.java:0, took 8.447632 s
[2026-03-24T19:19:27.645+0000] {subprocess.py:93} INFO - 26/03/24 19:19:27 INFO CodeGenerator: Code generated in 9.464849 ms
[2026-03-24T19:19:27.682+0000] {subprocess.py:93} INFO - 26/03/24 19:19:27 INFO FileSourceStrategy: Pushed Filters:
[2026-03-24T19:19:27.683+0000] {subprocess.py:93} INFO - 26/03/24 19:19:27 INFO FileSourceStrategy: Post-Scan Filters:
[2026-03-24T19:19:27.689+0000] {subprocess.py:93} INFO - 26/03/24 19:19:27 INFO MemoryStore: Block broadcast_2 stored as values in memory (estimated size 199.9 KiB, free 434.0 MiB)
[2026-03-24T19:19:27.697+0000] {subprocess.py:93} INFO - 26/03/24 19:19:27 INFO MemoryStore: Block broadcast_2_piece0 stored as bytes in memory (estimated size 34.4 KiB, free 433.9 MiB)
[2026-03-24T19:19:27.698+0000] {subprocess.py:93} INFO - 26/03/24 19:19:27 INFO BlockManagerInfo: Added broadcast_2_piece0 in memory on 51deb5757cc7:43145 (size: 34.4 KiB, free: 434.3 MiB)
[2026-03-24T19:19:27.699+0000] {subprocess.py:93} INFO - 26/03/24 19:19:27 INFO SparkContext: Created broadcast 2 from csv at NativeMethodAccessorImpl.java:0
[2026-03-24T19:19:27.701+0000] {subprocess.py:93} INFO - 26/03/24 19:19:27 INFO FileSourceScanExec: Planning scan with bin packing, max size: 4194304 bytes, open cost is considered as scanning 4194304 bytes.
[2026-03-24T19:19:27.750+0000] {subprocess.py:93} INFO - 26/03/24 19:19:27 INFO SparkContext: Starting job: csv at NativeMethodAccessorImpl.java:0
[2026-03-24T19:19:27.752+0000] {subprocess.py:93} INFO - 26/03/24 19:19:27 INFO DAGScheduler: Got job 1 (csv at NativeMethodAccessorImpl.java:0) with 2 output partitions
[2026-03-24T19:19:27.753+0000] {subprocess.py:93} INFO - 26/03/24 19:19:27 INFO DAGScheduler: Final stage: ResultStage 1 (csv at NativeMethodAccessorImpl.java:0)
[2026-03-24T19:19:27.753+0000] {subprocess.py:93} INFO - 26/03/24 19:19:27 INFO DAGScheduler: Parents of final stage: List()
[2026-03-24T19:19:27.754+0000] {subprocess.py:93} INFO - 26/03/24 19:19:27 INFO DAGScheduler: Missing parents: List()
[2026-03-24T19:19:27.754+0000] {subprocess.py:93} INFO - 26/03/24 19:19:27 INFO DAGScheduler: Submitting ResultStage 1 (MapPartitionsRDD[9] at csv at NativeMethodAccessorImpl.java:0), which has no missing parents
[2026-03-24T19:19:27.773+0000] {subprocess.py:93} INFO - 26/03/24 19:19:27 INFO MemoryStore: Block broadcast_3 stored as values in memory (estimated size 27.8 KiB, free 433.9 MiB)
[2026-03-24T19:19:27.775+0000] {subprocess.py:93} INFO - 26/03/24 19:19:27 INFO MemoryStore: Block broadcast_3_piece0 stored as bytes in memory (estimated size 12.8 KiB, free 433.9 MiB)
[2026-03-24T19:19:27.776+0000] {subprocess.py:93} INFO - 26/03/24 19:19:27 INFO BlockManagerInfo: Added broadcast_3_piece0 in memory on 51deb5757cc7:43145 (size: 12.8 KiB, free: 434.3 MiB)
[2026-03-24T19:19:27.776+0000] {subprocess.py:93} INFO - 26/03/24 19:19:27 INFO SparkContext: Created broadcast 3 from broadcast at DAGScheduler.scala:1611
[2026-03-24T19:19:27.777+0000] {subprocess.py:93} INFO - 26/03/24 19:19:27 INFO DAGScheduler: Submitting 2 missing tasks from ResultStage 1 (MapPartitionsRDD[9] at csv at NativeMethodAccessorImpl.java:0) (first 15 tasks are for partitions Vector(0, 1))
[2026-03-24T19:19:27.777+0000] {subprocess.py:93} INFO - 26/03/24 19:19:27 INFO TaskSchedulerImpl: Adding task set 1.0 with 2 tasks resource profile 0
[2026-03-24T19:19:27.779+0000] {subprocess.py:93} INFO - 26/03/24 19:19:27 INFO TaskSetManager: Starting task 0.0 in stage 1.0 (TID 1) (172.18.0.5, executor 0, partition 0, PROCESS_LOCAL, 9608 bytes)
[2026-03-24T19:19:27.779+0000] {subprocess.py:93} INFO - 26/03/24 19:19:27 INFO TaskSetManager: Starting task 1.0 in stage 1.0 (TID 2) (172.18.0.5, executor 0, partition 1, PROCESS_LOCAL, 9608 bytes)
[2026-03-24T19:19:27.796+0000] {subprocess.py:93} INFO - 26/03/24 19:19:27 INFO BlockManagerInfo: Removed broadcast_1_piece0 on 51deb5757cc7:43145 in memory (size: 6.4 KiB, free: 434.3 MiB)
[2026-03-24T19:19:27.804+0000] {subprocess.py:93} INFO - 26/03/24 19:19:27 INFO BlockManagerInfo: Removed broadcast_1_piece0 on 172.18.0.5:36803 in memory (size: 6.4 KiB, free: 434.4 MiB)
[2026-03-24T19:19:27.813+0000] {subprocess.py:93} INFO - 26/03/24 19:19:27 INFO BlockManagerInfo: Added broadcast_3_piece0 in memory on 172.18.0.5:36803 (size: 12.8 KiB, free: 434.4 MiB)
[2026-03-24T19:19:28.630+0000] {subprocess.py:93} INFO - 26/03/24 19:19:28 INFO BlockManagerInfo: Added broadcast_2_piece0 in memory on 172.18.0.5:36803 (size: 34.4 KiB, free: 434.3 MiB)
[2026-03-24T19:19:28.911+0000] {subprocess.py:93} INFO - 26/03/24 19:19:28 INFO TaskSetManager: Finished task 1.0 in stage 1.0 (TID 2) in 1131 ms on 172.18.0.5 (executor 0) (1/2)
[2026-03-24T19:19:28.956+0000] {subprocess.py:93} INFO - 26/03/24 19:19:28 INFO TaskSetManager: Finished task 0.0 in stage 1.0 (TID 1) in 1177 ms on 172.18.0.5 (executor 0) (2/2)
[2026-03-24T19:19:28.957+0000] {subprocess.py:93} INFO - 26/03/24 19:19:28 INFO TaskSchedulerImpl: Removed TaskSet 1.0, whose tasks have all completed, from pool
[2026-03-24T19:19:28.958+0000] {subprocess.py:93} INFO - 26/03/24 19:19:28 INFO DAGScheduler: ResultStage 1 (csv at NativeMethodAccessorImpl.java:0) finished in 1.201 s
[2026-03-24T19:19:28.958+0000] {subprocess.py:93} INFO - 26/03/24 19:19:28 INFO DAGScheduler: Job 1 is finished. Cancelling potential speculative or zombie tasks for this job
[2026-03-24T19:19:28.958+0000] {subprocess.py:93} INFO - 26/03/24 19:19:28 INFO TaskSchedulerImpl: Killing all running tasks in stage 1: Stage finished
[2026-03-24T19:19:28.958+0000] {subprocess.py:93} INFO - 26/03/24 19:19:28 INFO DAGScheduler: Job 1 finished: csv at NativeMethodAccessorImpl.java:0, took 1.207272 s
[2026-03-24T19:19:29.158+0000] {subprocess.py:93} INFO - 26/03/24 19:19:29 INFO FileSourceStrategy: Pushed Filters: IsNotNull(quantity),IsNotNull(discount_pct),IsNotNull(sale_id),IsNotNull(customer_id),IsNotNull(product_id),GreaterThan(quantity,0),GreaterThanOrEqual(discount_pct,0),LessThanOrEqual(discount_pct,100)
[2026-03-24T19:19:29.159+0000] {subprocess.py:93} INFO - 26/03/24 19:19:29 INFO FileSourceStrategy: Post-Scan Filters: isnotnull(quantity#21),isnotnull(discount_pct#24),isnotnull(sale_id#17),isnotnull(customer_id#19),isnotnull(product_id#20),(quantity#21 > 0),(discount_pct#24 >= 0),(discount_pct#24 <= 100)
[2026-03-24T19:19:29.339+0000] {subprocess.py:93} INFO - 26/03/24 19:19:29 INFO CodeGenerator: Code generated in 85.99783 ms
[2026-03-24T19:19:29.343+0000] {subprocess.py:93} INFO - 26/03/24 19:19:29 INFO MemoryStore: Block broadcast_4 stored as values in memory (estimated size 199.6 KiB, free 433.7 MiB)
[2026-03-24T19:19:29.353+0000] {subprocess.py:93} INFO - 26/03/24 19:19:29 INFO BlockManagerInfo: Removed broadcast_3_piece0 on 51deb5757cc7:43145 in memory (size: 12.8 KiB, free: 434.3 MiB)
[2026-03-24T19:19:29.356+0000] {subprocess.py:93} INFO - 26/03/24 19:19:29 INFO MemoryStore: Block broadcast_4_piece0 stored as bytes in memory (estimated size 34.3 KiB, free 433.7 MiB)
[2026-03-24T19:19:29.357+0000] {subprocess.py:93} INFO - 26/03/24 19:19:29 INFO BlockManagerInfo: Removed broadcast_3_piece0 on 172.18.0.5:36803 in memory (size: 12.8 KiB, free: 434.3 MiB)
[2026-03-24T19:19:29.357+0000] {subprocess.py:93} INFO - 26/03/24 19:19:29 INFO BlockManagerInfo: Added broadcast_4_piece0 in memory on 51deb5757cc7:43145 (size: 34.3 KiB, free: 434.3 MiB)
[2026-03-24T19:19:29.358+0000] {subprocess.py:93} INFO - 26/03/24 19:19:29 INFO SparkContext: Created broadcast 4 from parquet at NativeMethodAccessorImpl.java:0
[2026-03-24T19:19:29.363+0000] {subprocess.py:93} INFO - 26/03/24 19:19:29 INFO FileSourceScanExec: Planning scan with bin packing, max size: 4194304 bytes, open cost is considered as scanning 4194304 bytes.
[2026-03-24T19:19:29.371+0000] {subprocess.py:93} INFO - 26/03/24 19:19:29 INFO BlockManagerInfo: Removed broadcast_0_piece0 on 51deb5757cc7:43145 in memory (size: 34.4 KiB, free: 434.3 MiB)
[2026-03-24T19:19:29.374+0000] {subprocess.py:93} INFO - 26/03/24 19:19:29 INFO BlockManagerInfo: Removed broadcast_0_piece0 on 172.18.0.5:36803 in memory (size: 34.4 KiB, free: 434.4 MiB)
[2026-03-24T19:19:29.383+0000] {subprocess.py:93} INFO - 26/03/24 19:19:29 INFO BlockManagerInfo: Removed broadcast_2_piece0 on 51deb5757cc7:43145 in memory (size: 34.4 KiB, free: 434.4 MiB)
[2026-03-24T19:19:29.390+0000] {subprocess.py:93} INFO - 26/03/24 19:19:29 INFO BlockManagerInfo: Removed broadcast_2_piece0 on 172.18.0.5:36803 in memory (size: 34.4 KiB, free: 434.4 MiB)
[2026-03-24T19:19:29.409+0000] {subprocess.py:93} INFO - 26/03/24 19:19:29 INFO DAGScheduler: Registering RDD 13 (parquet at NativeMethodAccessorImpl.java:0) as input to shuffle 0
[2026-03-24T19:19:29.411+0000] {subprocess.py:93} INFO - 26/03/24 19:19:29 INFO DAGScheduler: Got map stage job 2 (parquet at NativeMethodAccessorImpl.java:0) with 2 output partitions
[2026-03-24T19:19:29.412+0000] {subprocess.py:93} INFO - 26/03/24 19:19:29 INFO DAGScheduler: Final stage: ShuffleMapStage 2 (parquet at NativeMethodAccessorImpl.java:0)
[2026-03-24T19:19:29.413+0000] {subprocess.py:93} INFO - 26/03/24 19:19:29 INFO DAGScheduler: Parents of final stage: List()
[2026-03-24T19:19:29.413+0000] {subprocess.py:93} INFO - 26/03/24 19:19:29 INFO DAGScheduler: Missing parents: List()
[2026-03-24T19:19:29.414+0000] {subprocess.py:93} INFO - 26/03/24 19:19:29 INFO DAGScheduler: Submitting ShuffleMapStage 2 (MapPartitionsRDD[13] at parquet at NativeMethodAccessorImpl.java:0), which has no missing parents
[2026-03-24T19:19:29.424+0000] {subprocess.py:93} INFO - 26/03/24 19:19:29 INFO MemoryStore: Block broadcast_5 stored as values in memory (estimated size 55.0 KiB, free 434.1 MiB)
[2026-03-24T19:19:29.425+0000] {subprocess.py:93} INFO - 26/03/24 19:19:29 INFO MemoryStore: Block broadcast_5_piece0 stored as bytes in memory (estimated size 22.9 KiB, free 434.1 MiB)
[2026-03-24T19:19:29.426+0000] {subprocess.py:93} INFO - 26/03/24 19:19:29 INFO BlockManagerInfo: Added broadcast_5_piece0 in memory on 51deb5757cc7:43145 (size: 22.9 KiB, free: 434.3 MiB)
[2026-03-24T19:19:29.427+0000] {subprocess.py:93} INFO - 26/03/24 19:19:29 INFO SparkContext: Created broadcast 5 from broadcast at DAGScheduler.scala:1611
[2026-03-24T19:19:29.428+0000] {subprocess.py:93} INFO - 26/03/24 19:19:29 INFO DAGScheduler: Submitting 2 missing tasks from ShuffleMapStage 2 (MapPartitionsRDD[13] at parquet at NativeMethodAccessorImpl.java:0) (first 15 tasks are for partitions Vector(0, 1))
[2026-03-24T19:19:29.429+0000] {subprocess.py:93} INFO - 26/03/24 19:19:29 INFO TaskSchedulerImpl: Adding task set 2.0 with 2 tasks resource profile 0
[2026-03-24T19:19:29.433+0000] {subprocess.py:93} INFO - 26/03/24 19:19:29 INFO TaskSetManager: Starting task 0.0 in stage 2.0 (TID 3) (172.18.0.5, executor 0, partition 0, PROCESS_LOCAL, 9597 bytes)
[2026-03-24T19:19:29.434+0000] {subprocess.py:93} INFO - 26/03/24 19:19:29 INFO TaskSetManager: Starting task 1.0 in stage 2.0 (TID 4) (172.18.0.5, executor 0, partition 1, PROCESS_LOCAL, 9597 bytes)
[2026-03-24T19:19:29.453+0000] {subprocess.py:93} INFO - 26/03/24 19:19:29 INFO BlockManagerInfo: Added broadcast_5_piece0 in memory on 172.18.0.5:36803 (size: 22.9 KiB, free: 434.4 MiB)
[2026-03-24T19:19:29.743+0000] {subprocess.py:93} INFO - 26/03/24 19:19:29 INFO BlockManagerInfo: Added broadcast_4_piece0 in memory on 172.18.0.5:36803 (size: 34.3 KiB, free: 434.3 MiB)
[2026-03-24T19:19:30.117+0000] {subprocess.py:93} INFO - 26/03/24 19:19:30 INFO TaskSetManager: Finished task 1.0 in stage 2.0 (TID 4) in 684 ms on 172.18.0.5 (executor 0) (1/2)
[2026-03-24T19:19:30.160+0000] {subprocess.py:93} INFO - 26/03/24 19:19:30 INFO TaskSetManager: Finished task 0.0 in stage 2.0 (TID 3) in 729 ms on 172.18.0.5 (executor 0) (2/2)
[2026-03-24T19:19:30.160+0000] {subprocess.py:93} INFO - 26/03/24 19:19:30 INFO TaskSchedulerImpl: Removed TaskSet 2.0, whose tasks have all completed, from pool
[2026-03-24T19:19:30.161+0000] {subprocess.py:93} INFO - 26/03/24 19:19:30 INFO DAGScheduler: ShuffleMapStage 2 (parquet at NativeMethodAccessorImpl.java:0) finished in 0.743 s
[2026-03-24T19:19:30.161+0000] {subprocess.py:93} INFO - 26/03/24 19:19:30 INFO DAGScheduler: looking for newly runnable stages
[2026-03-24T19:19:30.161+0000] {subprocess.py:93} INFO - 26/03/24 19:19:30 INFO DAGScheduler: running: Set()
[2026-03-24T19:19:30.162+0000] {subprocess.py:93} INFO - 26/03/24 19:19:30 INFO DAGScheduler: waiting: Set()
[2026-03-24T19:19:30.162+0000] {subprocess.py:93} INFO - 26/03/24 19:19:30 INFO DAGScheduler: failed: Set()
[2026-03-24T19:19:30.177+0000] {subprocess.py:93} INFO - 26/03/24 19:19:30 INFO ShufflePartitionsUtil: For shuffle(0), advisory target size: 67108864, actual target size 1048576, minimum partition size: 1048576
[2026-03-24T19:19:30.267+0000] {subprocess.py:93} INFO - 26/03/24 19:19:30 INFO ParquetUtils: Using default output committer for Parquet: org.apache.parquet.hadoop.ParquetOutputCommitter
[2026-03-24T19:19:30.284+0000] {subprocess.py:93} INFO - 26/03/24 19:19:30 INFO FileOutputCommitter: File Output Committer Algorithm version is 1
[2026-03-24T19:19:30.285+0000] {subprocess.py:93} INFO - 26/03/24 19:19:30 INFO FileOutputCommitter: FileOutputCommitter skip cleanup _temporary folders under output directory:false, ignore cleanup failures: false
[2026-03-24T19:19:30.285+0000] {subprocess.py:93} INFO - 26/03/24 19:19:30 INFO SQLHadoopMapReduceCommitProtocol: Using user defined output committer class org.apache.parquet.hadoop.ParquetOutputCommitter
[2026-03-24T19:19:30.286+0000] {subprocess.py:93} INFO - 26/03/24 19:19:30 INFO FileOutputCommitter: File Output Committer Algorithm version is 1
[2026-03-24T19:19:30.286+0000] {subprocess.py:93} INFO - 26/03/24 19:19:30 INFO FileOutputCommitter: FileOutputCommitter skip cleanup _temporary folders under output directory:false, ignore cleanup failures: false
[2026-03-24T19:19:30.287+0000] {subprocess.py:93} INFO - 26/03/24 19:19:30 INFO SQLHadoopMapReduceCommitProtocol: Using output committer class org.apache.parquet.hadoop.ParquetOutputCommitter
[2026-03-24T19:19:30.365+0000] {subprocess.py:93} INFO - 26/03/24 19:19:30 INFO CodeGenerator: Code generated in 35.285623 ms
[2026-03-24T19:19:30.390+0000] {subprocess.py:93} INFO - 26/03/24 19:19:30 INFO SparkContext: Starting job: parquet at NativeMethodAccessorImpl.java:0
[2026-03-24T19:19:30.391+0000] {subprocess.py:93} INFO - 26/03/24 19:19:30 INFO DAGScheduler: Got job 3 (parquet at NativeMethodAccessorImpl.java:0) with 4 output partitions
[2026-03-24T19:19:30.392+0000] {subprocess.py:93} INFO - 26/03/24 19:19:30 INFO DAGScheduler: Final stage: ResultStage 4 (parquet at NativeMethodAccessorImpl.java:0)
[2026-03-24T19:19:30.392+0000] {subprocess.py:93} INFO - 26/03/24 19:19:30 INFO DAGScheduler: Parents of final stage: List(ShuffleMapStage 3)
[2026-03-24T19:19:30.392+0000] {subprocess.py:93} INFO - 26/03/24 19:19:30 INFO DAGScheduler: Missing parents: List()
[2026-03-24T19:19:30.393+0000] {subprocess.py:93} INFO - 26/03/24 19:19:30 INFO DAGScheduler: Submitting ResultStage 4 (MapPartitionsRDD[16] at parquet at NativeMethodAccessorImpl.java:0), which has no missing parents
[2026-03-24T19:19:30.417+0000] {subprocess.py:93} INFO - 26/03/24 19:19:30 INFO MemoryStore: Block broadcast_6 stored as values in memory (estimated size 268.6 KiB, free 433.8 MiB)
[2026-03-24T19:19:30.419+0000] {subprocess.py:93} INFO - 26/03/24 19:19:30 INFO MemoryStore: Block broadcast_6_piece0 stored as bytes in memory (estimated size 97.7 KiB, free 433.7 MiB)
[2026-03-24T19:19:30.419+0000] {subprocess.py:93} INFO - 26/03/24 19:19:30 INFO BlockManagerInfo: Added broadcast_6_piece0 in memory on 51deb5757cc7:43145 (size: 97.7 KiB, free: 434.2 MiB)
[2026-03-24T19:19:30.420+0000] {subprocess.py:93} INFO - 26/03/24 19:19:30 INFO SparkContext: Created broadcast 6 from broadcast at DAGScheduler.scala:1611
[2026-03-24T19:19:30.421+0000] {subprocess.py:93} INFO - 26/03/24 19:19:30 INFO DAGScheduler: Submitting 4 missing tasks from ResultStage 4 (MapPartitionsRDD[16] at parquet at NativeMethodAccessorImpl.java:0) (first 15 tasks are for partitions Vector(0, 1, 2, 3))
[2026-03-24T19:19:30.421+0000] {subprocess.py:93} INFO - 26/03/24 19:19:30 INFO TaskSchedulerImpl: Adding task set 4.0 with 4 tasks resource profile 0
[2026-03-24T19:19:30.426+0000] {subprocess.py:93} INFO - 26/03/24 19:19:30 INFO TaskSetManager: Starting task 0.0 in stage 4.0 (TID 5) (172.18.0.5, executor 0, partition 0, NODE_LOCAL, 9003 bytes)
[2026-03-24T19:19:30.427+0000] {subprocess.py:93} INFO - 26/03/24 19:19:30 INFO TaskSetManager: Starting task 1.0 in stage 4.0 (TID 6) (172.18.0.5, executor 0, partition 1, NODE_LOCAL, 9003 bytes)
[2026-03-24T19:19:30.427+0000] {subprocess.py:93} INFO - 26/03/24 19:19:30 INFO TaskSetManager: Starting task 2.0 in stage 4.0 (TID 7) (172.18.0.5, executor 0, partition 2, NODE_LOCAL, 9003 bytes)
[2026-03-24T19:19:30.427+0000] {subprocess.py:93} INFO - 26/03/24 19:19:30 INFO TaskSetManager: Starting task 3.0 in stage 4.0 (TID 8) (172.18.0.5, executor 0, partition 3, NODE_LOCAL, 9003 bytes)
[2026-03-24T19:19:30.445+0000] {subprocess.py:93} INFO - 26/03/24 19:19:30 INFO BlockManagerInfo: Added broadcast_6_piece0 in memory on 172.18.0.5:36803 (size: 97.7 KiB, free: 434.2 MiB)
[2026-03-24T19:19:30.538+0000] {subprocess.py:93} INFO - 26/03/24 19:19:30 INFO MapOutputTrackerMasterEndpoint: Asked to send map output locations for shuffle 0 to 172.18.0.5:43232
[2026-03-24T19:19:31.728+0000] {subprocess.py:93} INFO - 26/03/24 19:19:31 INFO TaskSetManager: Finished task 2.0 in stage 4.0 (TID 7) in 1302 ms on 172.18.0.5 (executor 0) (1/4)
[2026-03-24T19:19:31.729+0000] {subprocess.py:93} INFO - 26/03/24 19:19:31 INFO TaskSetManager: Finished task 3.0 in stage 4.0 (TID 8) in 1301 ms on 172.18.0.5 (executor 0) (2/4)
[2026-03-24T19:19:31.730+0000] {subprocess.py:93} INFO - 26/03/24 19:19:31 INFO TaskSetManager: Finished task 0.0 in stage 4.0 (TID 5) in 1305 ms on 172.18.0.5 (executor 0) (3/4)
[2026-03-24T19:19:31.730+0000] {subprocess.py:93} INFO - 26/03/24 19:19:31 INFO TaskSetManager: Finished task 1.0 in stage 4.0 (TID 6) in 1303 ms on 172.18.0.5 (executor 0) (4/4)
[2026-03-24T19:19:31.730+0000] {subprocess.py:93} INFO - 26/03/24 19:19:31 INFO TaskSchedulerImpl: Removed TaskSet 4.0, whose tasks have all completed, from pool
[2026-03-24T19:19:31.735+0000] {subprocess.py:93} INFO - 26/03/24 19:19:31 INFO DAGScheduler: ResultStage 4 (parquet at NativeMethodAccessorImpl.java:0) finished in 1.338 s
[2026-03-24T19:19:31.736+0000] {subprocess.py:93} INFO - 26/03/24 19:19:31 INFO DAGScheduler: Job 3 is finished. Cancelling potential speculative or zombie tasks for this job
[2026-03-24T19:19:31.736+0000] {subprocess.py:93} INFO - 26/03/24 19:19:31 INFO TaskSchedulerImpl: Killing all running tasks in stage 4: Stage finished
[2026-03-24T19:19:31.737+0000] {subprocess.py:93} INFO - 26/03/24 19:19:31 INFO DAGScheduler: Job 3 finished: parquet at NativeMethodAccessorImpl.java:0, took 1.346082 s
[2026-03-24T19:19:31.737+0000] {subprocess.py:93} INFO - 26/03/24 19:19:31 INFO BlockManagerInfo: Removed broadcast_5_piece0 on 51deb5757cc7:43145 in memory (size: 22.9 KiB, free: 434.3 MiB)
[2026-03-24T19:19:31.738+0000] {subprocess.py:93} INFO - 26/03/24 19:19:31 INFO FileFormatWriter: Start to commit write Job 88f33455-cce4-408b-8c13-d70d2e66874c.
[2026-03-24T19:19:31.740+0000] {subprocess.py:93} INFO - 26/03/24 19:19:31 INFO BlockManagerInfo: Removed broadcast_5_piece0 on 172.18.0.5:36803 in memory (size: 22.9 KiB, free: 434.3 MiB)
[2026-03-24T19:19:32.074+0000] {subprocess.py:93} INFO - 26/03/24 19:19:32 INFO FileFormatWriter: Write Job 88f33455-cce4-408b-8c13-d70d2e66874c committed. Elapsed time: 335 ms.
[2026-03-24T19:19:32.077+0000] {subprocess.py:93} INFO - 26/03/24 19:19:32 INFO FileFormatWriter: Finished processing stats for write job 88f33455-cce4-408b-8c13-d70d2e66874c.
[2026-03-24T19:19:32.079+0000] {subprocess.py:93} INFO - Cleaned daily sales written to /opt/spark/data/cleaned/daily_sales
[2026-03-24T19:19:32.080+0000] {subprocess.py:93} INFO - 26/03/24 19:19:32 INFO SparkContext: SparkContext is stopping with exitCode 0.
[2026-03-24T19:19:32.087+0000] {subprocess.py:93} INFO - 26/03/24 19:19:32 INFO SparkUI: Stopped Spark web UI at http://51deb5757cc7:4041
[2026-03-24T19:19:32.089+0000] {subprocess.py:93} INFO - 26/03/24 19:19:32 INFO StandaloneSchedulerBackend: Shutting down all executors
[2026-03-24T19:19:32.089+0000] {subprocess.py:93} INFO - 26/03/24 19:19:32 INFO StandaloneSchedulerBackend$StandaloneDriverEndpoint: Asking each executor to shut down
[2026-03-24T19:19:32.101+0000] {subprocess.py:93} INFO - 26/03/24 19:19:32 INFO MapOutputTrackerMasterEndpoint: MapOutputTrackerMasterEndpoint stopped!
[2026-03-24T19:19:32.115+0000] {subprocess.py:93} INFO - 26/03/24 19:19:32 INFO MemoryStore: MemoryStore cleared
[2026-03-24T19:19:32.116+0000] {subprocess.py:93} INFO - 26/03/24 19:19:32 INFO BlockManager: BlockManager stopped
[2026-03-24T19:19:32.120+0000] {subprocess.py:93} INFO - 26/03/24 19:19:32 INFO BlockManagerMaster: BlockManagerMaster stopped
[2026-03-24T19:19:32.123+0000] {subprocess.py:93} INFO - 26/03/24 19:19:32 INFO OutputCommitCoordinator$OutputCommitCoordinatorEndpoint: OutputCommitCoordinator stopped!
[2026-03-24T19:19:32.135+0000] {subprocess.py:93} INFO - 26/03/24 19:19:32 INFO SparkContext: Successfully stopped SparkContext
[2026-03-24T19:19:32.369+0000] {subprocess.py:93} INFO - 26/03/24 19:19:32 INFO ShutdownHookManager: Shutdown hook called
[2026-03-24T19:19:32.370+0000] {subprocess.py:93} INFO - 26/03/24 19:19:32 INFO ShutdownHookManager: Deleting directory /tmp/spark-7b8eb63a-ebe3-4410-b7b2-3e05be0f9d9d
[2026-03-24T19:19:32.374+0000] {subprocess.py:93} INFO - 26/03/24 19:19:32 INFO ShutdownHookManager: Deleting directory /tmp/spark-9c97a4ce-6c1f-4671-802a-d224645786d3/pyspark-1fa072d1-b584-474d-a501-32ef03751eff
[2026-03-24T19:19:32.378+0000] {subprocess.py:93} INFO - 26/03/24 19:19:32 INFO ShutdownHookManager: Deleting directory /tmp/spark-9c97a4ce-6c1f-4671-802a-d224645786d3
[2026-03-24T19:19:32.427+0000] {subprocess.py:97} INFO - Command exited with return code 0
[2026-03-24T19:19:32.428+0000] {taskinstance.py:441} INFO - ::group::Post task execution logs
[2026-03-24T19:19:32.450+0000] {taskinstance.py:1205} INFO - Marking task as SUCCESS. dag_id=etl_spark_pipeline, task_id=spark_cleanse_daily_sales, execution_date=20260324T191650, start_date=20260324T191910, end_date=20260324T191932
[2026-03-24T19:19:32.475+0000] {local_task_job_runner.py:240} INFO - Task exited with return code 0
[2026-03-24T19:19:32.496+0000] {taskinstance.py:3482} INFO - 0 downstream tasks scheduled from follow-on schedule check
[2026-03-24T19:19:32.502+0000] {local_task_job_runner.py:222} INFO - ::endgroup::
