[2026-03-25T16:18:26.356+0000] {local_task_job_runner.py:120} INFO - ::group::Pre task execution logs
[2026-03-25T16:18:26.410+0000] {taskinstance.py:2073} INFO - Dependencies all met for dep_context=non-requeueable deps ti=<TaskInstance: etl_spark_pipeline.spark_analytics manual__2026-03-25T16:15:40.703165+00:00 [queued]>
[2026-03-25T16:18:26.421+0000] {taskinstance.py:2073} INFO - Dependencies all met for dep_context=requeueable deps ti=<TaskInstance: etl_spark_pipeline.spark_analytics manual__2026-03-25T16:15:40.703165+00:00 [queued]>
[2026-03-25T16:18:26.421+0000] {taskinstance.py:2303} INFO - Starting attempt 1 of 2
[2026-03-25T16:18:26.434+0000] {taskinstance.py:2327} INFO - Executing <Task(BashOperator): spark_analytics> on 2026-03-25 16:15:40.703165+00:00
[2026-03-25T16:18:26.441+0000] {standard_task_runner.py:90} INFO - Running: ['airflow', 'tasks', 'run', 'etl_spark_pipeline', 'spark_analytics', 'manual__2026-03-25T16:15:40.703165+00:00', '--job-id', '63', '--raw', '--subdir', 'DAGS_FOLDER/etl_spark_pipeline.py', '--cfg-path', '/tmp/tmprrq1o69x']
[2026-03-25T16:18:26.443+0000] {standard_task_runner.py:91} INFO - Job 63: Subtask spark_analytics
[2026-03-25T16:18:26.443+0000] {logging_mixin.py:188} WARNING - /home/airflow/.local/lib/python3.12/site-packages/airflow/task/task_runner/standard_task_runner.py:61 DeprecationWarning: This process (pid=342) is multi-threaded, use of fork() may lead to deadlocks in the child.
[2026-03-25T16:18:26.444+0000] {standard_task_runner.py:63} INFO - Started process 343 to run task
[2026-03-25T16:18:26.488+0000] {task_command.py:426} INFO - Running <TaskInstance: etl_spark_pipeline.spark_analytics manual__2026-03-25T16:15:40.703165+00:00 [running]> on host 6c4ceadaff0b
[2026-03-25T16:18:26.561+0000] {taskinstance.py:2644} INFO - Exporting env vars: AIRFLOW_CTX_DAG_OWNER='tori' AIRFLOW_CTX_DAG_ID='etl_spark_pipeline' AIRFLOW_CTX_TASK_ID='spark_analytics' AIRFLOW_CTX_EXECUTION_DATE='2026-03-25T16:15:40.703165+00:00' AIRFLOW_CTX_TRY_NUMBER='1' AIRFLOW_CTX_DAG_RUN_ID='manual__2026-03-25T16:15:40.703165+00:00'
[2026-03-25T16:18:26.562+0000] {taskinstance.py:430} INFO - ::endgroup::
[2026-03-25T16:18:26.574+0000] {subprocess.py:63} INFO - Tmp dir root location: /tmp
[2026-03-25T16:18:26.575+0000] {subprocess.py:75} INFO - Running command: ['/usr/bin/bash', '-c', 'docker exec spark_master /opt/spark/bin/spark-submit /opt/spark/jobs/spark_analytics.py']
[2026-03-25T16:18:26.584+0000] {subprocess.py:86} INFO - Output:
[2026-03-25T16:18:28.337+0000] {subprocess.py:93} INFO - 26/03/25 16:18:28 INFO SparkContext: Running Spark version 3.5.7
[2026-03-25T16:18:28.338+0000] {subprocess.py:93} INFO - 26/03/25 16:18:28 INFO SparkContext: OS info Linux, 6.6.87.2-microsoft-standard-WSL2, amd64
[2026-03-25T16:18:28.338+0000] {subprocess.py:93} INFO - 26/03/25 16:18:28 INFO SparkContext: Java version 17.0.18
[2026-03-25T16:18:28.379+0000] {subprocess.py:93} INFO - 26/03/25 16:18:28 WARN NativeCodeLoader: Unable to load native-hadoop library for your platform... using builtin-java classes where applicable
[2026-03-25T16:18:28.439+0000] {subprocess.py:93} INFO - 26/03/25 16:18:28 INFO ResourceUtils: ==============================================================
[2026-03-25T16:18:28.440+0000] {subprocess.py:93} INFO - 26/03/25 16:18:28 INFO ResourceUtils: No custom resources configured for spark.driver.
[2026-03-25T16:18:28.440+0000] {subprocess.py:93} INFO - 26/03/25 16:18:28 INFO ResourceUtils: ==============================================================
[2026-03-25T16:18:28.440+0000] {subprocess.py:93} INFO - 26/03/25 16:18:28 INFO SparkContext: Submitted application: spark_analytics
[2026-03-25T16:18:28.454+0000] {subprocess.py:93} INFO - 26/03/25 16:18:28 INFO ResourceProfile: Default ResourceProfile created, executor resources: Map(memory -> name: memory, amount: 1024, script: , vendor: , offHeap -> name: offHeap, amount: 0, script: , vendor: ), task resources: Map(cpus -> name: cpus, amount: 1.0)
[2026-03-25T16:18:28.459+0000] {subprocess.py:93} INFO - 26/03/25 16:18:28 INFO ResourceProfile: Limiting resource is cpu
[2026-03-25T16:18:28.460+0000] {subprocess.py:93} INFO - 26/03/25 16:18:28 INFO ResourceProfileManager: Added ResourceProfile id: 0
[2026-03-25T16:18:28.493+0000] {subprocess.py:93} INFO - 26/03/25 16:18:28 INFO SecurityManager: Changing view acls to: spark
[2026-03-25T16:18:28.494+0000] {subprocess.py:93} INFO - 26/03/25 16:18:28 INFO SecurityManager: Changing modify acls to: spark
[2026-03-25T16:18:28.494+0000] {subprocess.py:93} INFO - 26/03/25 16:18:28 INFO SecurityManager: Changing view acls groups to:
[2026-03-25T16:18:28.495+0000] {subprocess.py:93} INFO - 26/03/25 16:18:28 INFO SecurityManager: Changing modify acls groups to:
[2026-03-25T16:18:28.495+0000] {subprocess.py:93} INFO - 26/03/25 16:18:28 INFO SecurityManager: SecurityManager: authentication disabled; ui acls disabled; users with view permissions: spark; groups with view permissions: EMPTY; users with modify permissions: spark; groups with modify permissions: EMPTY
[2026-03-25T16:18:28.650+0000] {subprocess.py:93} INFO - 26/03/25 16:18:28 INFO Utils: Successfully started service 'sparkDriver' on port 36943.
[2026-03-25T16:18:28.672+0000] {subprocess.py:93} INFO - 26/03/25 16:18:28 INFO SparkEnv: Registering MapOutputTracker
[2026-03-25T16:18:28.700+0000] {subprocess.py:93} INFO - 26/03/25 16:18:28 INFO SparkEnv: Registering BlockManagerMaster
[2026-03-25T16:18:28.715+0000] {subprocess.py:93} INFO - 26/03/25 16:18:28 INFO BlockManagerMasterEndpoint: Using org.apache.spark.storage.DefaultTopologyMapper for getting topology information
[2026-03-25T16:18:28.715+0000] {subprocess.py:93} INFO - 26/03/25 16:18:28 INFO BlockManagerMasterEndpoint: BlockManagerMasterEndpoint up
[2026-03-25T16:18:28.719+0000] {subprocess.py:93} INFO - 26/03/25 16:18:28 INFO SparkEnv: Registering BlockManagerMasterHeartbeat
[2026-03-25T16:18:28.734+0000] {subprocess.py:93} INFO - 26/03/25 16:18:28 INFO DiskBlockManager: Created local directory at /tmp/blockmgr-0c9d54ac-0614-4b05-9d85-3efa90532b86
[2026-03-25T16:18:28.745+0000] {subprocess.py:93} INFO - 26/03/25 16:18:28 INFO MemoryStore: MemoryStore started with capacity 434.4 MiB
[2026-03-25T16:18:28.757+0000] {subprocess.py:93} INFO - 26/03/25 16:18:28 INFO SparkEnv: Registering OutputCommitCoordinator
[2026-03-25T16:18:28.841+0000] {subprocess.py:93} INFO - 26/03/25 16:18:28 INFO JettyUtils: Start Jetty 0.0.0.0:4040 for SparkUI
[2026-03-25T16:18:28.882+0000] {subprocess.py:93} INFO - 26/03/25 16:18:28 INFO Utils: Successfully started service 'SparkUI' on port 4040.
[2026-03-25T16:18:28.965+0000] {subprocess.py:93} INFO - 26/03/25 16:18:28 INFO StandaloneAppClient$ClientEndpoint: Connecting to master spark://spark-master:7077...
[2026-03-25T16:18:29.010+0000] {subprocess.py:93} INFO - 26/03/25 16:18:29 INFO TransportClientFactory: Successfully created connection to spark-master/172.18.0.3:7077 after 27 ms (0 ms spent in bootstraps)
[2026-03-25T16:18:29.085+0000] {subprocess.py:93} INFO - 26/03/25 16:18:29 INFO StandaloneSchedulerBackend: Connected to Spark cluster with app ID app-20260325161829-0004
[2026-03-25T16:18:29.087+0000] {subprocess.py:93} INFO - 26/03/25 16:18:29 INFO StandaloneAppClient$ClientEndpoint: Executor added: app-20260325161829-0004/0 on worker-20260325160858-172.18.0.4-46259 (172.18.0.4:46259) with 16 core(s)
[2026-03-25T16:18:29.092+0000] {subprocess.py:93} INFO - 26/03/25 16:18:29 INFO StandaloneSchedulerBackend: Granted executor ID app-20260325161829-0004/0 on hostPort 172.18.0.4:46259 with 16 core(s), 1024.0 MiB RAM
[2026-03-25T16:18:29.096+0000] {subprocess.py:93} INFO - 26/03/25 16:18:29 INFO Utils: Successfully started service 'org.apache.spark.network.netty.NettyBlockTransferService' on port 46177.
[2026-03-25T16:18:29.097+0000] {subprocess.py:93} INFO - 26/03/25 16:18:29 INFO NettyBlockTransferService: Server created on 58f7d80760c1:46177
[2026-03-25T16:18:29.097+0000] {subprocess.py:93} INFO - 26/03/25 16:18:29 INFO BlockManager: Using org.apache.spark.storage.RandomBlockReplicationPolicy for block replication policy
[2026-03-25T16:18:29.103+0000] {subprocess.py:93} INFO - 26/03/25 16:18:29 INFO BlockManagerMaster: Registering BlockManager BlockManagerId(driver, 58f7d80760c1, 46177, None)
[2026-03-25T16:18:29.105+0000] {subprocess.py:93} INFO - 26/03/25 16:18:29 INFO BlockManagerMasterEndpoint: Registering block manager 58f7d80760c1:46177 with 434.4 MiB RAM, BlockManagerId(driver, 58f7d80760c1, 46177, None)
[2026-03-25T16:18:29.109+0000] {subprocess.py:93} INFO - 26/03/25 16:18:29 INFO BlockManagerMaster: Registered BlockManager BlockManagerId(driver, 58f7d80760c1, 46177, None)
[2026-03-25T16:18:29.110+0000] {subprocess.py:93} INFO - 26/03/25 16:18:29 INFO BlockManager: Initialized BlockManager: BlockManagerId(driver, 58f7d80760c1, 46177, None)
[2026-03-25T16:18:29.117+0000] {subprocess.py:93} INFO - 26/03/25 16:18:29 INFO StandaloneAppClient$ClientEndpoint: Executor updated: app-20260325161829-0004/0 is now RUNNING
[2026-03-25T16:18:29.267+0000] {subprocess.py:93} INFO - 26/03/25 16:18:29 INFO StandaloneSchedulerBackend: SchedulerBackend is ready for scheduling beginning after reached minRegisteredResourcesRatio: 0.0
[2026-03-25T16:18:29.461+0000] {subprocess.py:93} INFO - 26/03/25 16:18:29 INFO SharedState: Setting hive.metastore.warehouse.dir ('null') to the value of spark.sql.warehouse.dir.
[2026-03-25T16:18:29.470+0000] {subprocess.py:93} INFO - 26/03/25 16:18:29 INFO SharedState: Warehouse path is 'file:/opt/spark/work-dir/spark-warehouse'.
[2026-03-25T16:18:30.197+0000] {subprocess.py:93} INFO - 26/03/25 16:18:30 INFO InMemoryFileIndex: It took 132 ms to list leaf files for 1 paths.
[2026-03-25T16:18:30.525+0000] {subprocess.py:93} INFO - 26/03/25 16:18:30 INFO SparkContext: Starting job: parquet at NativeMethodAccessorImpl.java:0
[2026-03-25T16:18:30.541+0000] {subprocess.py:93} INFO - 26/03/25 16:18:30 INFO DAGScheduler: Got job 0 (parquet at NativeMethodAccessorImpl.java:0) with 1 output partitions
[2026-03-25T16:18:30.542+0000] {subprocess.py:93} INFO - 26/03/25 16:18:30 INFO DAGScheduler: Final stage: ResultStage 0 (parquet at NativeMethodAccessorImpl.java:0)
[2026-03-25T16:18:30.542+0000] {subprocess.py:93} INFO - 26/03/25 16:18:30 INFO DAGScheduler: Parents of final stage: List()
[2026-03-25T16:18:30.542+0000] {subprocess.py:93} INFO - 26/03/25 16:18:30 INFO DAGScheduler: Missing parents: List()
[2026-03-25T16:18:30.546+0000] {subprocess.py:93} INFO - 26/03/25 16:18:30 INFO DAGScheduler: Submitting ResultStage 0 (MapPartitionsRDD[1] at parquet at NativeMethodAccessorImpl.java:0), which has no missing parents
[2026-03-25T16:18:30.597+0000] {subprocess.py:93} INFO - 26/03/25 16:18:30 INFO MemoryStore: Block broadcast_0 stored as values in memory (estimated size 103.3 KiB, free 434.3 MiB)
[2026-03-25T16:18:30.621+0000] {subprocess.py:93} INFO - 26/03/25 16:18:30 INFO MemoryStore: Block broadcast_0_piece0 stored as bytes in memory (estimated size 37.2 KiB, free 434.3 MiB)
[2026-03-25T16:18:30.625+0000] {subprocess.py:93} INFO - 26/03/25 16:18:30 INFO BlockManagerInfo: Added broadcast_0_piece0 in memory on 58f7d80760c1:46177 (size: 37.2 KiB, free: 434.4 MiB)
[2026-03-25T16:18:30.628+0000] {subprocess.py:93} INFO - 26/03/25 16:18:30 INFO SparkContext: Created broadcast 0 from broadcast at DAGScheduler.scala:1611
[2026-03-25T16:18:30.643+0000] {subprocess.py:93} INFO - 26/03/25 16:18:30 INFO DAGScheduler: Submitting 1 missing tasks from ResultStage 0 (MapPartitionsRDD[1] at parquet at NativeMethodAccessorImpl.java:0) (first 15 tasks are for partitions Vector(0))
[2026-03-25T16:18:30.644+0000] {subprocess.py:93} INFO - 26/03/25 16:18:30 INFO TaskSchedulerImpl: Adding task set 0.0 with 1 tasks resource profile 0
[2026-03-25T16:18:30.863+0000] {subprocess.py:93} INFO - 26/03/25 16:18:30 INFO StandaloneSchedulerBackend$StandaloneDriverEndpoint: Registered executor NettyRpcEndpointRef(spark-client://Executor) (172.18.0.4:43196) with ID 0,  ResourceProfileId 0
[2026-03-25T16:18:30.931+0000] {subprocess.py:93} INFO - 26/03/25 16:18:30 INFO BlockManagerMasterEndpoint: Registering block manager 172.18.0.4:34973 with 434.4 MiB RAM, BlockManagerId(0, 172.18.0.4, 34973, None)
[2026-03-25T16:18:30.981+0000] {subprocess.py:93} INFO - 26/03/25 16:18:30 INFO TaskSetManager: Starting task 0.0 in stage 0.0 (TID 0) (172.18.0.4, executor 0, partition 0, PROCESS_LOCAL, 9206 bytes)
[2026-03-25T16:18:31.132+0000] {subprocess.py:93} INFO - 26/03/25 16:18:31 INFO BlockManagerInfo: Added broadcast_0_piece0 in memory on 172.18.0.4:34973 (size: 37.2 KiB, free: 434.4 MiB)
[2026-03-25T16:18:31.563+0000] {subprocess.py:93} INFO - 26/03/25 16:18:31 INFO TaskSetManager: Finished task 0.0 in stage 0.0 (TID 0) in 596 ms on 172.18.0.4 (executor 0) (1/1)
[2026-03-25T16:18:31.564+0000] {subprocess.py:93} INFO - 26/03/25 16:18:31 INFO TaskSchedulerImpl: Removed TaskSet 0.0, whose tasks have all completed, from pool
[2026-03-25T16:18:31.568+0000] {subprocess.py:93} INFO - 26/03/25 16:18:31 INFO DAGScheduler: ResultStage 0 (parquet at NativeMethodAccessorImpl.java:0) finished in 1.009 s
[2026-03-25T16:18:31.569+0000] {subprocess.py:93} INFO - 26/03/25 16:18:31 INFO DAGScheduler: Job 0 is finished. Cancelling potential speculative or zombie tasks for this job
[2026-03-25T16:18:31.570+0000] {subprocess.py:93} INFO - 26/03/25 16:18:31 INFO TaskSchedulerImpl: Killing all running tasks in stage 0: Stage finished
[2026-03-25T16:18:31.571+0000] {subprocess.py:93} INFO - 26/03/25 16:18:31 INFO DAGScheduler: Job 0 finished: parquet at NativeMethodAccessorImpl.java:0, took 1.047649 s
[2026-03-25T16:18:31.749+0000] {subprocess.py:93} INFO - 26/03/25 16:18:31 INFO BlockManagerInfo: Removed broadcast_0_piece0 on 58f7d80760c1:46177 in memory (size: 37.2 KiB, free: 434.4 MiB)
[2026-03-25T16:18:31.757+0000] {subprocess.py:93} INFO - 26/03/25 16:18:31 INFO BlockManagerInfo: Removed broadcast_0_piece0 on 172.18.0.4:34973 in memory (size: 37.2 KiB, free: 434.4 MiB)
[2026-03-25T16:18:32.288+0000] {subprocess.py:93} INFO - 26/03/25 16:18:32 INFO FileSourceStrategy: Pushed Filters:
[2026-03-25T16:18:32.288+0000] {subprocess.py:93} INFO - 26/03/25 16:18:32 INFO FileSourceStrategy: Post-Scan Filters:
[2026-03-25T16:18:32.633+0000] {subprocess.py:93} INFO - 26/03/25 16:18:32 INFO CodeGenerator: Code generated in 179.545946 ms
[2026-03-25T16:18:32.656+0000] {subprocess.py:93} INFO - 26/03/25 16:18:32 INFO MemoryStore: Block broadcast_1 stored as values in memory (estimated size 201.4 KiB, free 434.2 MiB)
[2026-03-25T16:18:32.667+0000] {subprocess.py:93} INFO - 26/03/25 16:18:32 INFO MemoryStore: Block broadcast_1_piece0 stored as bytes in memory (estimated size 35.0 KiB, free 434.2 MiB)
[2026-03-25T16:18:32.667+0000] {subprocess.py:93} INFO - 26/03/25 16:18:32 INFO BlockManagerInfo: Added broadcast_1_piece0 in memory on 58f7d80760c1:46177 (size: 35.0 KiB, free: 434.4 MiB)
[2026-03-25T16:18:32.669+0000] {subprocess.py:93} INFO - 26/03/25 16:18:32 INFO SparkContext: Created broadcast 1 from parquet at NativeMethodAccessorImpl.java:0
[2026-03-25T16:18:32.677+0000] {subprocess.py:93} INFO - 26/03/25 16:18:32 INFO FileSourceScanExec: Planning scan with bin packing, max size: 4194304 bytes, open cost is considered as scanning 4194304 bytes.
[2026-03-25T16:18:32.744+0000] {subprocess.py:93} INFO - 26/03/25 16:18:32 INFO DAGScheduler: Registering RDD 5 (parquet at NativeMethodAccessorImpl.java:0) as input to shuffle 0
[2026-03-25T16:18:32.747+0000] {subprocess.py:93} INFO - 26/03/25 16:18:32 INFO DAGScheduler: Got map stage job 1 (parquet at NativeMethodAccessorImpl.java:0) with 4 output partitions
[2026-03-25T16:18:32.747+0000] {subprocess.py:93} INFO - 26/03/25 16:18:32 INFO DAGScheduler: Final stage: ShuffleMapStage 1 (parquet at NativeMethodAccessorImpl.java:0)
[2026-03-25T16:18:32.747+0000] {subprocess.py:93} INFO - 26/03/25 16:18:32 INFO DAGScheduler: Parents of final stage: List()
[2026-03-25T16:18:32.748+0000] {subprocess.py:93} INFO - 26/03/25 16:18:32 INFO DAGScheduler: Missing parents: List()
[2026-03-25T16:18:32.748+0000] {subprocess.py:93} INFO - 26/03/25 16:18:32 INFO DAGScheduler: Submitting ShuffleMapStage 1 (MapPartitionsRDD[5] at parquet at NativeMethodAccessorImpl.java:0), which has no missing parents
[2026-03-25T16:18:32.759+0000] {subprocess.py:93} INFO - 26/03/25 16:18:32 INFO MemoryStore: Block broadcast_2 stored as values in memory (estimated size 51.5 KiB, free 434.1 MiB)
[2026-03-25T16:18:32.765+0000] {subprocess.py:93} INFO - 26/03/25 16:18:32 INFO MemoryStore: Block broadcast_2_piece0 stored as bytes in memory (estimated size 21.3 KiB, free 434.1 MiB)
[2026-03-25T16:18:32.766+0000] {subprocess.py:93} INFO - 26/03/25 16:18:32 INFO BlockManagerInfo: Added broadcast_2_piece0 in memory on 58f7d80760c1:46177 (size: 21.3 KiB, free: 434.3 MiB)
[2026-03-25T16:18:32.766+0000] {subprocess.py:93} INFO - 26/03/25 16:18:32 INFO SparkContext: Created broadcast 2 from broadcast at DAGScheduler.scala:1611
[2026-03-25T16:18:32.769+0000] {subprocess.py:93} INFO - 26/03/25 16:18:32 INFO DAGScheduler: Submitting 4 missing tasks from ShuffleMapStage 1 (MapPartitionsRDD[5] at parquet at NativeMethodAccessorImpl.java:0) (first 15 tasks are for partitions Vector(0, 1, 2, 3))
[2026-03-25T16:18:32.769+0000] {subprocess.py:93} INFO - 26/03/25 16:18:32 INFO TaskSchedulerImpl: Adding task set 1.0 with 4 tasks resource profile 0
[2026-03-25T16:18:32.772+0000] {subprocess.py:93} INFO - 26/03/25 16:18:32 INFO TaskSetManager: Starting task 0.0 in stage 1.0 (TID 1) (172.18.0.4, executor 0, partition 0, PROCESS_LOCAL, 9665 bytes)
[2026-03-25T16:18:32.773+0000] {subprocess.py:93} INFO - 26/03/25 16:18:32 INFO TaskSetManager: Starting task 1.0 in stage 1.0 (TID 2) (172.18.0.4, executor 0, partition 1, PROCESS_LOCAL, 9665 bytes)
[2026-03-25T16:18:32.773+0000] {subprocess.py:93} INFO - 26/03/25 16:18:32 INFO TaskSetManager: Starting task 2.0 in stage 1.0 (TID 3) (172.18.0.4, executor 0, partition 2, PROCESS_LOCAL, 9665 bytes)
[2026-03-25T16:18:32.774+0000] {subprocess.py:93} INFO - 26/03/25 16:18:32 INFO TaskSetManager: Starting task 3.0 in stage 1.0 (TID 4) (172.18.0.4, executor 0, partition 3, PROCESS_LOCAL, 9665 bytes)
[2026-03-25T16:18:32.810+0000] {subprocess.py:93} INFO - 26/03/25 16:18:32 INFO BlockManagerInfo: Added broadcast_2_piece0 in memory on 172.18.0.4:34973 (size: 21.3 KiB, free: 434.4 MiB)
[2026-03-25T16:18:33.379+0000] {subprocess.py:93} INFO - 26/03/25 16:18:33 INFO BlockManagerInfo: Added broadcast_1_piece0 in memory on 172.18.0.4:34973 (size: 35.0 KiB, free: 434.3 MiB)
[2026-03-25T16:18:33.798+0000] {subprocess.py:93} INFO - 26/03/25 16:18:33 INFO TaskSetManager: Finished task 1.0 in stage 1.0 (TID 2) in 1025 ms on 172.18.0.4 (executor 0) (1/4)
[2026-03-25T16:18:33.799+0000] {subprocess.py:93} INFO - 26/03/25 16:18:33 INFO TaskSetManager: Finished task 0.0 in stage 1.0 (TID 1) in 1028 ms on 172.18.0.4 (executor 0) (2/4)
[2026-03-25T16:18:33.799+0000] {subprocess.py:93} INFO - 26/03/25 16:18:33 INFO TaskSetManager: Finished task 3.0 in stage 1.0 (TID 4) in 1024 ms on 172.18.0.4 (executor 0) (3/4)
[2026-03-25T16:18:33.799+0000] {subprocess.py:93} INFO - 26/03/25 16:18:33 INFO TaskSetManager: Finished task 2.0 in stage 1.0 (TID 3) in 1025 ms on 172.18.0.4 (executor 0) (4/4)
[2026-03-25T16:18:33.800+0000] {subprocess.py:93} INFO - 26/03/25 16:18:33 INFO TaskSchedulerImpl: Removed TaskSet 1.0, whose tasks have all completed, from pool
[2026-03-25T16:18:33.802+0000] {subprocess.py:93} INFO - 26/03/25 16:18:33 INFO DAGScheduler: ShuffleMapStage 1 (parquet at NativeMethodAccessorImpl.java:0) finished in 1.050 s
[2026-03-25T16:18:33.802+0000] {subprocess.py:93} INFO - 26/03/25 16:18:33 INFO DAGScheduler: looking for newly runnable stages
[2026-03-25T16:18:33.803+0000] {subprocess.py:93} INFO - 26/03/25 16:18:33 INFO DAGScheduler: running: Set()
[2026-03-25T16:18:33.803+0000] {subprocess.py:93} INFO - 26/03/25 16:18:33 INFO DAGScheduler: waiting: Set()
[2026-03-25T16:18:33.803+0000] {subprocess.py:93} INFO - 26/03/25 16:18:33 INFO DAGScheduler: failed: Set()
[2026-03-25T16:18:33.821+0000] {subprocess.py:93} INFO - 26/03/25 16:18:33 INFO ShufflePartitionsUtil: For shuffle(0), advisory target size: 67108864, actual target size 1048576, minimum partition size: 1048576
[2026-03-25T16:18:33.881+0000] {subprocess.py:93} INFO - 26/03/25 16:18:33 INFO ParquetUtils: Using default output committer for Parquet: org.apache.parquet.hadoop.ParquetOutputCommitter
[2026-03-25T16:18:33.891+0000] {subprocess.py:93} INFO - 26/03/25 16:18:33 INFO FileOutputCommitter: File Output Committer Algorithm version is 1
[2026-03-25T16:18:33.892+0000] {subprocess.py:93} INFO - 26/03/25 16:18:33 INFO FileOutputCommitter: FileOutputCommitter skip cleanup _temporary folders under output directory:false, ignore cleanup failures: false
[2026-03-25T16:18:33.893+0000] {subprocess.py:93} INFO - 26/03/25 16:18:33 INFO SQLHadoopMapReduceCommitProtocol: Using user defined output committer class org.apache.parquet.hadoop.ParquetOutputCommitter
[2026-03-25T16:18:33.893+0000] {subprocess.py:93} INFO - 26/03/25 16:18:33 INFO FileOutputCommitter: File Output Committer Algorithm version is 1
[2026-03-25T16:18:33.893+0000] {subprocess.py:93} INFO - 26/03/25 16:18:33 INFO FileOutputCommitter: FileOutputCommitter skip cleanup _temporary folders under output directory:false, ignore cleanup failures: false
[2026-03-25T16:18:33.894+0000] {subprocess.py:93} INFO - 26/03/25 16:18:33 INFO SQLHadoopMapReduceCommitProtocol: Using output committer class org.apache.parquet.hadoop.ParquetOutputCommitter
[2026-03-25T16:18:33.921+0000] {subprocess.py:93} INFO - 26/03/25 16:18:33 INFO HashAggregateExec: spark.sql.codegen.aggregate.map.twolevel.enabled is set to true, but current version of codegened fast hashmap does not support this aggregate.
[2026-03-25T16:18:33.954+0000] {subprocess.py:93} INFO - 26/03/25 16:18:33 INFO CodeGenerator: Code generated in 20.016699 ms
[2026-03-25T16:18:33.980+0000] {subprocess.py:93} INFO - 26/03/25 16:18:33 INFO SparkContext: Starting job: parquet at NativeMethodAccessorImpl.java:0
[2026-03-25T16:18:33.982+0000] {subprocess.py:93} INFO - 26/03/25 16:18:33 INFO DAGScheduler: Got job 2 (parquet at NativeMethodAccessorImpl.java:0) with 1 output partitions
[2026-03-25T16:18:33.983+0000] {subprocess.py:93} INFO - 26/03/25 16:18:33 INFO DAGScheduler: Final stage: ResultStage 3 (parquet at NativeMethodAccessorImpl.java:0)
[2026-03-25T16:18:33.983+0000] {subprocess.py:93} INFO - 26/03/25 16:18:33 INFO DAGScheduler: Parents of final stage: List(ShuffleMapStage 2)
[2026-03-25T16:18:33.984+0000] {subprocess.py:93} INFO - 26/03/25 16:18:33 INFO DAGScheduler: Missing parents: List()
[2026-03-25T16:18:33.984+0000] {subprocess.py:93} INFO - 26/03/25 16:18:33 INFO DAGScheduler: Submitting ResultStage 3 (MapPartitionsRDD[8] at parquet at NativeMethodAccessorImpl.java:0), which has no missing parents
[2026-03-25T16:18:34.006+0000] {subprocess.py:93} INFO - 26/03/25 16:18:34 INFO MemoryStore: Block broadcast_3 stored as values in memory (estimated size 255.6 KiB, free 433.8 MiB)
[2026-03-25T16:18:34.013+0000] {subprocess.py:93} INFO - 26/03/25 16:18:34 INFO MemoryStore: Block broadcast_3_piece0 stored as bytes in memory (estimated size 94.1 KiB, free 433.8 MiB)
[2026-03-25T16:18:34.014+0000] {subprocess.py:93} INFO - 26/03/25 16:18:34 INFO BlockManagerInfo: Added broadcast_3_piece0 in memory on 58f7d80760c1:46177 (size: 94.1 KiB, free: 434.3 MiB)
[2026-03-25T16:18:34.015+0000] {subprocess.py:93} INFO - 26/03/25 16:18:34 INFO BlockManagerInfo: Removed broadcast_2_piece0 on 58f7d80760c1:46177 in memory (size: 21.3 KiB, free: 434.3 MiB)
[2026-03-25T16:18:34.015+0000] {subprocess.py:93} INFO - 26/03/25 16:18:34 INFO SparkContext: Created broadcast 3 from broadcast at DAGScheduler.scala:1611
[2026-03-25T16:18:34.016+0000] {subprocess.py:93} INFO - 26/03/25 16:18:34 INFO DAGScheduler: Submitting 1 missing tasks from ResultStage 3 (MapPartitionsRDD[8] at parquet at NativeMethodAccessorImpl.java:0) (first 15 tasks are for partitions Vector(0))
[2026-03-25T16:18:34.016+0000] {subprocess.py:93} INFO - 26/03/25 16:18:34 INFO TaskSchedulerImpl: Adding task set 3.0 with 1 tasks resource profile 0
[2026-03-25T16:18:34.019+0000] {subprocess.py:93} INFO - 26/03/25 16:18:34 INFO BlockManagerInfo: Removed broadcast_2_piece0 on 172.18.0.4:34973 in memory (size: 21.3 KiB, free: 434.4 MiB)
[2026-03-25T16:18:34.022+0000] {subprocess.py:93} INFO - 26/03/25 16:18:34 INFO TaskSetManager: Starting task 0.0 in stage 3.0 (TID 5) (172.18.0.4, executor 0, partition 0, NODE_LOCAL, 9003 bytes)
[2026-03-25T16:18:34.037+0000] {subprocess.py:93} INFO - 26/03/25 16:18:34 INFO BlockManagerInfo: Added broadcast_3_piece0 in memory on 172.18.0.4:34973 (size: 94.1 KiB, free: 434.3 MiB)
[2026-03-25T16:18:34.102+0000] {subprocess.py:93} INFO - 26/03/25 16:18:34 INFO MapOutputTrackerMasterEndpoint: Asked to send map output locations for shuffle 0 to 172.18.0.4:43196
[2026-03-25T16:18:34.876+0000] {subprocess.py:93} INFO - 26/03/25 16:18:34 INFO TaskSetManager: Finished task 0.0 in stage 3.0 (TID 5) in 856 ms on 172.18.0.4 (executor 0) (1/1)
[2026-03-25T16:18:34.876+0000] {subprocess.py:93} INFO - 26/03/25 16:18:34 INFO TaskSchedulerImpl: Removed TaskSet 3.0, whose tasks have all completed, from pool
[2026-03-25T16:18:34.877+0000] {subprocess.py:93} INFO - 26/03/25 16:18:34 INFO DAGScheduler: ResultStage 3 (parquet at NativeMethodAccessorImpl.java:0) finished in 0.888 s
[2026-03-25T16:18:34.878+0000] {subprocess.py:93} INFO - 26/03/25 16:18:34 INFO DAGScheduler: Job 2 is finished. Cancelling potential speculative or zombie tasks for this job
[2026-03-25T16:18:34.878+0000] {subprocess.py:93} INFO - 26/03/25 16:18:34 INFO TaskSchedulerImpl: Killing all running tasks in stage 3: Stage finished
[2026-03-25T16:18:34.878+0000] {subprocess.py:93} INFO - 26/03/25 16:18:34 INFO DAGScheduler: Job 2 finished: parquet at NativeMethodAccessorImpl.java:0, took 0.898959 s
[2026-03-25T16:18:34.881+0000] {subprocess.py:93} INFO - 26/03/25 16:18:34 INFO FileFormatWriter: Start to commit write Job 0eacd418-06a4-4ab9-ae38-2297cd50cd97.
[2026-03-25T16:18:35.052+0000] {subprocess.py:93} INFO - 26/03/25 16:18:35 INFO FileFormatWriter: Write Job 0eacd418-06a4-4ab9-ae38-2297cd50cd97 committed. Elapsed time: 169 ms.
[2026-03-25T16:18:35.054+0000] {subprocess.py:93} INFO - 26/03/25 16:18:35 INFO FileFormatWriter: Finished processing stats for write job 0eacd418-06a4-4ab9-ae38-2297cd50cd97.
[2026-03-25T16:18:35.058+0000] {subprocess.py:93} INFO - Customer lifetime value analytics written.
[2026-03-25T16:18:35.139+0000] {subprocess.py:93} INFO - 26/03/25 16:18:35 INFO InMemoryFileIndex: It took 62 ms to list leaf files for 1 paths.
[2026-03-25T16:18:35.164+0000] {subprocess.py:93} INFO - 26/03/25 16:18:35 INFO SparkContext: Starting job: parquet at NativeMethodAccessorImpl.java:0
[2026-03-25T16:18:35.165+0000] {subprocess.py:93} INFO - 26/03/25 16:18:35 INFO DAGScheduler: Got job 3 (parquet at NativeMethodAccessorImpl.java:0) with 1 output partitions
[2026-03-25T16:18:35.166+0000] {subprocess.py:93} INFO - 26/03/25 16:18:35 INFO DAGScheduler: Final stage: ResultStage 4 (parquet at NativeMethodAccessorImpl.java:0)
[2026-03-25T16:18:35.166+0000] {subprocess.py:93} INFO - 26/03/25 16:18:35 INFO DAGScheduler: Parents of final stage: List()
[2026-03-25T16:18:35.166+0000] {subprocess.py:93} INFO - 26/03/25 16:18:35 INFO DAGScheduler: Missing parents: List()
[2026-03-25T16:18:35.167+0000] {subprocess.py:93} INFO - 26/03/25 16:18:35 INFO DAGScheduler: Submitting ResultStage 4 (MapPartitionsRDD[10] at parquet at NativeMethodAccessorImpl.java:0), which has no missing parents
[2026-03-25T16:18:35.173+0000] {subprocess.py:93} INFO - 26/03/25 16:18:35 INFO MemoryStore: Block broadcast_4 stored as values in memory (estimated size 103.3 KiB, free 433.7 MiB)
[2026-03-25T16:18:35.180+0000] {subprocess.py:93} INFO - 26/03/25 16:18:35 INFO MemoryStore: Block broadcast_4_piece0 stored as bytes in memory (estimated size 37.2 KiB, free 433.7 MiB)
[2026-03-25T16:18:35.181+0000] {subprocess.py:93} INFO - 26/03/25 16:18:35 INFO BlockManagerInfo: Added broadcast_4_piece0 in memory on 58f7d80760c1:46177 (size: 37.2 KiB, free: 434.2 MiB)
[2026-03-25T16:18:35.182+0000] {subprocess.py:93} INFO - 26/03/25 16:18:35 INFO BlockManagerInfo: Removed broadcast_3_piece0 on 58f7d80760c1:46177 in memory (size: 94.1 KiB, free: 434.3 MiB)
[2026-03-25T16:18:35.183+0000] {subprocess.py:93} INFO - 26/03/25 16:18:35 INFO SparkContext: Created broadcast 4 from broadcast at DAGScheduler.scala:1611
[2026-03-25T16:18:35.183+0000] {subprocess.py:93} INFO - 26/03/25 16:18:35 INFO DAGScheduler: Submitting 1 missing tasks from ResultStage 4 (MapPartitionsRDD[10] at parquet at NativeMethodAccessorImpl.java:0) (first 15 tasks are for partitions Vector(0))
[2026-03-25T16:18:35.184+0000] {subprocess.py:93} INFO - 26/03/25 16:18:35 INFO TaskSchedulerImpl: Adding task set 4.0 with 1 tasks resource profile 0
[2026-03-25T16:18:35.185+0000] {subprocess.py:93} INFO - 26/03/25 16:18:35 INFO BlockManagerInfo: Removed broadcast_3_piece0 on 172.18.0.4:34973 in memory (size: 94.1 KiB, free: 434.4 MiB)
[2026-03-25T16:18:35.186+0000] {subprocess.py:93} INFO - 26/03/25 16:18:35 INFO TaskSetManager: Starting task 0.0 in stage 4.0 (TID 6) (172.18.0.4, executor 0, partition 0, PROCESS_LOCAL, 9206 bytes)
[2026-03-25T16:18:35.201+0000] {subprocess.py:93} INFO - 26/03/25 16:18:35 INFO BlockManagerInfo: Added broadcast_4_piece0 in memory on 172.18.0.4:34973 (size: 37.2 KiB, free: 434.3 MiB)
[2026-03-25T16:18:35.253+0000] {subprocess.py:93} INFO - 26/03/25 16:18:35 INFO TaskSetManager: Finished task 0.0 in stage 4.0 (TID 6) in 67 ms on 172.18.0.4 (executor 0) (1/1)
[2026-03-25T16:18:35.254+0000] {subprocess.py:93} INFO - 26/03/25 16:18:35 INFO TaskSchedulerImpl: Removed TaskSet 4.0, whose tasks have all completed, from pool
[2026-03-25T16:18:35.257+0000] {subprocess.py:93} INFO - 26/03/25 16:18:35 INFO DAGScheduler: ResultStage 4 (parquet at NativeMethodAccessorImpl.java:0) finished in 0.086 s
[2026-03-25T16:18:35.258+0000] {subprocess.py:93} INFO - 26/03/25 16:18:35 INFO DAGScheduler: Job 3 is finished. Cancelling potential speculative or zombie tasks for this job
[2026-03-25T16:18:35.258+0000] {subprocess.py:93} INFO - 26/03/25 16:18:35 INFO TaskSchedulerImpl: Killing all running tasks in stage 4: Stage finished
[2026-03-25T16:18:35.259+0000] {subprocess.py:93} INFO - 26/03/25 16:18:35 INFO DAGScheduler: Job 3 finished: parquet at NativeMethodAccessorImpl.java:0, took 0.091488 s
[2026-03-25T16:18:35.352+0000] {subprocess.py:93} INFO - 26/03/25 16:18:35 INFO FileSourceStrategy: Pushed Filters:
[2026-03-25T16:18:35.353+0000] {subprocess.py:93} INFO - 26/03/25 16:18:35 INFO FileSourceStrategy: Post-Scan Filters:
[2026-03-25T16:18:35.424+0000] {subprocess.py:93} INFO - 26/03/25 16:18:35 INFO CodeGenerator: Code generated in 34.806393 ms
[2026-03-25T16:18:35.428+0000] {subprocess.py:93} INFO - 26/03/25 16:18:35 INFO MemoryStore: Block broadcast_5 stored as values in memory (estimated size 201.4 KiB, free 433.8 MiB)
[2026-03-25T16:18:35.436+0000] {subprocess.py:93} INFO - 26/03/25 16:18:35 INFO BlockManagerInfo: Removed broadcast_4_piece0 on 58f7d80760c1:46177 in memory (size: 37.2 KiB, free: 434.4 MiB)
[2026-03-25T16:18:35.438+0000] {subprocess.py:93} INFO - 26/03/25 16:18:35 INFO MemoryStore: Block broadcast_5_piece0 stored as bytes in memory (estimated size 35.0 KiB, free 433.9 MiB)
[2026-03-25T16:18:35.439+0000] {subprocess.py:93} INFO - 26/03/25 16:18:35 INFO BlockManagerInfo: Added broadcast_5_piece0 in memory on 58f7d80760c1:46177 (size: 35.0 KiB, free: 434.3 MiB)
[2026-03-25T16:18:35.439+0000] {subprocess.py:93} INFO - 26/03/25 16:18:35 INFO BlockManagerInfo: Removed broadcast_4_piece0 on 172.18.0.4:34973 in memory (size: 37.2 KiB, free: 434.4 MiB)
[2026-03-25T16:18:35.440+0000] {subprocess.py:93} INFO - 26/03/25 16:18:35 INFO SparkContext: Created broadcast 5 from parquet at NativeMethodAccessorImpl.java:0
[2026-03-25T16:18:35.441+0000] {subprocess.py:93} INFO - 26/03/25 16:18:35 INFO FileSourceScanExec: Planning scan with bin packing, max size: 4194304 bytes, open cost is considered as scanning 4194304 bytes.
[2026-03-25T16:18:35.449+0000] {subprocess.py:93} INFO - 26/03/25 16:18:35 INFO DAGScheduler: Registering RDD 14 (parquet at NativeMethodAccessorImpl.java:0) as input to shuffle 1
[2026-03-25T16:18:35.449+0000] {subprocess.py:93} INFO - 26/03/25 16:18:35 INFO DAGScheduler: Got map stage job 4 (parquet at NativeMethodAccessorImpl.java:0) with 4 output partitions
[2026-03-25T16:18:35.450+0000] {subprocess.py:93} INFO - 26/03/25 16:18:35 INFO DAGScheduler: Final stage: ShuffleMapStage 5 (parquet at NativeMethodAccessorImpl.java:0)
[2026-03-25T16:18:35.450+0000] {subprocess.py:93} INFO - 26/03/25 16:18:35 INFO DAGScheduler: Parents of final stage: List()
[2026-03-25T16:18:35.450+0000] {subprocess.py:93} INFO - 26/03/25 16:18:35 INFO DAGScheduler: Missing parents: List()
[2026-03-25T16:18:35.451+0000] {subprocess.py:93} INFO - 26/03/25 16:18:35 INFO DAGScheduler: Submitting ShuffleMapStage 5 (MapPartitionsRDD[14] at parquet at NativeMethodAccessorImpl.java:0), which has no missing parents
[2026-03-25T16:18:35.452+0000] {subprocess.py:93} INFO - 26/03/25 16:18:35 INFO MemoryStore: Block broadcast_6 stored as values in memory (estimated size 48.3 KiB, free 433.9 MiB)
[2026-03-25T16:18:35.457+0000] {subprocess.py:93} INFO - 26/03/25 16:18:35 INFO MemoryStore: Block broadcast_6_piece0 stored as bytes in memory (estimated size 20.6 KiB, free 433.9 MiB)
[2026-03-25T16:18:35.458+0000] {subprocess.py:93} INFO - 26/03/25 16:18:35 INFO BlockManagerInfo: Added broadcast_6_piece0 in memory on 58f7d80760c1:46177 (size: 20.6 KiB, free: 434.3 MiB)
[2026-03-25T16:18:35.459+0000] {subprocess.py:93} INFO - 26/03/25 16:18:35 INFO SparkContext: Created broadcast 6 from broadcast at DAGScheduler.scala:1611
[2026-03-25T16:18:35.460+0000] {subprocess.py:93} INFO - 26/03/25 16:18:35 INFO DAGScheduler: Submitting 4 missing tasks from ShuffleMapStage 5 (MapPartitionsRDD[14] at parquet at NativeMethodAccessorImpl.java:0) (first 15 tasks are for partitions Vector(0, 1, 2, 3))
[2026-03-25T16:18:35.460+0000] {subprocess.py:93} INFO - 26/03/25 16:18:35 INFO TaskSchedulerImpl: Adding task set 5.0 with 4 tasks resource profile 0
[2026-03-25T16:18:35.462+0000] {subprocess.py:93} INFO - 26/03/25 16:18:35 INFO TaskSetManager: Starting task 0.0 in stage 5.0 (TID 7) (172.18.0.4, executor 0, partition 0, PROCESS_LOCAL, 9665 bytes)
[2026-03-25T16:18:35.463+0000] {subprocess.py:93} INFO - 26/03/25 16:18:35 INFO TaskSetManager: Starting task 1.0 in stage 5.0 (TID 8) (172.18.0.4, executor 0, partition 1, PROCESS_LOCAL, 9665 bytes)
[2026-03-25T16:18:35.463+0000] {subprocess.py:93} INFO - 26/03/25 16:18:35 INFO TaskSetManager: Starting task 2.0 in stage 5.0 (TID 9) (172.18.0.4, executor 0, partition 2, PROCESS_LOCAL, 9665 bytes)
[2026-03-25T16:18:35.464+0000] {subprocess.py:93} INFO - 26/03/25 16:18:35 INFO TaskSetManager: Starting task 3.0 in stage 5.0 (TID 10) (172.18.0.4, executor 0, partition 3, PROCESS_LOCAL, 9665 bytes)
[2026-03-25T16:18:35.477+0000] {subprocess.py:93} INFO - 26/03/25 16:18:35 INFO BlockManagerInfo: Added broadcast_6_piece0 in memory on 172.18.0.4:34973 (size: 20.6 KiB, free: 434.3 MiB)
[2026-03-25T16:18:35.564+0000] {subprocess.py:93} INFO - 26/03/25 16:18:35 INFO BlockManagerInfo: Added broadcast_5_piece0 in memory on 172.18.0.4:34973 (size: 35.0 KiB, free: 434.3 MiB)
[2026-03-25T16:18:35.701+0000] {subprocess.py:93} INFO - 26/03/25 16:18:35 INFO TaskSetManager: Finished task 3.0 in stage 5.0 (TID 10) in 235 ms on 172.18.0.4 (executor 0) (1/4)
[2026-03-25T16:18:35.702+0000] {subprocess.py:93} INFO - 26/03/25 16:18:35 INFO TaskSetManager: Finished task 2.0 in stage 5.0 (TID 9) in 238 ms on 172.18.0.4 (executor 0) (2/4)
[2026-03-25T16:18:35.704+0000] {subprocess.py:93} INFO - 26/03/25 16:18:35 INFO TaskSetManager: Finished task 0.0 in stage 5.0 (TID 7) in 242 ms on 172.18.0.4 (executor 0) (3/4)
[2026-03-25T16:18:35.706+0000] {subprocess.py:93} INFO - 26/03/25 16:18:35 INFO TaskSetManager: Finished task 1.0 in stage 5.0 (TID 8) in 242 ms on 172.18.0.4 (executor 0) (4/4)
[2026-03-25T16:18:35.706+0000] {subprocess.py:93} INFO - 26/03/25 16:18:35 INFO TaskSchedulerImpl: Removed TaskSet 5.0, whose tasks have all completed, from pool
[2026-03-25T16:18:35.707+0000] {subprocess.py:93} INFO - 26/03/25 16:18:35 INFO DAGScheduler: ShuffleMapStage 5 (parquet at NativeMethodAccessorImpl.java:0) finished in 0.256 s
[2026-03-25T16:18:35.707+0000] {subprocess.py:93} INFO - 26/03/25 16:18:35 INFO DAGScheduler: looking for newly runnable stages
[2026-03-25T16:18:35.707+0000] {subprocess.py:93} INFO - 26/03/25 16:18:35 INFO DAGScheduler: running: Set()
[2026-03-25T16:18:35.708+0000] {subprocess.py:93} INFO - 26/03/25 16:18:35 INFO DAGScheduler: waiting: Set()
[2026-03-25T16:18:35.708+0000] {subprocess.py:93} INFO - 26/03/25 16:18:35 INFO DAGScheduler: failed: Set()
[2026-03-25T16:18:35.718+0000] {subprocess.py:93} INFO - 26/03/25 16:18:35 INFO ShufflePartitionsUtil: For shuffle(1), advisory target size: 67108864, actual target size 1048576, minimum partition size: 1048576
[2026-03-25T16:18:35.727+0000] {subprocess.py:93} INFO - 26/03/25 16:18:35 INFO HashAggregateExec: spark.sql.codegen.aggregate.map.twolevel.enabled is set to true, but current version of codegened fast hashmap does not support this aggregate.
[2026-03-25T16:18:35.751+0000] {subprocess.py:93} INFO - 26/03/25 16:18:35 INFO CodeGenerator: Code generated in 16.393801 ms
[2026-03-25T16:18:35.770+0000] {subprocess.py:93} INFO - 26/03/25 16:18:35 INFO CodeGenerator: Code generated in 7.63272 ms
[2026-03-25T16:18:35.797+0000] {subprocess.py:93} INFO - 26/03/25 16:18:35 INFO SparkContext: Starting job: parquet at NativeMethodAccessorImpl.java:0
[2026-03-25T16:18:35.799+0000] {subprocess.py:93} INFO - 26/03/25 16:18:35 INFO DAGScheduler: Got job 5 (parquet at NativeMethodAccessorImpl.java:0) with 1 output partitions
[2026-03-25T16:18:35.799+0000] {subprocess.py:93} INFO - 26/03/25 16:18:35 INFO DAGScheduler: Final stage: ResultStage 7 (parquet at NativeMethodAccessorImpl.java:0)
[2026-03-25T16:18:35.800+0000] {subprocess.py:93} INFO - 26/03/25 16:18:35 INFO DAGScheduler: Parents of final stage: List(ShuffleMapStage 6)
[2026-03-25T16:18:35.800+0000] {subprocess.py:93} INFO - 26/03/25 16:18:35 INFO DAGScheduler: Missing parents: List()
[2026-03-25T16:18:35.801+0000] {subprocess.py:93} INFO - 26/03/25 16:18:35 INFO DAGScheduler: Submitting ResultStage 7 (MapPartitionsRDD[19] at parquet at NativeMethodAccessorImpl.java:0), which has no missing parents
[2026-03-25T16:18:35.804+0000] {subprocess.py:93} INFO - 26/03/25 16:18:35 INFO MemoryStore: Block broadcast_7 stored as values in memory (estimated size 52.4 KiB, free 433.8 MiB)
[2026-03-25T16:18:35.811+0000] {subprocess.py:93} INFO - 26/03/25 16:18:35 INFO MemoryStore: Block broadcast_7_piece0 stored as bytes in memory (estimated size 23.2 KiB, free 433.8 MiB)
[2026-03-25T16:18:35.812+0000] {subprocess.py:93} INFO - 26/03/25 16:18:35 INFO BlockManagerInfo: Added broadcast_7_piece0 in memory on 58f7d80760c1:46177 (size: 23.2 KiB, free: 434.3 MiB)
[2026-03-25T16:18:35.813+0000] {subprocess.py:93} INFO - 26/03/25 16:18:35 INFO BlockManagerInfo: Removed broadcast_6_piece0 on 58f7d80760c1:46177 in memory (size: 20.6 KiB, free: 434.3 MiB)
[2026-03-25T16:18:35.813+0000] {subprocess.py:93} INFO - 26/03/25 16:18:35 INFO SparkContext: Created broadcast 7 from broadcast at DAGScheduler.scala:1611
[2026-03-25T16:18:35.814+0000] {subprocess.py:93} INFO - 26/03/25 16:18:35 INFO DAGScheduler: Submitting 1 missing tasks from ResultStage 7 (MapPartitionsRDD[19] at parquet at NativeMethodAccessorImpl.java:0) (first 15 tasks are for partitions Vector(0))
[2026-03-25T16:18:35.814+0000] {subprocess.py:93} INFO - 26/03/25 16:18:35 INFO TaskSchedulerImpl: Adding task set 7.0 with 1 tasks resource profile 0
[2026-03-25T16:18:35.815+0000] {subprocess.py:93} INFO - 26/03/25 16:18:35 INFO BlockManagerInfo: Removed broadcast_6_piece0 on 172.18.0.4:34973 in memory (size: 20.6 KiB, free: 434.3 MiB)
[2026-03-25T16:18:35.816+0000] {subprocess.py:93} INFO - 26/03/25 16:18:35 INFO TaskSetManager: Starting task 0.0 in stage 7.0 (TID 11) (172.18.0.4, executor 0, partition 0, NODE_LOCAL, 9003 bytes)
[2026-03-25T16:18:35.830+0000] {subprocess.py:93} INFO - 26/03/25 16:18:35 INFO BlockManagerInfo: Added broadcast_7_piece0 in memory on 172.18.0.4:34973 (size: 23.2 KiB, free: 434.3 MiB)
[2026-03-25T16:18:35.847+0000] {subprocess.py:93} INFO - 26/03/25 16:18:35 INFO MapOutputTrackerMasterEndpoint: Asked to send map output locations for shuffle 1 to 172.18.0.4:43196
[2026-03-25T16:18:35.899+0000] {subprocess.py:93} INFO - 26/03/25 16:18:35 INFO TaskSetManager: Finished task 0.0 in stage 7.0 (TID 11) in 83 ms on 172.18.0.4 (executor 0) (1/1)
[2026-03-25T16:18:35.900+0000] {subprocess.py:93} INFO - 26/03/25 16:18:35 INFO TaskSchedulerImpl: Removed TaskSet 7.0, whose tasks have all completed, from pool
[2026-03-25T16:18:35.901+0000] {subprocess.py:93} INFO - 26/03/25 16:18:35 INFO DAGScheduler: ResultStage 7 (parquet at NativeMethodAccessorImpl.java:0) finished in 0.098 s
[2026-03-25T16:18:35.901+0000] {subprocess.py:93} INFO - 26/03/25 16:18:35 INFO DAGScheduler: Job 5 is finished. Cancelling potential speculative or zombie tasks for this job
[2026-03-25T16:18:35.902+0000] {subprocess.py:93} INFO - 26/03/25 16:18:35 INFO TaskSchedulerImpl: Killing all running tasks in stage 7: Stage finished
[2026-03-25T16:18:35.902+0000] {subprocess.py:93} INFO - 26/03/25 16:18:35 INFO DAGScheduler: Job 5 finished: parquet at NativeMethodAccessorImpl.java:0, took 0.103993 s
[2026-03-25T16:18:35.914+0000] {subprocess.py:93} INFO - 26/03/25 16:18:35 INFO DAGScheduler: Registering RDD 20 (parquet at NativeMethodAccessorImpl.java:0) as input to shuffle 2
[2026-03-25T16:18:35.915+0000] {subprocess.py:93} INFO - 26/03/25 16:18:35 INFO DAGScheduler: Got map stage job 6 (parquet at NativeMethodAccessorImpl.java:0) with 1 output partitions
[2026-03-25T16:18:35.916+0000] {subprocess.py:93} INFO - 26/03/25 16:18:35 INFO DAGScheduler: Final stage: ShuffleMapStage 9 (parquet at NativeMethodAccessorImpl.java:0)
[2026-03-25T16:18:35.916+0000] {subprocess.py:93} INFO - 26/03/25 16:18:35 INFO DAGScheduler: Parents of final stage: List(ShuffleMapStage 8)
[2026-03-25T16:18:35.916+0000] {subprocess.py:93} INFO - 26/03/25 16:18:35 INFO DAGScheduler: Missing parents: List()
[2026-03-25T16:18:35.917+0000] {subprocess.py:93} INFO - 26/03/25 16:18:35 INFO DAGScheduler: Submitting ShuffleMapStage 9 (MapPartitionsRDD[20] at parquet at NativeMethodAccessorImpl.java:0), which has no missing parents
[2026-03-25T16:18:35.924+0000] {subprocess.py:93} INFO - 26/03/25 16:18:35 INFO MemoryStore: Block broadcast_8 stored as values in memory (estimated size 52.9 KiB, free 433.8 MiB)
[2026-03-25T16:18:35.931+0000] {subprocess.py:93} INFO - 26/03/25 16:18:35 INFO MemoryStore: Block broadcast_8_piece0 stored as bytes in memory (estimated size 23.5 KiB, free 433.8 MiB)
[2026-03-25T16:18:35.932+0000] {subprocess.py:93} INFO - 26/03/25 16:18:35 INFO BlockManagerInfo: Removed broadcast_7_piece0 on 58f7d80760c1:46177 in memory (size: 23.2 KiB, free: 434.3 MiB)
[2026-03-25T16:18:35.933+0000] {subprocess.py:93} INFO - 26/03/25 16:18:35 INFO BlockManagerInfo: Added broadcast_8_piece0 in memory on 58f7d80760c1:46177 (size: 23.5 KiB, free: 434.3 MiB)
[2026-03-25T16:18:35.934+0000] {subprocess.py:93} INFO - 26/03/25 16:18:35 INFO SparkContext: Created broadcast 8 from broadcast at DAGScheduler.scala:1611
[2026-03-25T16:18:35.935+0000] {subprocess.py:93} INFO - 26/03/25 16:18:35 INFO BlockManagerInfo: Removed broadcast_7_piece0 on 172.18.0.4:34973 in memory (size: 23.2 KiB, free: 434.3 MiB)
[2026-03-25T16:18:35.936+0000] {subprocess.py:93} INFO - 26/03/25 16:18:35 INFO DAGScheduler: Submitting 1 missing tasks from ShuffleMapStage 9 (MapPartitionsRDD[20] at parquet at NativeMethodAccessorImpl.java:0) (first 15 tasks are for partitions Vector(0))
[2026-03-25T16:18:35.937+0000] {subprocess.py:93} INFO - 26/03/25 16:18:35 INFO TaskSchedulerImpl: Adding task set 9.0 with 1 tasks resource profile 0
[2026-03-25T16:18:35.939+0000] {subprocess.py:93} INFO - 26/03/25 16:18:35 INFO TaskSetManager: Starting task 0.0 in stage 9.0 (TID 12) (172.18.0.4, executor 0, partition 0, NODE_LOCAL, 8992 bytes)
[2026-03-25T16:18:35.955+0000] {subprocess.py:93} INFO - 26/03/25 16:18:35 INFO BlockManagerInfo: Added broadcast_8_piece0 in memory on 172.18.0.4:34973 (size: 23.5 KiB, free: 434.3 MiB)
[2026-03-25T16:18:36.005+0000] {subprocess.py:93} INFO - 26/03/25 16:18:36 INFO TaskSetManager: Finished task 0.0 in stage 9.0 (TID 12) in 67 ms on 172.18.0.4 (executor 0) (1/1)
[2026-03-25T16:18:36.006+0000] {subprocess.py:93} INFO - 26/03/25 16:18:36 INFO TaskSchedulerImpl: Removed TaskSet 9.0, whose tasks have all completed, from pool
[2026-03-25T16:18:36.007+0000] {subprocess.py:93} INFO - 26/03/25 16:18:36 INFO DAGScheduler: ShuffleMapStage 9 (parquet at NativeMethodAccessorImpl.java:0) finished in 0.090 s
[2026-03-25T16:18:36.007+0000] {subprocess.py:93} INFO - 26/03/25 16:18:36 INFO DAGScheduler: looking for newly runnable stages
[2026-03-25T16:18:36.008+0000] {subprocess.py:93} INFO - 26/03/25 16:18:36 INFO DAGScheduler: running: Set()
[2026-03-25T16:18:36.008+0000] {subprocess.py:93} INFO - 26/03/25 16:18:36 INFO DAGScheduler: waiting: Set()
[2026-03-25T16:18:36.008+0000] {subprocess.py:93} INFO - 26/03/25 16:18:36 INFO DAGScheduler: failed: Set()
[2026-03-25T16:18:36.014+0000] {subprocess.py:93} INFO - 26/03/25 16:18:36 INFO ShufflePartitionsUtil: For shuffle(2), advisory target size: 67108864, actual target size 1048576, minimum partition size: 1048576
[2026-03-25T16:18:36.051+0000] {subprocess.py:93} INFO - 26/03/25 16:18:36 INFO ParquetUtils: Using default output committer for Parquet: org.apache.parquet.hadoop.ParquetOutputCommitter
[2026-03-25T16:18:36.053+0000] {subprocess.py:93} INFO - 26/03/25 16:18:36 INFO FileOutputCommitter: File Output Committer Algorithm version is 1
[2026-03-25T16:18:36.053+0000] {subprocess.py:93} INFO - 26/03/25 16:18:36 INFO FileOutputCommitter: FileOutputCommitter skip cleanup _temporary folders under output directory:false, ignore cleanup failures: false
[2026-03-25T16:18:36.054+0000] {subprocess.py:93} INFO - 26/03/25 16:18:36 INFO SQLHadoopMapReduceCommitProtocol: Using user defined output committer class org.apache.parquet.hadoop.ParquetOutputCommitter
[2026-03-25T16:18:36.054+0000] {subprocess.py:93} INFO - 26/03/25 16:18:36 INFO FileOutputCommitter: File Output Committer Algorithm version is 1
[2026-03-25T16:18:36.055+0000] {subprocess.py:93} INFO - 26/03/25 16:18:36 INFO FileOutputCommitter: FileOutputCommitter skip cleanup _temporary folders under output directory:false, ignore cleanup failures: false
[2026-03-25T16:18:36.055+0000] {subprocess.py:93} INFO - 26/03/25 16:18:36 INFO SQLHadoopMapReduceCommitProtocol: Using output committer class org.apache.parquet.hadoop.ParquetOutputCommitter
[2026-03-25T16:18:36.099+0000] {subprocess.py:93} INFO - 26/03/25 16:18:36 INFO CodeGenerator: Code generated in 6.995123 ms
[2026-03-25T16:18:36.107+0000] {subprocess.py:93} INFO - 26/03/25 16:18:36 INFO SparkContext: Starting job: parquet at NativeMethodAccessorImpl.java:0
[2026-03-25T16:18:36.108+0000] {subprocess.py:93} INFO - 26/03/25 16:18:36 INFO DAGScheduler: Got job 7 (parquet at NativeMethodAccessorImpl.java:0) with 1 output partitions
[2026-03-25T16:18:36.108+0000] {subprocess.py:93} INFO - 26/03/25 16:18:36 INFO DAGScheduler: Final stage: ResultStage 12 (parquet at NativeMethodAccessorImpl.java:0)
[2026-03-25T16:18:36.109+0000] {subprocess.py:93} INFO - 26/03/25 16:18:36 INFO DAGScheduler: Parents of final stage: List(ShuffleMapStage 11)
[2026-03-25T16:18:36.109+0000] {subprocess.py:93} INFO - 26/03/25 16:18:36 INFO DAGScheduler: Missing parents: List()
[2026-03-25T16:18:36.110+0000] {subprocess.py:93} INFO - 26/03/25 16:18:36 INFO DAGScheduler: Submitting ResultStage 12 (MapPartitionsRDD[23] at parquet at NativeMethodAccessorImpl.java:0), which has no missing parents
[2026-03-25T16:18:36.121+0000] {subprocess.py:93} INFO - 26/03/25 16:18:36 INFO MemoryStore: Block broadcast_9 stored as values in memory (estimated size 247.3 KiB, free 433.6 MiB)
[2026-03-25T16:18:36.128+0000] {subprocess.py:93} INFO - 26/03/25 16:18:36 INFO MemoryStore: Block broadcast_9_piece0 stored as bytes in memory (estimated size 92.3 KiB, free 433.5 MiB)
[2026-03-25T16:18:36.129+0000] {subprocess.py:93} INFO - 26/03/25 16:18:36 INFO BlockManagerInfo: Removed broadcast_8_piece0 on 58f7d80760c1:46177 in memory (size: 23.5 KiB, free: 434.3 MiB)
[2026-03-25T16:18:36.129+0000] {subprocess.py:93} INFO - 26/03/25 16:18:36 INFO BlockManagerInfo: Added broadcast_9_piece0 in memory on 58f7d80760c1:46177 (size: 92.3 KiB, free: 434.2 MiB)
[2026-03-25T16:18:36.130+0000] {subprocess.py:93} INFO - 26/03/25 16:18:36 INFO SparkContext: Created broadcast 9 from broadcast at DAGScheduler.scala:1611
[2026-03-25T16:18:36.130+0000] {subprocess.py:93} INFO - 26/03/25 16:18:36 INFO DAGScheduler: Submitting 1 missing tasks from ResultStage 12 (MapPartitionsRDD[23] at parquet at NativeMethodAccessorImpl.java:0) (first 15 tasks are for partitions Vector(0))
[2026-03-25T16:18:36.131+0000] {subprocess.py:93} INFO - 26/03/25 16:18:36 INFO TaskSchedulerImpl: Adding task set 12.0 with 1 tasks resource profile 0
[2026-03-25T16:18:36.132+0000] {subprocess.py:93} INFO - 26/03/25 16:18:36 INFO BlockManagerInfo: Removed broadcast_8_piece0 on 172.18.0.4:34973 in memory (size: 23.5 KiB, free: 434.3 MiB)
[2026-03-25T16:18:36.133+0000] {subprocess.py:93} INFO - 26/03/25 16:18:36 INFO TaskSetManager: Starting task 0.0 in stage 12.0 (TID 13) (172.18.0.4, executor 0, partition 0, NODE_LOCAL, 9003 bytes)
[2026-03-25T16:18:36.144+0000] {subprocess.py:93} INFO - 26/03/25 16:18:36 INFO BlockManagerInfo: Added broadcast_9_piece0 in memory on 172.18.0.4:34973 (size: 92.3 KiB, free: 434.2 MiB)
[2026-03-25T16:18:36.159+0000] {subprocess.py:93} INFO - 26/03/25 16:18:36 INFO MapOutputTrackerMasterEndpoint: Asked to send map output locations for shuffle 2 to 172.18.0.4:43196
[2026-03-25T16:18:36.359+0000] {subprocess.py:93} INFO - 26/03/25 16:18:36 INFO TaskSetManager: Finished task 0.0 in stage 12.0 (TID 13) in 226 ms on 172.18.0.4 (executor 0) (1/1)
[2026-03-25T16:18:36.361+0000] {subprocess.py:93} INFO - 26/03/25 16:18:36 INFO TaskSchedulerImpl: Removed TaskSet 12.0, whose tasks have all completed, from pool
[2026-03-25T16:18:36.362+0000] {subprocess.py:93} INFO - 26/03/25 16:18:36 INFO DAGScheduler: ResultStage 12 (parquet at NativeMethodAccessorImpl.java:0) finished in 0.249 s
[2026-03-25T16:18:36.362+0000] {subprocess.py:93} INFO - 26/03/25 16:18:36 INFO DAGScheduler: Job 7 is finished. Cancelling potential speculative or zombie tasks for this job
[2026-03-25T16:18:36.363+0000] {subprocess.py:93} INFO - 26/03/25 16:18:36 INFO TaskSchedulerImpl: Killing all running tasks in stage 12: Stage finished
[2026-03-25T16:18:36.363+0000] {subprocess.py:93} INFO - 26/03/25 16:18:36 INFO DAGScheduler: Job 7 finished: parquet at NativeMethodAccessorImpl.java:0, took 0.254567 s
[2026-03-25T16:18:36.363+0000] {subprocess.py:93} INFO - 26/03/25 16:18:36 INFO FileFormatWriter: Start to commit write Job 7b3fd47e-fe62-4ea7-ad40-44a532c6837b.
[2026-03-25T16:18:36.498+0000] {subprocess.py:93} INFO - 26/03/25 16:18:36 INFO FileFormatWriter: Write Job 7b3fd47e-fe62-4ea7-ad40-44a532c6837b committed. Elapsed time: 135 ms.
[2026-03-25T16:18:36.498+0000] {subprocess.py:93} INFO - 26/03/25 16:18:36 INFO FileFormatWriter: Finished processing stats for write job 7b3fd47e-fe62-4ea7-ad40-44a532c6837b.
[2026-03-25T16:18:36.499+0000] {subprocess.py:93} INFO - Sales trend analytics written.
[2026-03-25T16:18:36.574+0000] {subprocess.py:93} INFO - 26/03/25 16:18:36 INFO InMemoryFileIndex: It took 59 ms to list leaf files for 1 paths.
[2026-03-25T16:18:36.603+0000] {subprocess.py:93} INFO - 26/03/25 16:18:36 INFO SparkContext: Starting job: parquet at NativeMethodAccessorImpl.java:0
[2026-03-25T16:18:36.604+0000] {subprocess.py:93} INFO - 26/03/25 16:18:36 INFO DAGScheduler: Got job 8 (parquet at NativeMethodAccessorImpl.java:0) with 1 output partitions
[2026-03-25T16:18:36.605+0000] {subprocess.py:93} INFO - 26/03/25 16:18:36 INFO DAGScheduler: Final stage: ResultStage 13 (parquet at NativeMethodAccessorImpl.java:0)
[2026-03-25T16:18:36.605+0000] {subprocess.py:93} INFO - 26/03/25 16:18:36 INFO DAGScheduler: Parents of final stage: List()
[2026-03-25T16:18:36.606+0000] {subprocess.py:93} INFO - 26/03/25 16:18:36 INFO DAGScheduler: Missing parents: List()
[2026-03-25T16:18:36.606+0000] {subprocess.py:93} INFO - 26/03/25 16:18:36 INFO DAGScheduler: Submitting ResultStage 13 (MapPartitionsRDD[25] at parquet at NativeMethodAccessorImpl.java:0), which has no missing parents
[2026-03-25T16:18:36.613+0000] {subprocess.py:93} INFO - 26/03/25 16:18:36 INFO MemoryStore: Block broadcast_10 stored as values in memory (estimated size 103.3 KiB, free 433.5 MiB)
[2026-03-25T16:18:36.615+0000] {subprocess.py:93} INFO - 26/03/25 16:18:36 INFO MemoryStore: Block broadcast_10_piece0 stored as bytes in memory (estimated size 37.2 KiB, free 433.5 MiB)
[2026-03-25T16:18:36.615+0000] {subprocess.py:93} INFO - 26/03/25 16:18:36 INFO BlockManagerInfo: Added broadcast_10_piece0 in memory on 58f7d80760c1:46177 (size: 37.2 KiB, free: 434.2 MiB)
[2026-03-25T16:18:36.616+0000] {subprocess.py:93} INFO - 26/03/25 16:18:36 INFO SparkContext: Created broadcast 10 from broadcast at DAGScheduler.scala:1611
[2026-03-25T16:18:36.616+0000] {subprocess.py:93} INFO - 26/03/25 16:18:36 INFO DAGScheduler: Submitting 1 missing tasks from ResultStage 13 (MapPartitionsRDD[25] at parquet at NativeMethodAccessorImpl.java:0) (first 15 tasks are for partitions Vector(0))
[2026-03-25T16:18:36.617+0000] {subprocess.py:93} INFO - 26/03/25 16:18:36 INFO TaskSchedulerImpl: Adding task set 13.0 with 1 tasks resource profile 0
[2026-03-25T16:18:36.618+0000] {subprocess.py:93} INFO - 26/03/25 16:18:36 INFO TaskSetManager: Starting task 0.0 in stage 13.0 (TID 14) (172.18.0.4, executor 0, partition 0, PROCESS_LOCAL, 9206 bytes)
[2026-03-25T16:18:36.631+0000] {subprocess.py:93} INFO - 26/03/25 16:18:36 INFO BlockManagerInfo: Added broadcast_10_piece0 in memory on 172.18.0.4:34973 (size: 37.2 KiB, free: 434.2 MiB)
[2026-03-25T16:18:36.666+0000] {subprocess.py:93} INFO - 26/03/25 16:18:36 INFO TaskSetManager: Finished task 0.0 in stage 13.0 (TID 14) in 48 ms on 172.18.0.4 (executor 0) (1/1)
[2026-03-25T16:18:36.667+0000] {subprocess.py:93} INFO - 26/03/25 16:18:36 INFO TaskSchedulerImpl: Removed TaskSet 13.0, whose tasks have all completed, from pool
[2026-03-25T16:18:36.668+0000] {subprocess.py:93} INFO - 26/03/25 16:18:36 INFO DAGScheduler: ResultStage 13 (parquet at NativeMethodAccessorImpl.java:0) finished in 0.061 s
[2026-03-25T16:18:36.668+0000] {subprocess.py:93} INFO - 26/03/25 16:18:36 INFO DAGScheduler: Job 8 is finished. Cancelling potential speculative or zombie tasks for this job
[2026-03-25T16:18:36.669+0000] {subprocess.py:93} INFO - 26/03/25 16:18:36 INFO TaskSchedulerImpl: Killing all running tasks in stage 13: Stage finished
[2026-03-25T16:18:36.669+0000] {subprocess.py:93} INFO - 26/03/25 16:18:36 INFO DAGScheduler: Job 8 finished: parquet at NativeMethodAccessorImpl.java:0, took 0.064575 s
[2026-03-25T16:18:36.763+0000] {subprocess.py:93} INFO - 26/03/25 16:18:36 INFO InMemoryFileIndex: It took 62 ms to list leaf files for 1 paths.
[2026-03-25T16:18:36.792+0000] {subprocess.py:93} INFO - 26/03/25 16:18:36 INFO SparkContext: Starting job: parquet at NativeMethodAccessorImpl.java:0
[2026-03-25T16:18:36.793+0000] {subprocess.py:93} INFO - 26/03/25 16:18:36 INFO DAGScheduler: Got job 9 (parquet at NativeMethodAccessorImpl.java:0) with 1 output partitions
[2026-03-25T16:18:36.793+0000] {subprocess.py:93} INFO - 26/03/25 16:18:36 INFO DAGScheduler: Final stage: ResultStage 14 (parquet at NativeMethodAccessorImpl.java:0)
[2026-03-25T16:18:36.794+0000] {subprocess.py:93} INFO - 26/03/25 16:18:36 INFO DAGScheduler: Parents of final stage: List()
[2026-03-25T16:18:36.794+0000] {subprocess.py:93} INFO - 26/03/25 16:18:36 INFO DAGScheduler: Missing parents: List()
[2026-03-25T16:18:36.794+0000] {subprocess.py:93} INFO - 26/03/25 16:18:36 INFO DAGScheduler: Submitting ResultStage 14 (MapPartitionsRDD[27] at parquet at NativeMethodAccessorImpl.java:0), which has no missing parents
[2026-03-25T16:18:36.800+0000] {subprocess.py:93} INFO - 26/03/25 16:18:36 INFO MemoryStore: Block broadcast_11 stored as values in memory (estimated size 103.3 KiB, free 433.4 MiB)
[2026-03-25T16:18:36.802+0000] {subprocess.py:93} INFO - 26/03/25 16:18:36 INFO MemoryStore: Block broadcast_11_piece0 stored as bytes in memory (estimated size 37.2 KiB, free 433.3 MiB)
[2026-03-25T16:18:36.802+0000] {subprocess.py:93} INFO - 26/03/25 16:18:36 INFO BlockManagerInfo: Added broadcast_11_piece0 in memory on 58f7d80760c1:46177 (size: 37.2 KiB, free: 434.2 MiB)
[2026-03-25T16:18:36.803+0000] {subprocess.py:93} INFO - 26/03/25 16:18:36 INFO SparkContext: Created broadcast 11 from broadcast at DAGScheduler.scala:1611
[2026-03-25T16:18:36.803+0000] {subprocess.py:93} INFO - 26/03/25 16:18:36 INFO DAGScheduler: Submitting 1 missing tasks from ResultStage 14 (MapPartitionsRDD[27] at parquet at NativeMethodAccessorImpl.java:0) (first 15 tasks are for partitions Vector(0))
[2026-03-25T16:18:36.804+0000] {subprocess.py:93} INFO - 26/03/25 16:18:36 INFO TaskSchedulerImpl: Adding task set 14.0 with 1 tasks resource profile 0
[2026-03-25T16:18:36.805+0000] {subprocess.py:93} INFO - 26/03/25 16:18:36 INFO TaskSetManager: Starting task 0.0 in stage 14.0 (TID 15) (172.18.0.4, executor 0, partition 0, PROCESS_LOCAL, 9203 bytes)
[2026-03-25T16:18:36.816+0000] {subprocess.py:93} INFO - 26/03/25 16:18:36 INFO BlockManagerInfo: Added broadcast_11_piece0 in memory on 172.18.0.4:34973 (size: 37.2 KiB, free: 434.2 MiB)
[2026-03-25T16:18:36.849+0000] {subprocess.py:93} INFO - 26/03/25 16:18:36 INFO TaskSetManager: Finished task 0.0 in stage 14.0 (TID 15) in 43 ms on 172.18.0.4 (executor 0) (1/1)
[2026-03-25T16:18:36.850+0000] {subprocess.py:93} INFO - 26/03/25 16:18:36 INFO TaskSchedulerImpl: Removed TaskSet 14.0, whose tasks have all completed, from pool
[2026-03-25T16:18:36.851+0000] {subprocess.py:93} INFO - 26/03/25 16:18:36 INFO DAGScheduler: ResultStage 14 (parquet at NativeMethodAccessorImpl.java:0) finished in 0.055 s
[2026-03-25T16:18:36.851+0000] {subprocess.py:93} INFO - 26/03/25 16:18:36 INFO DAGScheduler: Job 9 is finished. Cancelling potential speculative or zombie tasks for this job
[2026-03-25T16:18:36.851+0000] {subprocess.py:93} INFO - 26/03/25 16:18:36 INFO TaskSchedulerImpl: Killing all running tasks in stage 14: Stage finished
[2026-03-25T16:18:36.852+0000] {subprocess.py:93} INFO - 26/03/25 16:18:36 INFO DAGScheduler: Job 9 finished: parquet at NativeMethodAccessorImpl.java:0, took 0.057872 s
[2026-03-25T16:18:37.031+0000] {subprocess.py:93} INFO - 26/03/25 16:18:37 INFO FileSourceStrategy: Pushed Filters: IsNotNull(product_id)
[2026-03-25T16:18:37.032+0000] {subprocess.py:93} INFO - 26/03/25 16:18:37 INFO FileSourceStrategy: Post-Scan Filters: isnotnull(product_id#139)
[2026-03-25T16:18:37.034+0000] {subprocess.py:93} INFO - 26/03/25 16:18:37 INFO FileSourceStrategy: Pushed Filters: IsNotNull(product_id)
[2026-03-25T16:18:37.034+0000] {subprocess.py:93} INFO - 26/03/25 16:18:37 INFO FileSourceStrategy: Post-Scan Filters: isnotnull(product_id#158)
[2026-03-25T16:18:37.084+0000] {subprocess.py:93} INFO - 26/03/25 16:18:37 INFO CodeGenerator: Code generated in 7.105871 ms
[2026-03-25T16:18:37.087+0000] {subprocess.py:93} INFO - 26/03/25 16:18:37 INFO MemoryStore: Block broadcast_12 stored as values in memory (estimated size 201.3 KiB, free 433.1 MiB)
[2026-03-25T16:18:37.093+0000] {subprocess.py:93} INFO - 26/03/25 16:18:37 INFO MemoryStore: Block broadcast_12_piece0 stored as bytes in memory (estimated size 34.9 KiB, free 433.1 MiB)
[2026-03-25T16:18:37.094+0000] {subprocess.py:93} INFO - 26/03/25 16:18:37 INFO BlockManagerInfo: Added broadcast_12_piece0 in memory on 58f7d80760c1:46177 (size: 34.9 KiB, free: 434.1 MiB)
[2026-03-25T16:18:37.094+0000] {subprocess.py:93} INFO - 26/03/25 16:18:37 INFO SparkContext: Created broadcast 12 from $anonfun$withThreadLocalCaptured$1 at FutureTask.java:264
[2026-03-25T16:18:37.095+0000] {subprocess.py:93} INFO - 26/03/25 16:18:37 INFO FileSourceScanExec: Planning scan with bin packing, max size: 4194304 bytes, open cost is considered as scanning 4194304 bytes.
[2026-03-25T16:18:37.105+0000] {subprocess.py:93} INFO - 26/03/25 16:18:37 INFO SparkContext: Starting job: $anonfun$withThreadLocalCaptured$1 at FutureTask.java:264
[2026-03-25T16:18:37.106+0000] {subprocess.py:93} INFO - 26/03/25 16:18:37 INFO DAGScheduler: Got job 10 ($anonfun$withThreadLocalCaptured$1 at FutureTask.java:264) with 4 output partitions
[2026-03-25T16:18:37.106+0000] {subprocess.py:93} INFO - 26/03/25 16:18:37 INFO DAGScheduler: Final stage: ResultStage 15 ($anonfun$withThreadLocalCaptured$1 at FutureTask.java:264)
[2026-03-25T16:18:37.107+0000] {subprocess.py:93} INFO - 26/03/25 16:18:37 INFO DAGScheduler: Parents of final stage: List()
[2026-03-25T16:18:37.107+0000] {subprocess.py:93} INFO - 26/03/25 16:18:37 INFO DAGScheduler: Missing parents: List()
[2026-03-25T16:18:37.108+0000] {subprocess.py:93} INFO - 26/03/25 16:18:37 INFO DAGScheduler: Submitting ResultStage 15 (MapPartitionsRDD[31] at $anonfun$withThreadLocalCaptured$1 at FutureTask.java:264), which has no missing parents
[2026-03-25T16:18:37.108+0000] {subprocess.py:93} INFO - 26/03/25 16:18:37 INFO MemoryStore: Block broadcast_13 stored as values in memory (estimated size 15.8 KiB, free 433.1 MiB)
[2026-03-25T16:18:37.109+0000] {subprocess.py:93} INFO - 26/03/25 16:18:37 INFO MemoryStore: Block broadcast_13_piece0 stored as bytes in memory (estimated size 6.7 KiB, free 433.1 MiB)
[2026-03-25T16:18:37.110+0000] {subprocess.py:93} INFO - 26/03/25 16:18:37 INFO BlockManagerInfo: Added broadcast_13_piece0 in memory on 58f7d80760c1:46177 (size: 6.7 KiB, free: 434.1 MiB)
[2026-03-25T16:18:37.110+0000] {subprocess.py:93} INFO - 26/03/25 16:18:37 INFO SparkContext: Created broadcast 13 from broadcast at DAGScheduler.scala:1611
[2026-03-25T16:18:37.111+0000] {subprocess.py:93} INFO - 26/03/25 16:18:37 INFO DAGScheduler: Submitting 4 missing tasks from ResultStage 15 (MapPartitionsRDD[31] at $anonfun$withThreadLocalCaptured$1 at FutureTask.java:264) (first 15 tasks are for partitions Vector(0, 1, 2, 3))
[2026-03-25T16:18:37.111+0000] {subprocess.py:93} INFO - 26/03/25 16:18:37 INFO TaskSchedulerImpl: Adding task set 15.0 with 4 tasks resource profile 0
[2026-03-25T16:18:37.112+0000] {subprocess.py:93} INFO - 26/03/25 16:18:37 INFO TaskSetManager: Starting task 0.0 in stage 15.0 (TID 16) (172.18.0.4, executor 0, partition 0, PROCESS_LOCAL, 9676 bytes)
[2026-03-25T16:18:37.112+0000] {subprocess.py:93} INFO - 26/03/25 16:18:37 INFO TaskSetManager: Starting task 1.0 in stage 15.0 (TID 17) (172.18.0.4, executor 0, partition 1, PROCESS_LOCAL, 9676 bytes)
[2026-03-25T16:18:37.113+0000] {subprocess.py:93} INFO - 26/03/25 16:18:37 INFO TaskSetManager: Starting task 2.0 in stage 15.0 (TID 18) (172.18.0.4, executor 0, partition 2, PROCESS_LOCAL, 9676 bytes)
[2026-03-25T16:18:37.113+0000] {subprocess.py:93} INFO - 26/03/25 16:18:37 INFO TaskSetManager: Starting task 3.0 in stage 15.0 (TID 19) (172.18.0.4, executor 0, partition 3, PROCESS_LOCAL, 9676 bytes)
[2026-03-25T16:18:37.125+0000] {subprocess.py:93} INFO - 26/03/25 16:18:37 INFO BlockManagerInfo: Added broadcast_13_piece0 in memory on 172.18.0.4:34973 (size: 6.7 KiB, free: 434.2 MiB)
[2026-03-25T16:18:37.151+0000] {subprocess.py:93} INFO - 26/03/25 16:18:37 INFO BlockManagerInfo: Added broadcast_12_piece0 in memory on 172.18.0.4:34973 (size: 34.9 KiB, free: 434.1 MiB)
[2026-03-25T16:18:37.275+0000] {subprocess.py:93} INFO - 26/03/25 16:18:37 INFO TaskSetManager: Finished task 2.0 in stage 15.0 (TID 18) in 161 ms on 172.18.0.4 (executor 0) (1/4)
[2026-03-25T16:18:37.276+0000] {subprocess.py:93} INFO - 26/03/25 16:18:37 INFO TaskSetManager: Finished task 3.0 in stage 15.0 (TID 19) in 162 ms on 172.18.0.4 (executor 0) (2/4)
[2026-03-25T16:18:37.276+0000] {subprocess.py:93} INFO - 26/03/25 16:18:37 INFO TaskSetManager: Finished task 1.0 in stage 15.0 (TID 17) in 164 ms on 172.18.0.4 (executor 0) (3/4)
[2026-03-25T16:18:37.278+0000] {subprocess.py:93} INFO - 26/03/25 16:18:37 INFO TaskSetManager: Finished task 0.0 in stage 15.0 (TID 16) in 166 ms on 172.18.0.4 (executor 0) (4/4)
[2026-03-25T16:18:37.278+0000] {subprocess.py:93} INFO - 26/03/25 16:18:37 INFO TaskSchedulerImpl: Removed TaskSet 15.0, whose tasks have all completed, from pool
[2026-03-25T16:18:37.279+0000] {subprocess.py:93} INFO - 26/03/25 16:18:37 INFO DAGScheduler: ResultStage 15 ($anonfun$withThreadLocalCaptured$1 at FutureTask.java:264) finished in 0.171 s
[2026-03-25T16:18:37.279+0000] {subprocess.py:93} INFO - 26/03/25 16:18:37 INFO DAGScheduler: Job 10 is finished. Cancelling potential speculative or zombie tasks for this job
[2026-03-25T16:18:37.279+0000] {subprocess.py:93} INFO - 26/03/25 16:18:37 INFO TaskSchedulerImpl: Killing all running tasks in stage 15: Stage finished
[2026-03-25T16:18:37.280+0000] {subprocess.py:93} INFO - 26/03/25 16:18:37 INFO DAGScheduler: Job 10 finished: $anonfun$withThreadLocalCaptured$1 at FutureTask.java:264, took 0.173702 s
[2026-03-25T16:18:37.296+0000] {subprocess.py:93} INFO - 26/03/25 16:18:37 INFO CodeGenerator: Code generated in 5.529368 ms
[2026-03-25T16:18:37.335+0000] {subprocess.py:93} INFO - 26/03/25 16:18:37 INFO BlockManagerInfo: Removed broadcast_10_piece0 on 58f7d80760c1:46177 in memory (size: 37.2 KiB, free: 434.2 MiB)
[2026-03-25T16:18:37.338+0000] {subprocess.py:93} INFO - 26/03/25 16:18:37 INFO BlockManagerInfo: Removed broadcast_10_piece0 on 172.18.0.4:34973 in memory (size: 37.2 KiB, free: 434.2 MiB)
[2026-03-25T16:18:37.343+0000] {subprocess.py:93} INFO - 26/03/25 16:18:37 INFO BlockManagerInfo: Removed broadcast_11_piece0 on 58f7d80760c1:46177 in memory (size: 37.2 KiB, free: 434.2 MiB)
[2026-03-25T16:18:37.344+0000] {subprocess.py:93} INFO - 26/03/25 16:18:37 INFO BlockManagerInfo: Removed broadcast_11_piece0 on 172.18.0.4:34973 in memory (size: 37.2 KiB, free: 434.2 MiB)
[2026-03-25T16:18:37.349+0000] {subprocess.py:93} INFO - 26/03/25 16:18:37 INFO BlockManagerInfo: Removed broadcast_13_piece0 on 58f7d80760c1:46177 in memory (size: 6.7 KiB, free: 434.2 MiB)
[2026-03-25T16:18:37.351+0000] {subprocess.py:93} INFO - 26/03/25 16:18:37 INFO BlockManagerInfo: Removed broadcast_13_piece0 on 172.18.0.4:34973 in memory (size: 6.7 KiB, free: 434.2 MiB)
[2026-03-25T16:18:37.356+0000] {subprocess.py:93} INFO - 26/03/25 16:18:37 INFO BlockManagerInfo: Removed broadcast_9_piece0 on 58f7d80760c1:46177 in memory (size: 92.3 KiB, free: 434.3 MiB)
[2026-03-25T16:18:37.357+0000] {subprocess.py:93} INFO - 26/03/25 16:18:37 INFO BlockManagerInfo: Removed broadcast_9_piece0 on 172.18.0.4:34973 in memory (size: 92.3 KiB, free: 434.3 MiB)
[2026-03-25T16:18:37.361+0000] {subprocess.py:93} INFO - 26/03/25 16:18:37 INFO MemoryStore: Block broadcast_14_piece0 stored as bytes in memory (estimated size 1934.1 KiB, free 431.8 MiB)
[2026-03-25T16:18:37.362+0000] {subprocess.py:93} INFO - 26/03/25 16:18:37 INFO BlockManagerInfo: Added broadcast_14_piece0 in memory on 58f7d80760c1:46177 (size: 1934.1 KiB, free: 432.4 MiB)
[2026-03-25T16:18:37.362+0000] {subprocess.py:93} INFO - 26/03/25 16:18:37 INFO SparkContext: Created broadcast 14 from $anonfun$withThreadLocalCaptured$1 at FutureTask.java:264
[2026-03-25T16:18:37.368+0000] {subprocess.py:93} INFO - 26/03/25 16:18:37 INFO BlockManagerInfo: Removed broadcast_5_piece0 on 58f7d80760c1:46177 in memory (size: 35.0 KiB, free: 432.4 MiB)
[2026-03-25T16:18:37.370+0000] {subprocess.py:93} INFO - 26/03/25 16:18:37 INFO BlockManagerInfo: Removed broadcast_5_piece0 on 172.18.0.4:34973 in memory (size: 35.0 KiB, free: 434.3 MiB)
[2026-03-25T16:18:37.373+0000] {subprocess.py:93} INFO - 26/03/25 16:18:37 INFO FileSourceStrategy: Pushed Filters: IsNotNull(product_id)
[2026-03-25T16:18:37.374+0000] {subprocess.py:93} INFO - 26/03/25 16:18:37 INFO FileSourceStrategy: Post-Scan Filters: isnotnull(product_id#158)
[2026-03-25T16:18:37.438+0000] {subprocess.py:93} INFO - 26/03/25 16:18:37 INFO CodeGenerator: Code generated in 30.37284 ms
[2026-03-25T16:18:37.443+0000] {subprocess.py:93} INFO - 26/03/25 16:18:37 INFO MemoryStore: Block broadcast_15 stored as values in memory (estimated size 201.3 KiB, free 431.9 MiB)
[2026-03-25T16:18:37.449+0000] {subprocess.py:93} INFO - 26/03/25 16:18:37 INFO MemoryStore: Block broadcast_15_piece0 stored as bytes in memory (estimated size 35.0 KiB, free 431.8 MiB)
[2026-03-25T16:18:37.449+0000] {subprocess.py:93} INFO - 26/03/25 16:18:37 INFO BlockManagerInfo: Added broadcast_15_piece0 in memory on 58f7d80760c1:46177 (size: 35.0 KiB, free: 432.4 MiB)
[2026-03-25T16:18:37.450+0000] {subprocess.py:93} INFO - 26/03/25 16:18:37 INFO SparkContext: Created broadcast 15 from parquet at NativeMethodAccessorImpl.java:0
[2026-03-25T16:18:37.451+0000] {subprocess.py:93} INFO - 26/03/25 16:18:37 INFO FileSourceScanExec: Planning scan with bin packing, max size: 4194304 bytes, open cost is considered as scanning 4194304 bytes.
[2026-03-25T16:18:37.462+0000] {subprocess.py:93} INFO - 26/03/25 16:18:37 INFO DAGScheduler: Registering RDD 35 (parquet at NativeMethodAccessorImpl.java:0) as input to shuffle 3
[2026-03-25T16:18:37.463+0000] {subprocess.py:93} INFO - 26/03/25 16:18:37 INFO DAGScheduler: Got map stage job 11 (parquet at NativeMethodAccessorImpl.java:0) with 4 output partitions
[2026-03-25T16:18:37.463+0000] {subprocess.py:93} INFO - 26/03/25 16:18:37 INFO DAGScheduler: Final stage: ShuffleMapStage 16 (parquet at NativeMethodAccessorImpl.java:0)
[2026-03-25T16:18:37.463+0000] {subprocess.py:93} INFO - 26/03/25 16:18:37 INFO DAGScheduler: Parents of final stage: List()
[2026-03-25T16:18:37.464+0000] {subprocess.py:93} INFO - 26/03/25 16:18:37 INFO DAGScheduler: Missing parents: List()
[2026-03-25T16:18:37.464+0000] {subprocess.py:93} INFO - 26/03/25 16:18:37 INFO DAGScheduler: Submitting ShuffleMapStage 16 (MapPartitionsRDD[35] at parquet at NativeMethodAccessorImpl.java:0), which has no missing parents
[2026-03-25T16:18:37.466+0000] {subprocess.py:93} INFO - 26/03/25 16:18:37 INFO MemoryStore: Block broadcast_16 stored as values in memory (estimated size 59.6 KiB, free 431.8 MiB)
[2026-03-25T16:18:37.468+0000] {subprocess.py:93} INFO - 26/03/25 16:18:37 INFO MemoryStore: Block broadcast_16_piece0 stored as bytes in memory (estimated size 24.7 KiB, free 431.7 MiB)
[2026-03-25T16:18:37.469+0000] {subprocess.py:93} INFO - 26/03/25 16:18:37 INFO BlockManagerInfo: Added broadcast_16_piece0 in memory on 58f7d80760c1:46177 (size: 24.7 KiB, free: 432.4 MiB)
[2026-03-25T16:18:37.469+0000] {subprocess.py:93} INFO - 26/03/25 16:18:37 INFO SparkContext: Created broadcast 16 from broadcast at DAGScheduler.scala:1611
[2026-03-25T16:18:37.469+0000] {subprocess.py:93} INFO - 26/03/25 16:18:37 INFO DAGScheduler: Submitting 4 missing tasks from ShuffleMapStage 16 (MapPartitionsRDD[35] at parquet at NativeMethodAccessorImpl.java:0) (first 15 tasks are for partitions Vector(0, 1, 2, 3))
[2026-03-25T16:18:37.470+0000] {subprocess.py:93} INFO - 26/03/25 16:18:37 INFO TaskSchedulerImpl: Adding task set 16.0 with 4 tasks resource profile 0
[2026-03-25T16:18:37.470+0000] {subprocess.py:93} INFO - 26/03/25 16:18:37 INFO TaskSetManager: Starting task 0.0 in stage 16.0 (TID 20) (172.18.0.4, executor 0, partition 0, PROCESS_LOCAL, 9662 bytes)
[2026-03-25T16:18:37.471+0000] {subprocess.py:93} INFO - 26/03/25 16:18:37 INFO TaskSetManager: Starting task 1.0 in stage 16.0 (TID 21) (172.18.0.4, executor 0, partition 1, PROCESS_LOCAL, 9662 bytes)
[2026-03-25T16:18:37.471+0000] {subprocess.py:93} INFO - 26/03/25 16:18:37 INFO TaskSetManager: Starting task 2.0 in stage 16.0 (TID 22) (172.18.0.4, executor 0, partition 2, PROCESS_LOCAL, 9662 bytes)
[2026-03-25T16:18:37.472+0000] {subprocess.py:93} INFO - 26/03/25 16:18:37 INFO TaskSetManager: Starting task 3.0 in stage 16.0 (TID 23) (172.18.0.4, executor 0, partition 3, PROCESS_LOCAL, 9662 bytes)
[2026-03-25T16:18:37.483+0000] {subprocess.py:93} INFO - 26/03/25 16:18:37 INFO BlockManagerInfo: Added broadcast_16_piece0 in memory on 172.18.0.4:34973 (size: 24.7 KiB, free: 434.3 MiB)
[2026-03-25T16:18:37.542+0000] {subprocess.py:93} INFO - 26/03/25 16:18:37 INFO BlockManagerInfo: Added broadcast_14_piece0 in memory on 172.18.0.4:34973 (size: 1934.1 KiB, free: 432.4 MiB)
[2026-03-25T16:18:37.604+0000] {subprocess.py:93} INFO - 26/03/25 16:18:37 INFO BlockManagerInfo: Added broadcast_15_piece0 in memory on 172.18.0.4:34973 (size: 35.0 KiB, free: 432.4 MiB)
[2026-03-25T16:18:37.761+0000] {subprocess.py:93} INFO - 26/03/25 16:18:37 INFO TaskSetManager: Finished task 0.0 in stage 16.0 (TID 20) in 290 ms on 172.18.0.4 (executor 0) (1/4)
[2026-03-25T16:18:37.761+0000] {subprocess.py:93} INFO - 26/03/25 16:18:37 INFO TaskSetManager: Finished task 1.0 in stage 16.0 (TID 21) in 289 ms on 172.18.0.4 (executor 0) (2/4)
[2026-03-25T16:18:37.762+0000] {subprocess.py:93} INFO - 26/03/25 16:18:37 INFO TaskSetManager: Finished task 3.0 in stage 16.0 (TID 23) in 290 ms on 172.18.0.4 (executor 0) (3/4)
[2026-03-25T16:18:37.763+0000] {subprocess.py:93} INFO - 26/03/25 16:18:37 INFO TaskSetManager: Finished task 2.0 in stage 16.0 (TID 22) in 291 ms on 172.18.0.4 (executor 0) (4/4)
[2026-03-25T16:18:37.763+0000] {subprocess.py:93} INFO - 26/03/25 16:18:37 INFO TaskSchedulerImpl: Removed TaskSet 16.0, whose tasks have all completed, from pool
[2026-03-25T16:18:37.768+0000] {subprocess.py:93} INFO - 26/03/25 16:18:37 INFO DAGScheduler: ShuffleMapStage 16 (parquet at NativeMethodAccessorImpl.java:0) finished in 0.299 s
[2026-03-25T16:18:37.769+0000] {subprocess.py:93} INFO - 26/03/25 16:18:37 INFO DAGScheduler: looking for newly runnable stages
[2026-03-25T16:18:37.769+0000] {subprocess.py:93} INFO - 26/03/25 16:18:37 INFO DAGScheduler: running: Set()
[2026-03-25T16:18:37.770+0000] {subprocess.py:93} INFO - 26/03/25 16:18:37 INFO DAGScheduler: waiting: Set()
[2026-03-25T16:18:37.770+0000] {subprocess.py:93} INFO - 26/03/25 16:18:37 INFO DAGScheduler: failed: Set()
[2026-03-25T16:18:37.771+0000] {subprocess.py:93} INFO - 26/03/25 16:18:37 INFO ShufflePartitionsUtil: For shuffle(3), advisory target size: 67108864, actual target size 1048576, minimum partition size: 1048576
[2026-03-25T16:18:37.826+0000] {subprocess.py:93} INFO - 26/03/25 16:18:37 INFO CodeGenerator: Code generated in 32.502196 ms
[2026-03-25T16:18:37.832+0000] {subprocess.py:93} INFO - 26/03/25 16:18:37 INFO DAGScheduler: Registering RDD 38 (parquet at NativeMethodAccessorImpl.java:0) as input to shuffle 4
[2026-03-25T16:18:37.833+0000] {subprocess.py:93} INFO - 26/03/25 16:18:37 INFO DAGScheduler: Got map stage job 12 (parquet at NativeMethodAccessorImpl.java:0) with 1 output partitions
[2026-03-25T16:18:37.833+0000] {subprocess.py:93} INFO - 26/03/25 16:18:37 INFO DAGScheduler: Final stage: ShuffleMapStage 18 (parquet at NativeMethodAccessorImpl.java:0)
[2026-03-25T16:18:37.834+0000] {subprocess.py:93} INFO - 26/03/25 16:18:37 INFO DAGScheduler: Parents of final stage: List(ShuffleMapStage 17)
[2026-03-25T16:18:37.834+0000] {subprocess.py:93} INFO - 26/03/25 16:18:37 INFO DAGScheduler: Missing parents: List()
[2026-03-25T16:18:37.834+0000] {subprocess.py:93} INFO - 26/03/25 16:18:37 INFO DAGScheduler: Submitting ShuffleMapStage 18 (MapPartitionsRDD[38] at parquet at NativeMethodAccessorImpl.java:0), which has no missing parents
[2026-03-25T16:18:37.836+0000] {subprocess.py:93} INFO - 26/03/25 16:18:37 INFO MemoryStore: Block broadcast_17 stored as values in memory (estimated size 82.8 KiB, free 431.7 MiB)
[2026-03-25T16:18:37.837+0000] {subprocess.py:93} INFO - 26/03/25 16:18:37 INFO MemoryStore: Block broadcast_17_piece0 stored as bytes in memory (estimated size 31.8 KiB, free 431.6 MiB)
[2026-03-25T16:18:37.837+0000] {subprocess.py:93} INFO - 26/03/25 16:18:37 INFO BlockManagerInfo: Added broadcast_17_piece0 in memory on 58f7d80760c1:46177 (size: 31.8 KiB, free: 432.4 MiB)
[2026-03-25T16:18:37.838+0000] {subprocess.py:93} INFO - 26/03/25 16:18:37 INFO SparkContext: Created broadcast 17 from broadcast at DAGScheduler.scala:1611
[2026-03-25T16:18:37.838+0000] {subprocess.py:93} INFO - 26/03/25 16:18:37 INFO DAGScheduler: Submitting 1 missing tasks from ShuffleMapStage 18 (MapPartitionsRDD[38] at parquet at NativeMethodAccessorImpl.java:0) (first 15 tasks are for partitions Vector(0))
[2026-03-25T16:18:37.838+0000] {subprocess.py:93} INFO - 26/03/25 16:18:37 INFO TaskSchedulerImpl: Adding task set 18.0 with 1 tasks resource profile 0
[2026-03-25T16:18:37.839+0000] {subprocess.py:93} INFO - 26/03/25 16:18:37 INFO TaskSetManager: Starting task 0.0 in stage 18.0 (TID 24) (172.18.0.4, executor 0, partition 0, NODE_LOCAL, 8992 bytes)
[2026-03-25T16:18:37.850+0000] {subprocess.py:93} INFO - 26/03/25 16:18:37 INFO BlockManagerInfo: Added broadcast_17_piece0 in memory on 172.18.0.4:34973 (size: 31.8 KiB, free: 432.4 MiB)
[2026-03-25T16:18:37.858+0000] {subprocess.py:93} INFO - 26/03/25 16:18:37 INFO MapOutputTrackerMasterEndpoint: Asked to send map output locations for shuffle 3 to 172.18.0.4:43196
[2026-03-25T16:18:38.055+0000] {subprocess.py:93} INFO - 26/03/25 16:18:38 INFO TaskSetManager: Finished task 0.0 in stage 18.0 (TID 24) in 215 ms on 172.18.0.4 (executor 0) (1/1)
[2026-03-25T16:18:38.056+0000] {subprocess.py:93} INFO - 26/03/25 16:18:38 INFO TaskSchedulerImpl: Removed TaskSet 18.0, whose tasks have all completed, from pool
[2026-03-25T16:18:38.056+0000] {subprocess.py:93} INFO - 26/03/25 16:18:38 INFO DAGScheduler: ShuffleMapStage 18 (parquet at NativeMethodAccessorImpl.java:0) finished in 0.221 s
[2026-03-25T16:18:38.057+0000] {subprocess.py:93} INFO - 26/03/25 16:18:38 INFO DAGScheduler: looking for newly runnable stages
[2026-03-25T16:18:38.057+0000] {subprocess.py:93} INFO - 26/03/25 16:18:38 INFO DAGScheduler: running: Set()
[2026-03-25T16:18:38.057+0000] {subprocess.py:93} INFO - 26/03/25 16:18:38 INFO DAGScheduler: waiting: Set()
[2026-03-25T16:18:38.058+0000] {subprocess.py:93} INFO - 26/03/25 16:18:38 INFO DAGScheduler: failed: Set()
[2026-03-25T16:18:38.061+0000] {subprocess.py:93} INFO - 26/03/25 16:18:38 INFO ShufflePartitionsUtil: For shuffle(4), advisory target size: 67108864, actual target size 1048576, minimum partition size: 1048576
[2026-03-25T16:18:38.070+0000] {subprocess.py:93} INFO - 26/03/25 16:18:38 INFO HashAggregateExec: spark.sql.codegen.aggregate.map.twolevel.enabled is set to true, but current version of codegened fast hashmap does not support this aggregate.
[2026-03-25T16:18:38.094+0000] {subprocess.py:93} INFO - 26/03/25 16:18:38 INFO CodeGenerator: Code generated in 17.88936 ms
[2026-03-25T16:18:38.106+0000] {subprocess.py:93} INFO - 26/03/25 16:18:38 INFO CodeGenerator: Code generated in 5.956533 ms
[2026-03-25T16:18:38.119+0000] {subprocess.py:93} INFO - 26/03/25 16:18:38 INFO SparkContext: Starting job: parquet at NativeMethodAccessorImpl.java:0
[2026-03-25T16:18:38.120+0000] {subprocess.py:93} INFO - 26/03/25 16:18:38 INFO DAGScheduler: Got job 13 (parquet at NativeMethodAccessorImpl.java:0) with 1 output partitions
[2026-03-25T16:18:38.121+0000] {subprocess.py:93} INFO - 26/03/25 16:18:38 INFO DAGScheduler: Final stage: ResultStage 21 (parquet at NativeMethodAccessorImpl.java:0)
[2026-03-25T16:18:38.122+0000] {subprocess.py:93} INFO - 26/03/25 16:18:38 INFO DAGScheduler: Parents of final stage: List(ShuffleMapStage 20)
[2026-03-25T16:18:38.122+0000] {subprocess.py:93} INFO - 26/03/25 16:18:38 INFO DAGScheduler: Missing parents: List()
[2026-03-25T16:18:38.122+0000] {subprocess.py:93} INFO - 26/03/25 16:18:38 INFO DAGScheduler: Submitting ResultStage 21 (MapPartitionsRDD[43] at parquet at NativeMethodAccessorImpl.java:0), which has no missing parents
[2026-03-25T16:18:38.124+0000] {subprocess.py:93} INFO - 26/03/25 16:18:38 INFO MemoryStore: Block broadcast_18 stored as values in memory (estimated size 74.1 KiB, free 431.6 MiB)
[2026-03-25T16:18:38.131+0000] {subprocess.py:93} INFO - 26/03/25 16:18:38 INFO MemoryStore: Block broadcast_18_piece0 stored as bytes in memory (estimated size 30.6 KiB, free 431.5 MiB)
[2026-03-25T16:18:38.131+0000] {subprocess.py:93} INFO - 26/03/25 16:18:38 INFO BlockManagerInfo: Added broadcast_18_piece0 in memory on 58f7d80760c1:46177 (size: 30.6 KiB, free: 432.3 MiB)
[2026-03-25T16:18:38.133+0000] {subprocess.py:93} INFO - 26/03/25 16:18:38 INFO BlockManagerInfo: Removed broadcast_17_piece0 on 58f7d80760c1:46177 in memory (size: 31.8 KiB, free: 432.4 MiB)
[2026-03-25T16:18:38.134+0000] {subprocess.py:93} INFO - 26/03/25 16:18:38 INFO SparkContext: Created broadcast 18 from broadcast at DAGScheduler.scala:1611
[2026-03-25T16:18:38.135+0000] {subprocess.py:93} INFO - 26/03/25 16:18:38 INFO DAGScheduler: Submitting 1 missing tasks from ResultStage 21 (MapPartitionsRDD[43] at parquet at NativeMethodAccessorImpl.java:0) (first 15 tasks are for partitions Vector(0))
[2026-03-25T16:18:38.135+0000] {subprocess.py:93} INFO - 26/03/25 16:18:38 INFO TaskSchedulerImpl: Adding task set 21.0 with 1 tasks resource profile 0
[2026-03-25T16:18:38.136+0000] {subprocess.py:93} INFO - 26/03/25 16:18:38 INFO TaskSetManager: Starting task 0.0 in stage 21.0 (TID 25) (172.18.0.4, executor 0, partition 0, NODE_LOCAL, 9003 bytes)
[2026-03-25T16:18:38.136+0000] {subprocess.py:93} INFO - 26/03/25 16:18:38 INFO BlockManagerInfo: Removed broadcast_17_piece0 on 172.18.0.4:34973 in memory (size: 31.8 KiB, free: 432.4 MiB)
[2026-03-25T16:18:38.142+0000] {subprocess.py:93} INFO - 26/03/25 16:18:38 INFO BlockManagerInfo: Removed broadcast_16_piece0 on 58f7d80760c1:46177 in memory (size: 24.7 KiB, free: 432.4 MiB)
[2026-03-25T16:18:38.146+0000] {subprocess.py:93} INFO - 26/03/25 16:18:38 INFO BlockManagerInfo: Removed broadcast_16_piece0 on 172.18.0.4:34973 in memory (size: 24.7 KiB, free: 432.4 MiB)
[2026-03-25T16:18:38.150+0000] {subprocess.py:93} INFO - 26/03/25 16:18:38 INFO BlockManagerInfo: Added broadcast_18_piece0 in memory on 172.18.0.4:34973 (size: 30.6 KiB, free: 432.4 MiB)
[2026-03-25T16:18:38.160+0000] {subprocess.py:93} INFO - 26/03/25 16:18:38 INFO MapOutputTrackerMasterEndpoint: Asked to send map output locations for shuffle 4 to 172.18.0.4:43196
[2026-03-25T16:18:38.208+0000] {subprocess.py:93} INFO - 26/03/25 16:18:38 INFO TaskSetManager: Finished task 0.0 in stage 21.0 (TID 25) in 74 ms on 172.18.0.4 (executor 0) (1/1)
[2026-03-25T16:18:38.209+0000] {subprocess.py:93} INFO - 26/03/25 16:18:38 INFO TaskSchedulerImpl: Removed TaskSet 21.0, whose tasks have all completed, from pool
[2026-03-25T16:18:38.210+0000] {subprocess.py:93} INFO - 26/03/25 16:18:38 INFO DAGScheduler: ResultStage 21 (parquet at NativeMethodAccessorImpl.java:0) finished in 0.086 s
[2026-03-25T16:18:38.210+0000] {subprocess.py:93} INFO - 26/03/25 16:18:38 INFO DAGScheduler: Job 13 is finished. Cancelling potential speculative or zombie tasks for this job
[2026-03-25T16:18:38.211+0000] {subprocess.py:93} INFO - 26/03/25 16:18:38 INFO TaskSchedulerImpl: Killing all running tasks in stage 21: Stage finished
[2026-03-25T16:18:38.211+0000] {subprocess.py:93} INFO - 26/03/25 16:18:38 INFO DAGScheduler: Job 13 finished: parquet at NativeMethodAccessorImpl.java:0, took 0.089820 s
[2026-03-25T16:18:38.214+0000] {subprocess.py:93} INFO - 26/03/25 16:18:38 INFO DAGScheduler: Registering RDD 44 (parquet at NativeMethodAccessorImpl.java:0) as input to shuffle 5
[2026-03-25T16:18:38.214+0000] {subprocess.py:93} INFO - 26/03/25 16:18:38 INFO DAGScheduler: Got map stage job 14 (parquet at NativeMethodAccessorImpl.java:0) with 1 output partitions
[2026-03-25T16:18:38.215+0000] {subprocess.py:93} INFO - 26/03/25 16:18:38 INFO DAGScheduler: Final stage: ShuffleMapStage 24 (parquet at NativeMethodAccessorImpl.java:0)
[2026-03-25T16:18:38.215+0000] {subprocess.py:93} INFO - 26/03/25 16:18:38 INFO DAGScheduler: Parents of final stage: List(ShuffleMapStage 23)
[2026-03-25T16:18:38.216+0000] {subprocess.py:93} INFO - 26/03/25 16:18:38 INFO DAGScheduler: Missing parents: List()
[2026-03-25T16:18:38.216+0000] {subprocess.py:93} INFO - 26/03/25 16:18:38 INFO DAGScheduler: Submitting ShuffleMapStage 24 (MapPartitionsRDD[44] at parquet at NativeMethodAccessorImpl.java:0), which has no missing parents
[2026-03-25T16:18:38.220+0000] {subprocess.py:93} INFO - 26/03/25 16:18:38 INFO MemoryStore: Block broadcast_19 stored as values in memory (estimated size 74.3 KiB, free 431.6 MiB)
[2026-03-25T16:18:38.222+0000] {subprocess.py:93} INFO - 26/03/25 16:18:38 INFO MemoryStore: Block broadcast_19_piece0 stored as bytes in memory (estimated size 30.7 KiB, free 431.6 MiB)
[2026-03-25T16:18:38.223+0000] {subprocess.py:93} INFO - 26/03/25 16:18:38 INFO BlockManagerInfo: Added broadcast_19_piece0 in memory on 58f7d80760c1:46177 (size: 30.7 KiB, free: 432.3 MiB)
[2026-03-25T16:18:38.223+0000] {subprocess.py:93} INFO - 26/03/25 16:18:38 INFO SparkContext: Created broadcast 19 from broadcast at DAGScheduler.scala:1611
[2026-03-25T16:18:38.224+0000] {subprocess.py:93} INFO - 26/03/25 16:18:38 INFO DAGScheduler: Submitting 1 missing tasks from ShuffleMapStage 24 (MapPartitionsRDD[44] at parquet at NativeMethodAccessorImpl.java:0) (first 15 tasks are for partitions Vector(0))
[2026-03-25T16:18:38.225+0000] {subprocess.py:93} INFO - 26/03/25 16:18:38 INFO TaskSchedulerImpl: Adding task set 24.0 with 1 tasks resource profile 0
[2026-03-25T16:18:38.226+0000] {subprocess.py:93} INFO - 26/03/25 16:18:38 INFO TaskSetManager: Starting task 0.0 in stage 24.0 (TID 26) (172.18.0.4, executor 0, partition 0, NODE_LOCAL, 8992 bytes)
[2026-03-25T16:18:38.240+0000] {subprocess.py:93} INFO - 26/03/25 16:18:38 INFO BlockManagerInfo: Added broadcast_19_piece0 in memory on 172.18.0.4:34973 (size: 30.7 KiB, free: 432.3 MiB)
[2026-03-25T16:18:38.279+0000] {subprocess.py:93} INFO - 26/03/25 16:18:38 INFO TaskSetManager: Finished task 0.0 in stage 24.0 (TID 26) in 53 ms on 172.18.0.4 (executor 0) (1/1)
[2026-03-25T16:18:38.283+0000] {subprocess.py:93} INFO - 26/03/25 16:18:38 INFO TaskSchedulerImpl: Removed TaskSet 24.0, whose tasks have all completed, from pool
[2026-03-25T16:18:38.284+0000] {subprocess.py:93} INFO - 26/03/25 16:18:38 INFO DAGScheduler: ShuffleMapStage 24 (parquet at NativeMethodAccessorImpl.java:0) finished in 0.064 s
[2026-03-25T16:18:38.285+0000] {subprocess.py:93} INFO - 26/03/25 16:18:38 INFO DAGScheduler: looking for newly runnable stages
[2026-03-25T16:18:38.285+0000] {subprocess.py:93} INFO - 26/03/25 16:18:38 INFO DAGScheduler: running: Set()
[2026-03-25T16:18:38.286+0000] {subprocess.py:93} INFO - 26/03/25 16:18:38 INFO DAGScheduler: waiting: Set()
[2026-03-25T16:18:38.286+0000] {subprocess.py:93} INFO - 26/03/25 16:18:38 INFO DAGScheduler: failed: Set()
[2026-03-25T16:18:38.287+0000] {subprocess.py:93} INFO - 26/03/25 16:18:38 INFO ShufflePartitionsUtil: For shuffle(5), advisory target size: 67108864, actual target size 1048576, minimum partition size: 1048576
[2026-03-25T16:18:38.332+0000] {subprocess.py:93} INFO - 26/03/25 16:18:38 INFO ParquetUtils: Using default output committer for Parquet: org.apache.parquet.hadoop.ParquetOutputCommitter
[2026-03-25T16:18:38.333+0000] {subprocess.py:93} INFO - 26/03/25 16:18:38 INFO FileOutputCommitter: File Output Committer Algorithm version is 1
[2026-03-25T16:18:38.334+0000] {subprocess.py:93} INFO - 26/03/25 16:18:38 INFO FileOutputCommitter: FileOutputCommitter skip cleanup _temporary folders under output directory:false, ignore cleanup failures: false
[2026-03-25T16:18:38.334+0000] {subprocess.py:93} INFO - 26/03/25 16:18:38 INFO SQLHadoopMapReduceCommitProtocol: Using user defined output committer class org.apache.parquet.hadoop.ParquetOutputCommitter
[2026-03-25T16:18:38.334+0000] {subprocess.py:93} INFO - 26/03/25 16:18:38 INFO FileOutputCommitter: File Output Committer Algorithm version is 1
[2026-03-25T16:18:38.335+0000] {subprocess.py:93} INFO - 26/03/25 16:18:38 INFO FileOutputCommitter: FileOutputCommitter skip cleanup _temporary folders under output directory:false, ignore cleanup failures: false
[2026-03-25T16:18:38.335+0000] {subprocess.py:93} INFO - 26/03/25 16:18:38 INFO SQLHadoopMapReduceCommitProtocol: Using output committer class org.apache.parquet.hadoop.ParquetOutputCommitter
[2026-03-25T16:18:38.371+0000] {subprocess.py:93} INFO - 26/03/25 16:18:38 INFO CodeGenerator: Code generated in 6.603483 ms
[2026-03-25T16:18:38.376+0000] {subprocess.py:93} INFO - 26/03/25 16:18:38 INFO SparkContext: Starting job: parquet at NativeMethodAccessorImpl.java:0
[2026-03-25T16:18:38.377+0000] {subprocess.py:93} INFO - 26/03/25 16:18:38 INFO DAGScheduler: Got job 15 (parquet at NativeMethodAccessorImpl.java:0) with 1 output partitions
[2026-03-25T16:18:38.378+0000] {subprocess.py:93} INFO - 26/03/25 16:18:38 INFO DAGScheduler: Final stage: ResultStage 28 (parquet at NativeMethodAccessorImpl.java:0)
[2026-03-25T16:18:38.378+0000] {subprocess.py:93} INFO - 26/03/25 16:18:38 INFO DAGScheduler: Parents of final stage: List(ShuffleMapStage 27)
[2026-03-25T16:18:38.379+0000] {subprocess.py:93} INFO - 26/03/25 16:18:38 INFO DAGScheduler: Missing parents: List()
[2026-03-25T16:18:38.379+0000] {subprocess.py:93} INFO - 26/03/25 16:18:38 INFO DAGScheduler: Submitting ResultStage 28 (MapPartitionsRDD[47] at parquet at NativeMethodAccessorImpl.java:0), which has no missing parents
[2026-03-25T16:18:38.390+0000] {subprocess.py:93} INFO - 26/03/25 16:18:38 INFO MemoryStore: Block broadcast_20 stored as values in memory (estimated size 266.3 KiB, free 431.4 MiB)
[2026-03-25T16:18:38.391+0000] {subprocess.py:93} INFO - 26/03/25 16:18:38 INFO MemoryStore: Block broadcast_20_piece0 stored as bytes in memory (estimated size 97.8 KiB, free 431.3 MiB)
[2026-03-25T16:18:38.392+0000] {subprocess.py:93} INFO - 26/03/25 16:18:38 INFO BlockManagerInfo: Added broadcast_20_piece0 in memory on 58f7d80760c1:46177 (size: 97.8 KiB, free: 432.3 MiB)
[2026-03-25T16:18:38.393+0000] {subprocess.py:93} INFO - 26/03/25 16:18:38 INFO SparkContext: Created broadcast 20 from broadcast at DAGScheduler.scala:1611
[2026-03-25T16:18:38.393+0000] {subprocess.py:93} INFO - 26/03/25 16:18:38 INFO DAGScheduler: Submitting 1 missing tasks from ResultStage 28 (MapPartitionsRDD[47] at parquet at NativeMethodAccessorImpl.java:0) (first 15 tasks are for partitions Vector(0))
[2026-03-25T16:18:38.393+0000] {subprocess.py:93} INFO - 26/03/25 16:18:38 INFO TaskSchedulerImpl: Adding task set 28.0 with 1 tasks resource profile 0
[2026-03-25T16:18:38.396+0000] {subprocess.py:93} INFO - 26/03/25 16:18:38 INFO TaskSetManager: Starting task 0.0 in stage 28.0 (TID 27) (172.18.0.4, executor 0, partition 0, NODE_LOCAL, 9003 bytes)
[2026-03-25T16:18:38.409+0000] {subprocess.py:93} INFO - 26/03/25 16:18:38 INFO BlockManagerInfo: Added broadcast_20_piece0 in memory on 172.18.0.4:34973 (size: 97.8 KiB, free: 432.3 MiB)
[2026-03-25T16:18:38.423+0000] {subprocess.py:93} INFO - 26/03/25 16:18:38 INFO MapOutputTrackerMasterEndpoint: Asked to send map output locations for shuffle 5 to 172.18.0.4:43196
[2026-03-25T16:18:38.600+0000] {subprocess.py:93} INFO - 26/03/25 16:18:38 INFO TaskSetManager: Finished task 0.0 in stage 28.0 (TID 27) in 204 ms on 172.18.0.4 (executor 0) (1/1)
[2026-03-25T16:18:38.601+0000] {subprocess.py:93} INFO - 26/03/25 16:18:38 INFO TaskSchedulerImpl: Removed TaskSet 28.0, whose tasks have all completed, from pool
[2026-03-25T16:18:38.601+0000] {subprocess.py:93} INFO - 26/03/25 16:18:38 INFO DAGScheduler: ResultStage 28 (parquet at NativeMethodAccessorImpl.java:0) finished in 0.221 s
[2026-03-25T16:18:38.601+0000] {subprocess.py:93} INFO - 26/03/25 16:18:38 INFO DAGScheduler: Job 15 is finished. Cancelling potential speculative or zombie tasks for this job
[2026-03-25T16:18:38.602+0000] {subprocess.py:93} INFO - 26/03/25 16:18:38 INFO TaskSchedulerImpl: Killing all running tasks in stage 28: Stage finished
[2026-03-25T16:18:38.602+0000] {subprocess.py:93} INFO - 26/03/25 16:18:38 INFO DAGScheduler: Job 15 finished: parquet at NativeMethodAccessorImpl.java:0, took 0.224552 s
[2026-03-25T16:18:38.602+0000] {subprocess.py:93} INFO - 26/03/25 16:18:38 INFO FileFormatWriter: Start to commit write Job 728398ee-c7e8-4570-8942-1b8477f145a2.
[2026-03-25T16:18:38.723+0000] {subprocess.py:93} INFO - 26/03/25 16:18:38 INFO FileFormatWriter: Write Job 728398ee-c7e8-4570-8942-1b8477f145a2 committed. Elapsed time: 121 ms.
[2026-03-25T16:18:38.723+0000] {subprocess.py:93} INFO - 26/03/25 16:18:38 INFO FileFormatWriter: Finished processing stats for write job 728398ee-c7e8-4570-8942-1b8477f145a2.
[2026-03-25T16:18:38.723+0000] {subprocess.py:93} INFO - Category performance analytics written.
[2026-03-25T16:18:38.724+0000] {subprocess.py:93} INFO - 26/03/25 16:18:38 INFO SparkContext: SparkContext is stopping with exitCode 0.
[2026-03-25T16:18:38.732+0000] {subprocess.py:93} INFO - 26/03/25 16:18:38 INFO SparkUI: Stopped Spark web UI at http://58f7d80760c1:4040
[2026-03-25T16:18:38.734+0000] {subprocess.py:93} INFO - 26/03/25 16:18:38 INFO StandaloneSchedulerBackend: Shutting down all executors
[2026-03-25T16:18:38.735+0000] {subprocess.py:93} INFO - 26/03/25 16:18:38 INFO StandaloneSchedulerBackend$StandaloneDriverEndpoint: Asking each executor to shut down
[2026-03-25T16:18:38.745+0000] {subprocess.py:93} INFO - 26/03/25 16:18:38 INFO MapOutputTrackerMasterEndpoint: MapOutputTrackerMasterEndpoint stopped!
[2026-03-25T16:18:38.757+0000] {subprocess.py:93} INFO - 26/03/25 16:18:38 INFO MemoryStore: MemoryStore cleared
[2026-03-25T16:18:38.758+0000] {subprocess.py:93} INFO - 26/03/25 16:18:38 INFO BlockManager: BlockManager stopped
[2026-03-25T16:18:38.764+0000] {subprocess.py:93} INFO - 26/03/25 16:18:38 INFO BlockManagerMaster: BlockManagerMaster stopped
[2026-03-25T16:18:38.765+0000] {subprocess.py:93} INFO - 26/03/25 16:18:38 INFO OutputCommitCoordinator$OutputCommitCoordinatorEndpoint: OutputCommitCoordinator stopped!
[2026-03-25T16:18:38.773+0000] {subprocess.py:93} INFO - 26/03/25 16:18:38 INFO SparkContext: Successfully stopped SparkContext
[2026-03-25T16:18:38.816+0000] {subprocess.py:93} INFO - 26/03/25 16:18:38 INFO ShutdownHookManager: Shutdown hook called
[2026-03-25T16:18:38.817+0000] {subprocess.py:93} INFO - 26/03/25 16:18:38 INFO ShutdownHookManager: Deleting directory /tmp/spark-9fae90c8-70b8-448a-9d5d-c1808663fbdd
[2026-03-25T16:18:38.819+0000] {subprocess.py:93} INFO - 26/03/25 16:18:38 INFO ShutdownHookManager: Deleting directory /tmp/spark-9fae90c8-70b8-448a-9d5d-c1808663fbdd/pyspark-3f0e2bda-33c1-4ab5-86c5-e67d27f7632c
[2026-03-25T16:18:38.821+0000] {subprocess.py:93} INFO - 26/03/25 16:18:38 INFO ShutdownHookManager: Deleting directory /tmp/spark-c8e7882a-557c-4be8-9f72-0b09e672ba5c
[2026-03-25T16:18:38.884+0000] {subprocess.py:97} INFO - Command exited with return code 0
[2026-03-25T16:18:38.885+0000] {taskinstance.py:441} INFO - ::group::Post task execution logs
[2026-03-25T16:18:38.903+0000] {taskinstance.py:1205} INFO - Marking task as SUCCESS. dag_id=etl_spark_pipeline, task_id=spark_analytics, execution_date=20260325T161540, start_date=20260325T161826, end_date=20260325T161838
[2026-03-25T16:18:38.925+0000] {local_task_job_runner.py:240} INFO - Task exited with return code 0
[2026-03-25T16:18:38.937+0000] {taskinstance.py:3482} INFO - 0 downstream tasks scheduled from follow-on schedule check
[2026-03-25T16:18:38.938+0000] {local_task_job_runner.py:222} INFO - ::endgroup::
