[2026-03-24T19:07:56.138+0000] {local_task_job_runner.py:120} INFO - ::group::Pre task execution logs
[2026-03-24T19:07:56.189+0000] {taskinstance.py:2073} INFO - Dependencies all met for dep_context=non-requeueable deps ti=<TaskInstance: etl_spark_pipeline.spark_cleanse_suppliers manual__2026-03-24T19:00:31.982886+00:00 [queued]>
[2026-03-24T19:07:56.203+0000] {taskinstance.py:2073} INFO - Dependencies all met for dep_context=requeueable deps ti=<TaskInstance: etl_spark_pipeline.spark_cleanse_suppliers manual__2026-03-24T19:00:31.982886+00:00 [queued]>
[2026-03-24T19:07:56.205+0000] {taskinstance.py:2303} INFO - Starting attempt 2 of 2
[2026-03-24T19:07:56.229+0000] {taskinstance.py:2327} INFO - Executing <Task(BashOperator): spark_cleanse_suppliers> on 2026-03-24 19:00:31.982886+00:00
[2026-03-24T19:07:56.250+0000] {standard_task_runner.py:90} INFO - Running: ['airflow', 'tasks', 'run', 'etl_spark_pipeline', 'spark_cleanse_suppliers', 'manual__2026-03-24T19:00:31.982886+00:00', '--job-id', '48', '--raw', '--subdir', 'DAGS_FOLDER/etl_spark_pipeline.py', '--cfg-path', '/tmp/tmpx21e5oxy']
[2026-03-24T19:07:56.254+0000] {logging_mixin.py:188} WARNING - /home/airflow/.local/lib/python3.12/site-packages/airflow/task/task_runner/standard_task_runner.py:61 DeprecationWarning: This process (pid=688) is multi-threaded, use of fork() may lead to deadlocks in the child.
[2026-03-24T19:07:56.254+0000] {standard_task_runner.py:91} INFO - Job 48: Subtask spark_cleanse_suppliers
[2026-03-24T19:07:56.255+0000] {standard_task_runner.py:63} INFO - Started process 694 to run task
[2026-03-24T19:07:56.340+0000] {task_command.py:426} INFO - Running <TaskInstance: etl_spark_pipeline.spark_cleanse_suppliers manual__2026-03-24T19:00:31.982886+00:00 [running]> on host 2006b063b9a3
[2026-03-24T19:07:56.470+0000] {taskinstance.py:2644} INFO - Exporting env vars: AIRFLOW_CTX_DAG_OWNER='tori' AIRFLOW_CTX_DAG_ID='etl_spark_pipeline' AIRFLOW_CTX_TASK_ID='spark_cleanse_suppliers' AIRFLOW_CTX_EXECUTION_DATE='2026-03-24T19:00:31.982886+00:00' AIRFLOW_CTX_TRY_NUMBER='2' AIRFLOW_CTX_DAG_RUN_ID='manual__2026-03-24T19:00:31.982886+00:00'
[2026-03-24T19:07:56.471+0000] {taskinstance.py:430} INFO - ::endgroup::
[2026-03-24T19:07:56.492+0000] {subprocess.py:63} INFO - Tmp dir root location: /tmp
[2026-03-24T19:07:56.494+0000] {subprocess.py:75} INFO - Running command: ['/usr/bin/bash', '-c', 'docker exec spark_master /opt/spark/bin/spark-submit /opt/spark/jobs/spark_cleanse.py suppliers /opt/spark/data/raw/suppliers.csv /opt/spark/data/cleaned/suppliers']
[2026-03-24T19:07:56.516+0000] {subprocess.py:86} INFO - Output:
[2026-03-24T19:07:59.393+0000] {subprocess.py:93} INFO - Traceback (most recent call last):
[2026-03-24T19:07:59.394+0000] {subprocess.py:93} INFO -   File "/opt/spark/jobs/spark_cleanse.py", line 4, in <module>
[2026-03-24T19:07:59.394+0000] {subprocess.py:93} INFO -     from scripts.spark_utils import get_spark_session
[2026-03-24T19:07:59.394+0000] {subprocess.py:93} INFO - ModuleNotFoundError: No module named 'scripts'
[2026-03-24T19:07:59.427+0000] {subprocess.py:93} INFO - 26/03/24 19:07:59 INFO ShutdownHookManager: Shutdown hook called
[2026-03-24T19:07:59.436+0000] {subprocess.py:93} INFO - 26/03/24 19:07:59 INFO ShutdownHookManager: Deleting directory /tmp/spark-350ce685-82fb-4a1d-8e9d-3b407c37c523
[2026-03-24T19:07:59.475+0000] {subprocess.py:97} INFO - Command exited with return code 1
[2026-03-24T19:07:59.476+0000] {taskinstance.py:441} INFO - ::group::Post task execution logs
[2026-03-24T19:07:59.484+0000] {taskinstance.py:2890} ERROR - Task failed with exception
Traceback (most recent call last):
  File "/home/airflow/.local/lib/python3.12/site-packages/airflow/models/taskinstance.py", line 465, in _execute_task
    result = _execute_callable(context=context, **execute_callable_kwargs)
             ^^^^^^^^^^^^^^^^^^^^^^^^^^^^^^^^^^^^^^^^^^^^^^^^^^^^^^^^^^^^^
  File "/home/airflow/.local/lib/python3.12/site-packages/airflow/models/taskinstance.py", line 432, in _execute_callable
    return execute_callable(context=context, **execute_callable_kwargs)
           ^^^^^^^^^^^^^^^^^^^^^^^^^^^^^^^^^^^^^^^^^^^^^^^^^^^^^^^^^^^^
  File "/home/airflow/.local/lib/python3.12/site-packages/airflow/models/baseoperator.py", line 400, in wrapper
    return func(self, *args, **kwargs)
           ^^^^^^^^^^^^^^^^^^^^^^^^^^^
  File "/home/airflow/.local/lib/python3.12/site-packages/airflow/operators/bash.py", line 243, in execute
    raise AirflowException(
airflow.exceptions.AirflowException: Bash command failed. The command returned a non-zero exit code 1.
[2026-03-24T19:07:59.488+0000] {taskinstance.py:1205} INFO - Marking task as FAILED. dag_id=etl_spark_pipeline, task_id=spark_cleanse_suppliers, execution_date=20260324T190031, start_date=20260324T190756, end_date=20260324T190759
[2026-03-24T19:07:59.501+0000] {standard_task_runner.py:110} ERROR - Failed to execute job 48 for task spark_cleanse_suppliers (Bash command failed. The command returned a non-zero exit code 1.; 694)
[2026-03-24T19:07:59.531+0000] {local_task_job_runner.py:240} INFO - Task exited with return code 1
[2026-03-24T19:07:59.548+0000] {taskinstance.py:3482} INFO - 0 downstream tasks scheduled from follow-on schedule check
[2026-03-24T19:07:59.551+0000] {local_task_job_runner.py:222} INFO - ::endgroup::
